<?xml version="1.0" encoding="utf-8"?>
<TestRun id="77bec1f2-1879-46d9-bcd5-d9319415ecc1" name="@Freebie 2025-09-17 21:48:36" xmlns="http://microsoft.com/schemas/VisualStudio/TeamTest/2010">
  <Times creation="2025-09-17T21:48:36.8075411-07:00" queuing="2025-09-17T21:48:36.8075414-07:00" start="2025-09-17T21:48:35.0326517-07:00" finish="2025-09-17T21:48:41.0423363-07:00" />
  <TestSettings name="default" id="ea2c048d-9197-4756-9688-f4c9216f539f">
    <Deployment runDeploymentRoot="_Freebie_2025-09-17_21_48_36" />
  </TestSettings>
  <Results>
    <UnitTestResult executionId="5456b321-a6c0-413e-a6a9-681e8e096c3c" testId="38c91156-aef3-bf54-2d13-38986ecc31ed" testName="EpisodeIdentifier.Tests.Integration.SrtWorkflowTests.FormatHandlers_CreatedCorrectly_SupportExpectedFormats" computerName="Freebie" duration="00:00:00.0368502" startTime="2025-09-17T21:48:37.2822562-07:00" endTime="2025-09-17T21:48:37.2822565-07:00" testType="13cdc9d9-ddb5-4fa4-a97d-d965ccfc6d4b" outcome="Passed" testListId="8c84fa94-04c1-424b-9868-57a2d4851a1d" relativeResultsDirectory="5456b321-a6c0-413e-a6a9-681e8e096c3c" />
    <UnitTestResult executionId="bb9c36ad-2617-48a1-83ea-2997677ab833" testId="90f7981f-a1fe-3efa-4e49-62d7a6bf2d77" testName="EpisodeIdentifier.Tests.Integration.FuzzyHashWorkflowTests.FuzzyHashWorkflow_WithMultipleFiles_ProcessesEfficiently" computerName="Freebie" duration="00:00:00.4492236" startTime="2025-09-17T21:48:38.8020570-07:00" endTime="2025-09-17T21:48:38.8020574-07:00" testType="13cdc9d9-ddb5-4fa4-a97d-d965ccfc6d4b" outcome="Passed" testListId="8c84fa94-04c1-424b-9868-57a2d4851a1d" relativeResultsDirectory="bb9c36ad-2617-48a1-83ea-2997677ab833" />
    <UnitTestResult executionId="44afdaf4-d869-48df-9587-b09851517290" testId="0e02b3b2-ae6b-c16f-f907-8e495efa462a" testName="EpisodeIdentifier.Tests.Integration.ConfigHotReloadTests.HotReload_WithInvalidConfigChanges_FallsBackToPreviousConfig" computerName="Freebie" duration="00:00:00.2381067" startTime="2025-09-17T21:48:38.2348885-07:00" endTime="2025-09-17T21:48:38.2348887-07:00" testType="13cdc9d9-ddb5-4fa4-a97d-d965ccfc6d4b" outcome="Passed" testListId="8c84fa94-04c1-424b-9868-57a2d4851a1d" relativeResultsDirectory="44afdaf4-d869-48df-9587-b09851517290" />
    <UnitTestResult executionId="2c89b26d-4a57-416f-b879-046282ed9d1c" testId="d087c2ab-d4f4-1161-9d62-789738a44390" testName="EpisodeIdentifier.Tests.Integration.ConfigurationLoadingTests.LoadConfiguration_WithMissingConfigFile_UsesDefaults" computerName="Freebie" duration="00:00:00.0126150" startTime="2025-09-17T21:48:37.6408098-07:00" endTime="2025-09-17T21:48:37.6408100-07:00" testType="13cdc9d9-ddb5-4fa4-a97d-d965ccfc6d4b" outcome="Passed" testListId="8c84fa94-04c1-424b-9868-57a2d4851a1d" relativeResultsDirectory="2c89b26d-4a57-416f-b879-046282ed9d1c" />
    <UnitTestResult executionId="3af10265-9a3f-4579-8671-e5cc75fbda49" testId="de74a8a4-b9f4-4de4-4ca9-8a43b2adc47e" testName="EpisodeIdentifier.Tests.Integration.ErrorHandlingConcurrentIntegrationTests.ConcurrentProcessing_ConfigurationErrors_ShouldFallbackGracefully" computerName="Freebie" duration="00:00:00.2898641" startTime="2025-09-17T21:48:38.6598148-07:00" endTime="2025-09-17T21:48:38.6598149-07:00" testType="13cdc9d9-ddb5-4fa4-a97d-d965ccfc6d4b" outcome="Passed" testListId="8c84fa94-04c1-424b-9868-57a2d4851a1d" relativeResultsDirectory="3af10265-9a3f-4579-8671-e5cc75fbda49">
      <Output>
        <StdOut>[Information] EpisodeIdentifier.Core.Services.ConfigurationService: ConfigurationService initialized with path: /mnt/c/Users/Ragma/KnowShow_Specd/tests/integration/bin/Debug/net8.0/episodeidentifier.config.json
[Information] EpisodeIdentifier.Core.Services.ConfigurationService: ConfigurationService initialized with path: /mnt/c/Users/Ragma/KnowShow_Specd/tests/integration/bin/Debug/net8.0/episodeidentifier.config.json
[Information] EpisodeIdentifier.Core.Services.BulkProcessorService: Starting bulk processing for request 585ebb70-9fda-4a71-9cf2-8729acc8a2b4 with 3 paths
[Information] EpisodeIdentifier.Core.Services.ProgressTracker: Initializing progress tracker for request 585ebb70-9fda-4a71-9cf2-8729acc8a2b4 with 3 files
[Information] EpisodeIdentifier.Core.Services.FileDiscoveryService: Validating 3 paths
[Information] EpisodeIdentifier.Core.Services.FileDiscoveryService: Path validation completed: 3 accessible, 0 inaccessible
[Information] EpisodeIdentifier.Core.Services.FileDiscoveryService: Estimating file count for 3 paths
[Information] EpisodeIdentifier.Core.Services.FileDiscoveryService: Starting file discovery for 3 paths
[Information] EpisodeIdentifier.Core.Services.FileDiscoveryService: Estimated 3 files
[Information] EpisodeIdentifier.Core.Services.FileDiscoveryService: Starting file discovery for 3 paths
[Information] EpisodeIdentifier.Core.Services.BulkProcessorService: Discovered 3 files for request 585ebb70-9fda-4a71-9cf2-8729acc8a2b4
[Information] EpisodeIdentifier.Core.Services.BulkProcessorService: Starting batch processing: 3 files in 1 batches of 100 files each
[Information] EpisodeIdentifier.Core.Services.VideoFormatValidator: Validating AV1 encoding for /mnt/c/Users/Ragma/KnowShow_Specd/tests/integration/bin/Debug/net8.0/Test1.S01E01.mkv
[Warning] EpisodeIdentifier.Core.Services.VideoFormatValidator: ffprobe failed with exit code 1
[Information] EpisodeIdentifier.Core.Services.BulkProcessorService: Non-fatal identification error for /mnt/c/Users/Ragma/KnowShow_Specd/tests/integration/bin/Debug/net8.0/Test1.S01E01.mkv: UNSUPPORTED_FILE_TYPE - treating as processed in bulk mode
[Information] EpisodeIdentifier.Core.Services.VideoFormatValidator: Validating AV1 encoding for /mnt/c/Users/Ragma/KnowShow_Specd/tests/integration/bin/Debug/net8.0/Test2.S01E02.mkv
[Warning] EpisodeIdentifier.Core.Services.VideoFormatValidator: ffprobe failed with exit code 1
[Information] EpisodeIdentifier.Core.Services.BulkProcessorService: Non-fatal identification error for /mnt/c/Users/Ragma/KnowShow_Specd/tests/integration/bin/Debug/net8.0/Test2.S01E02.mkv: UNSUPPORTED_FILE_TYPE - treating as processed in bulk mode
[Information] EpisodeIdentifier.Core.Services.VideoFormatValidator: Validating AV1 encoding for /mnt/c/Users/Ragma/KnowShow_Specd/tests/integration/bin/Debug/net8.0/Test3.S01E03.mkv
[Warning] EpisodeIdentifier.Core.Services.VideoFormatValidator: ffprobe failed with exit code 1
[Information] EpisodeIdentifier.Core.Services.BulkProcessorService: Non-fatal identification error for /mnt/c/Users/Ragma/KnowShow_Specd/tests/integration/bin/Debug/net8.0/Test3.S01E03.mkv: UNSUPPORTED_FILE_TYPE - treating as processed in bulk mode
[Information] EpisodeIdentifier.Core.Services.BulkProcessorService: Batch processing statistics for request 585ebb70-9fda-4a71-9cf2-8729acc8a2b4: 1 batches (1 successful), 3 files processed in 200.7ms (avg 200.7ms per batch), total memory used: 3,153,144 bytes
[Information] EpisodeIdentifier.Core.Services.ProgressTracker: Marking request 585ebb70-9fda-4a71-9cf2-8729acc8a2b4 as completed with status Completed
[Information] EpisodeIdentifier.Core.Services.BulkProcessorService: Bulk processing completed for request 585ebb70-9fda-4a71-9cf2-8729acc8a2b4: Completed, 3 processed, 0 failed, 0 skipped in 00:00:00.2712913</StdOut>
      </Output>
    </UnitTestResult>
    <UnitTestResult executionId="dcbda00e-23a1-44f0-959d-5a8033723d68" testId="34e077cb-72a0-121b-fa85-682b27b08b18" testName="EpisodeIdentifier.Tests.Integration.FuzzyHashWorkflowTests.ComputeAndCompareFuzzyHashes_WithCompletelyDifferentFiles_ReturnsLowScore" computerName="Freebie" duration="00:00:00.3626638" startTime="2025-09-17T21:48:37.7646259-07:00" endTime="2025-09-17T21:48:37.7646260-07:00" testType="13cdc9d9-ddb5-4fa4-a97d-d965ccfc6d4b" outcome="Passed" testListId="8c84fa94-04c1-424b-9868-57a2d4851a1d" relativeResultsDirectory="dcbda00e-23a1-44f0-959d-5a8033723d68" />
    <UnitTestResult executionId="cb8d0f49-b934-4b51-947f-fbd7cc289a26" testId="99b8cf71-5e80-d565-34ed-071d803a8627" testName="EpisodeIdentifier.Tests.Integration.Services.FileDiscoveryServiceIntegrationTests.DiscoverFilesAsync_WithMixedFileTypes_ShouldRespectFilters" computerName="Freebie" duration="00:00:00.0088808" startTime="2025-09-17T21:48:37.4642116-07:00" endTime="2025-09-17T21:48:37.4642118-07:00" testType="13cdc9d9-ddb5-4fa4-a97d-d965ccfc6d4b" outcome="Passed" testListId="8c84fa94-04c1-424b-9868-57a2d4851a1d" relativeResultsDirectory="cb8d0f49-b934-4b51-947f-fbd7cc289a26" />
    <UnitTestResult executionId="882b22b6-2f64-434c-8c16-16f15d27d555" testId="c9f22686-4c36-f8bf-3fc2-27d27d3c1d21" testName="EpisodeIdentifier.Tests.Integration.FuzzyHashWorkflowTests.FuzzyHashWorkflow_WithConfiguredThreshold_AppliesCorrectMatching" computerName="Freebie" duration="00:00:00.3053504" startTime="2025-09-17T21:48:38.3524716-07:00" endTime="2025-09-17T21:48:38.3524717-07:00" testType="13cdc9d9-ddb5-4fa4-a97d-d965ccfc6d4b" outcome="Passed" testListId="8c84fa94-04c1-424b-9868-57a2d4851a1d" relativeResultsDirectory="882b22b6-2f64-434c-8c16-16f15d27d555" />
    <UnitTestResult executionId="21f0e57f-12f9-4496-936f-28470afbe421" testId="7d86f403-82a6-ef63-7078-a37047ef1e1b" testName="EpisodeIdentifier.Tests.Integration.AssWorkflowTests.TextSubtitleExtractor_WithNonexistentFile_HandlesGracefully" computerName="Freebie" duration="00:00:00.0855593" startTime="2025-09-17T21:48:37.1168966-07:00" endTime="2025-09-17T21:48:37.1168967-07:00" testType="13cdc9d9-ddb5-4fa4-a97d-d965ccfc6d4b" outcome="Passed" testListId="8c84fa94-04c1-424b-9868-57a2d4851a1d" relativeResultsDirectory="21f0e57f-12f9-4496-936f-28470afbe421" />
    <UnitTestResult executionId="fa952988-94a8-47c6-bff1-d74ecdda1615" testId="71a3a765-e7b0-8e13-ddca-621a73e27194" testName="EpisodeIdentifier.Tests.Integration.SrtWorkflowTests.SubtitleMatcher_WithTestContent_ReturnsResult" computerName="Freebie" duration="00:00:00.0321881" startTime="2025-09-17T21:48:37.1892638-07:00" endTime="2025-09-17T21:48:37.1892639-07:00" testType="13cdc9d9-ddb5-4fa4-a97d-d965ccfc6d4b" outcome="Passed" testListId="8c84fa94-04c1-424b-9868-57a2d4851a1d" relativeResultsDirectory="fa952988-94a8-47c6-bff1-d74ecdda1615" />
    <UnitTestResult executionId="c9b8ce17-3ff5-431a-af5b-840ec778d72f" testId="67f75f42-11b1-0c06-4087-c970c5437b25" testName="EpisodeIdentifier.Tests.Integration.AssWorkflowTests.FormatHandlers_CreatedCorrectly_SupportExpectedFormats" computerName="Freebie" duration="00:00:00.0198092" startTime="2025-09-17T21:48:37.2337376-07:00" endTime="2025-09-17T21:48:37.2337377-07:00" testType="13cdc9d9-ddb5-4fa4-a97d-d965ccfc6d4b" outcome="Passed" testListId="8c84fa94-04c1-424b-9868-57a2d4851a1d" relativeResultsDirectory="c9b8ce17-3ff5-431a-af5b-840ec778d72f" />
    <UnitTestResult executionId="7e8efdf1-d9f3-48f2-95ef-3dd2cadee817" testId="305e0bc9-0850-8225-2152-dc0a2c38f8de" testName="EpisodeIdentifier.Tests.Integration.ConfigurationIntegrationTests.LoadConfiguration_WithPartialBulkProcessingConfig_ShouldUseDefaults" computerName="Freebie" duration="00:00:00.0126052" startTime="2025-09-17T21:48:37.2402043-07:00" endTime="2025-09-17T21:48:37.2402044-07:00" testType="13cdc9d9-ddb5-4fa4-a97d-d965ccfc6d4b" outcome="Passed" testListId="8c84fa94-04c1-424b-9868-57a2d4851a1d" relativeResultsDirectory="7e8efdf1-d9f3-48f2-95ef-3dd2cadee817" />
    <UnitTestResult executionId="e32fde4a-de44-4a7a-8fa0-6ad4ae22bbfa" testId="a5f17046-031a-ba95-030c-b89bce4f7332" testName="EpisodeIdentifier.Tests.Integration.ConfigurationIntegrationTests.ValidateConfiguration_WithEdgeCaseValues_ShouldHandleCorrectly" computerName="Freebie" duration="00:00:00.0188470" startTime="2025-09-17T21:48:37.2596757-07:00" endTime="2025-09-17T21:48:37.2596759-07:00" testType="13cdc9d9-ddb5-4fa4-a97d-d965ccfc6d4b" outcome="Passed" testListId="8c84fa94-04c1-424b-9868-57a2d4851a1d" relativeResultsDirectory="e32fde4a-de44-4a7a-8fa0-6ad4ae22bbfa" />
    <UnitTestResult executionId="2017f6dd-8545-4daf-ade8-791dbd111fce" testId="65547512-d94b-765f-7445-74c3016ba1b7" testName="EpisodeIdentifier.Tests.Integration.EndToEndIdentificationTests.ProcessVideo_WithNonexistentFile_ReturnsError" computerName="Freebie" duration="00:00:00.0602930" startTime="2025-09-17T21:48:37.5999166-07:00" endTime="2025-09-17T21:48:37.5999168-07:00" testType="13cdc9d9-ddb5-4fa4-a97d-d965ccfc6d4b" outcome="Passed" testListId="8c84fa94-04c1-424b-9868-57a2d4851a1d" relativeResultsDirectory="2017f6dd-8545-4daf-ade8-791dbd111fce" />
    <UnitTestResult executionId="49ccd784-8162-4ace-b2c6-051c511382c0" testId="fef781f3-7303-140f-953b-e80713ae540d" testName="EpisodeIdentifier.Tests.Integration.SingleFileProcessingIntegrationTests.ProcessSingleFile_FilenamePatternMatching_ShouldRespectConfiguration(filename: &quot;S01E01.mkv&quot;, shouldMatch: True)" computerName="Freebie" duration="00:00:00.1705901" startTime="2025-09-17T21:48:37.8077657-07:00" endTime="2025-09-17T21:48:37.8077657-07:00" testType="13cdc9d9-ddb5-4fa4-a97d-d965ccfc6d4b" outcome="Passed" testListId="8c84fa94-04c1-424b-9868-57a2d4851a1d" relativeResultsDirectory="49ccd784-8162-4ace-b2c6-051c511382c0">
      <Output>
        <StdOut>[Information] EpisodeIdentifier.Core.Services.ConfigurationService: ConfigurationService initialized with path: /mnt/c/Users/Ragma/KnowShow_Specd/tests/integration/bin/Debug/net8.0/episodeidentifier.config.json
[Information] EpisodeIdentifier.Core.Services.ConfigurationService: ConfigurationService initialized with path: /mnt/c/Users/Ragma/KnowShow_Specd/tests/integration/bin/Debug/net8.0/episodeidentifier.config.json
[Information] EpisodeIdentifier.Core.Services.ConfigurationService: Starting configuration load operation bac33848 from /mnt/c/Users/Ragma/KnowShow_Specd/tests/integration/bin/Debug/net8.0/episodeidentifier.config.json
[Warning] EpisodeIdentifier.Core.Services.ConfigurationService: Strict JSON parsing failed, attempting lenient legacy parse - Operation: bac33848, Path: /mnt/c/Users/Ragma/KnowShow_Specd/tests/integration/bin/Debug/net8.0/episodeidentifier.config.json, Error: The JSON value could not be converted to EpisodeIdentifier.Core.Models.Configuration.FilenamePatterns. Path: $.FilenamePatterns | LineNumber: 7 | BytePositionInLine: 25.
[Information] EpisodeIdentifier.Core.Services.ConfigurationService: Configuration parsed using lenient legacy parser - Operation: bac33848
[Information] EpisodeIdentifier.Core.Services.ConfigurationService: Configuration validation successful - Operation: 7a6e6567-25ac-4a58-8ea9-e9dbe2de9fe9, Duration: 0ms, ValidationRules: ConfigurationValidator
[Information] EpisodeIdentifier.Core.Services.ConfigurationService: Configuration loaded successfully - Operation: bac33848, Path: /mnt/c/Users/Ragma/KnowShow_Specd/tests/integration/bin/Debug/net8.0/episodeidentifier.config.json, Duration: 4ms, Version: 2.0, HashingAlgorithm: CTPH, MatchThreshold: 80.0 %, RenameThreshold: 85.0 %, FuzzyHashThreshold: 75, MaxConcurrency: 1
[Information] EpisodeIdentifier.Core.Services.BulkProcessorService: Starting bulk processing for request 7cfa0c39-8d89-43a3-a3f2-1184f10f1d69 with 1 paths
[Information] EpisodeIdentifier.Core.Services.ProgressTracker: Initializing progress tracker for request 7cfa0c39-8d89-43a3-a3f2-1184f10f1d69 with 1 files
[Information] EpisodeIdentifier.Core.Services.FileDiscoveryService: Validating 1 paths
[Information] EpisodeIdentifier.Core.Services.FileDiscoveryService: Path validation completed: 1 accessible, 0 inaccessible
[Information] EpisodeIdentifier.Core.Services.FileDiscoveryService: Estimating file count for 1 paths
[Information] EpisodeIdentifier.Core.Services.FileDiscoveryService: Starting file discovery for 1 paths
[Information] EpisodeIdentifier.Core.Services.FileDiscoveryService: Estimated 1 files
[Information] EpisodeIdentifier.Core.Services.FileDiscoveryService: Starting file discovery for 1 paths
[Information] EpisodeIdentifier.Core.Services.BulkProcessorService: Discovered 1 files for request 7cfa0c39-8d89-43a3-a3f2-1184f10f1d69
[Information] EpisodeIdentifier.Core.Services.BulkProcessorService: Starting batch processing: 1 files in 1 batches of 100 files each
[Information] EpisodeIdentifier.Core.Services.VideoFormatValidator: Validating AV1 encoding for /mnt/c/Users/Ragma/KnowShow_Specd/tests/integration/bin/Debug/net8.0/S01E01.mkv
[Warning] EpisodeIdentifier.Core.Services.VideoFormatValidator: ffprobe failed with exit code 1
[Information] EpisodeIdentifier.Core.Services.BulkProcessorService: Non-fatal identification error for /mnt/c/Users/Ragma/KnowShow_Specd/tests/integration/bin/Debug/net8.0/S01E01.mkv: UNSUPPORTED_FILE_TYPE - treating as processed in bulk mode
[Information] EpisodeIdentifier.Core.Services.BulkProcessorService: Batch processing statistics for request 7cfa0c39-8d89-43a3-a3f2-1184f10f1d69: 1 batches (1 successful), 1 files processed in 84.5ms (avg 84.5ms per batch), total memory used: 1,247,776 bytes
[Information] EpisodeIdentifier.Core.Services.ProgressTracker: Marking request 7cfa0c39-8d89-43a3-a3f2-1184f10f1d69 as completed with status Completed
[Information] EpisodeIdentifier.Core.Services.BulkProcessorService: Bulk processing completed for request 7cfa0c39-8d89-43a3-a3f2-1184f10f1d69: Completed, 1 processed, 0 failed, 0 skipped in 00:00:00.1506261</StdOut>
      </Output>
    </UnitTestResult>
    <UnitTestResult executionId="a0c77cad-7d42-4a8d-80b9-38199d9316af" testId="f7f35e5c-a4c7-b3e5-488d-14f90645257c" testName="EpisodeIdentifier.Tests.Integration.VttWorkflowTests.WorkflowCoordinator_WithMultipleVttTracks_ProcessesCorrectly" computerName="Freebie" duration="00:00:00.2544724" startTime="2025-09-17T21:48:36.9543422-07:00" endTime="2025-09-17T21:48:36.9543423-07:00" testType="13cdc9d9-ddb5-4fa4-a97d-d965ccfc6d4b" outcome="Passed" testListId="8c84fa94-04c1-424b-9868-57a2d4851a1d" relativeResultsDirectory="a0c77cad-7d42-4a8d-80b9-38199d9316af" />
    <UnitTestResult executionId="07903dfc-14ed-4a9d-b29f-128266ef1152" testId="b30d4c38-5e2c-04f9-9a7b-07bdb5d83c47" testName="EpisodeIdentifier.Tests.Integration.ConfigurationLoadingTests.LoadConfiguration_WithInvalidJsonSyntax_ReturnsValidationErrors" computerName="Freebie" duration="00:00:00.1247121" startTime="2025-09-17T21:48:37.6296053-07:00" endTime="2025-09-17T21:48:37.6296054-07:00" testType="13cdc9d9-ddb5-4fa4-a97d-d965ccfc6d4b" outcome="Passed" testListId="8c84fa94-04c1-424b-9868-57a2d4851a1d" relativeResultsDirectory="07903dfc-14ed-4a9d-b29f-128266ef1152" />
    <UnitTestResult executionId="165cd06d-52c7-401e-b052-0a219a208ae4" testId="c69d8415-0025-d2ad-f073-d2da54314225" testName="EpisodeIdentifier.Tests.Integration.VttWorkflowTests.WorkflowCoordinator_WithEmptyVttFile_ReturnsNoResults" computerName="Freebie" duration="00:00:00.1996538" startTime="2025-09-17T21:48:37.3634536-07:00" endTime="2025-09-17T21:48:37.3634538-07:00" testType="13cdc9d9-ddb5-4fa4-a97d-d965ccfc6d4b" outcome="Passed" testListId="8c84fa94-04c1-424b-9868-57a2d4851a1d" relativeResultsDirectory="165cd06d-52c7-401e-b052-0a219a208ae4" />
    <UnitTestResult executionId="b274d966-28c1-4808-9d3d-a69261546e76" testId="6ff0a1ff-1482-4fae-105b-287227a78ba1" testName="EpisodeIdentifier.Tests.Integration.IntegrationTestStubs.EndToEndIdentification_PlaceholderTest" computerName="Freebie" duration="00:00:00.0011964" startTime="2025-09-17T21:48:36.7688477-07:00" endTime="2025-09-17T21:48:36.7688478-07:00" testType="13cdc9d9-ddb5-4fa4-a97d-d965ccfc6d4b" outcome="Passed" testListId="8c84fa94-04c1-424b-9868-57a2d4851a1d" relativeResultsDirectory="b274d966-28c1-4808-9d3d-a69261546e76" />
    <UnitTestResult executionId="c24aba25-69ff-4115-91b9-b4c7ffa403a9" testId="a26ecee0-609e-1a3b-d2e2-1398a5a2a7cc" testName="EpisodeIdentifier.Tests.Integration.SrtWorkflowTests.TextSubtitleExtractor_WithNullPath_ThrowsArgumentException" computerName="Freebie" duration="00:00:00.0499080" startTime="2025-09-17T21:48:37.0448600-07:00" endTime="2025-09-17T21:48:37.0448602-07:00" testType="13cdc9d9-ddb5-4fa4-a97d-d965ccfc6d4b" outcome="Passed" testListId="8c84fa94-04c1-424b-9868-57a2d4851a1d" relativeResultsDirectory="c24aba25-69ff-4115-91b9-b4c7ffa403a9" />
    <UnitTestResult executionId="a8ec87d6-c98a-4968-919b-4e612f517f31" testId="f9d8cf2d-853c-1e62-b917-185de58ebdd5" testName="EpisodeIdentifier.Tests.Integration.Services.FileDiscoveryServiceIntegrationTests.ValidatePathsAsync_WithRealPaths_ShouldValidateCorrectly" computerName="Freebie" duration="00:00:00.0150523" startTime="2025-09-17T21:48:37.0547138-07:00" endTime="2025-09-17T21:48:37.0547139-07:00" testType="13cdc9d9-ddb5-4fa4-a97d-d965ccfc6d4b" outcome="Passed" testListId="8c84fa94-04c1-424b-9868-57a2d4851a1d" relativeResultsDirectory="a8ec87d6-c98a-4968-919b-4e612f517f31" />
    <UnitTestResult executionId="240865ce-da61-482a-b9c3-29fa26d728fa" testId="1b78ac1a-f289-f407-33f5-049b391177ee" testName="EpisodeIdentifier.Tests.Integration.VttWorkflowTests.WorkflowCoordinator_WithVttVideo_UsesVttWorkflow" computerName="Freebie" duration="00:00:00.0413669" startTime="2025-09-17T21:48:37.0117269-07:00" endTime="2025-09-17T21:48:37.0117271-07:00" testType="13cdc9d9-ddb5-4fa4-a97d-d965ccfc6d4b" outcome="Passed" testListId="8c84fa94-04c1-424b-9868-57a2d4851a1d" relativeResultsDirectory="240865ce-da61-482a-b9c3-29fa26d728fa" />
    <UnitTestResult executionId="74a54b97-7626-4b6e-82ec-07fb883a75bd" testId="01218aa8-e0b4-1bbc-9e74-d42182b778ae" testName="EpisodeIdentifier.Tests.Integration.HotReloadDuringProcessingIntegrationTests.HotReload_DuringHighConcurrency_ShouldMaintainSystemStability" computerName="Freebie" duration="00:00:00.5835413" startTime="2025-09-17T21:48:37.4793207-07:00" endTime="2025-09-17T21:48:37.4793208-07:00" testType="13cdc9d9-ddb5-4fa4-a97d-d965ccfc6d4b" outcome="Passed" testListId="8c84fa94-04c1-424b-9868-57a2d4851a1d" relativeResultsDirectory="74a54b97-7626-4b6e-82ec-07fb883a75bd">
      <Output>
        <StdOut>[Information] EpisodeIdentifier.Core.Services.ConfigurationService: ConfigurationService initialized with path: /mnt/c/Users/Ragma/KnowShow_Specd/tests/integration/bin/Debug/net8.0/episodeidentifier.config.json
[Information] EpisodeIdentifier.Core.Services.ConfigurationService: ConfigurationService initialized with path: /mnt/c/Users/Ragma/KnowShow_Specd/tests/integration/bin/Debug/net8.0/episodeidentifier.config.json
[Information] EpisodeIdentifier.Core.Services.BulkProcessorService: Starting bulk processing for request cbac18ec-0a37-42ed-8863-a521ca7ab22c with 15 paths
[Information] EpisodeIdentifier.Core.Services.ProgressTracker: Initializing progress tracker for request cbac18ec-0a37-42ed-8863-a521ca7ab22c with 15 files
[Information] EpisodeIdentifier.Core.Services.FileDiscoveryService: Validating 15 paths
[Information] EpisodeIdentifier.Core.Services.FileDiscoveryService: Path validation completed: 15 accessible, 0 inaccessible
[Information] EpisodeIdentifier.Core.Services.FileDiscoveryService: Estimating file count for 15 paths
[Information] EpisodeIdentifier.Core.Services.FileDiscoveryService: Starting file discovery for 15 paths
[Information] EpisodeIdentifier.Core.Services.FileDiscoveryService: Estimated 15 files
[Information] EpisodeIdentifier.Core.Services.FileDiscoveryService: Starting file discovery for 15 paths
[Information] EpisodeIdentifier.Core.Services.BulkProcessorService: Discovered 15 files for request cbac18ec-0a37-42ed-8863-a521ca7ab22c
[Information] EpisodeIdentifier.Core.Services.BulkProcessorService: Starting batch processing: 15 files in 1 batches of 100 files each
[Information] EpisodeIdentifier.Core.Services.VideoFormatValidator: Validating AV1 encoding for /mnt/c/Users/Ragma/KnowShow_Specd/tests/integration/bin/Debug/net8.0/Episode.S01E01.mkv
[Information] EpisodeIdentifier.Core.Services.VideoFormatValidator: Validating AV1 encoding for /mnt/c/Users/Ragma/KnowShow_Specd/tests/integration/bin/Debug/net8.0/Episode.S01E02.mkv
[Information] EpisodeIdentifier.Core.Services.VideoFormatValidator: Validating AV1 encoding for /mnt/c/Users/Ragma/KnowShow_Specd/tests/integration/bin/Debug/net8.0/Episode.S01E03.mkv
[Information] EpisodeIdentifier.Core.Services.VideoFormatValidator: Validating AV1 encoding for /mnt/c/Users/Ragma/KnowShow_Specd/tests/integration/bin/Debug/net8.0/Episode.S01E04.mkv
[Information] EpisodeIdentifier.Core.Services.VideoFormatValidator: Validating AV1 encoding for /mnt/c/Users/Ragma/KnowShow_Specd/tests/integration/bin/Debug/net8.0/Episode.S01E05.mkv
[Information] EpisodeIdentifier.Core.Services.VideoFormatValidator: Validating AV1 encoding for /mnt/c/Users/Ragma/KnowShow_Specd/tests/integration/bin/Debug/net8.0/Episode.S01E06.mkv
[Information] EpisodeIdentifier.Core.Services.VideoFormatValidator: Validating AV1 encoding for /mnt/c/Users/Ragma/KnowShow_Specd/tests/integration/bin/Debug/net8.0/Episode.S01E07.mkv
[Information] EpisodeIdentifier.Core.Services.VideoFormatValidator: Validating AV1 encoding for /mnt/c/Users/Ragma/KnowShow_Specd/tests/integration/bin/Debug/net8.0/Episode.S01E08.mkv
[Warning] EpisodeIdentifier.Core.Services.VideoFormatValidator: ffprobe failed with exit code 1
[Warning] EpisodeIdentifier.Core.Services.VideoFormatValidator: ffprobe failed with exit code 1
[Warning] EpisodeIdentifier.Core.Services.VideoFormatValidator: ffprobe failed with exit code 1
[Warning] EpisodeIdentifier.Core.Services.VideoFormatValidator: ffprobe failed with exit code 1
[Warning] EpisodeIdentifier.Core.Services.VideoFormatValidator: ffprobe failed with exit code 1
[Warning] EpisodeIdentifier.Core.Services.VideoFormatValidator: ffprobe failed with exit code 1
[Warning] EpisodeIdentifier.Core.Services.VideoFormatValidator: ffprobe failed with exit code 1
[Warning] EpisodeIdentifier.Core.Services.VideoFormatValidator: ffprobe failed with exit code 1
[Information] EpisodeIdentifier.Core.Services.BulkProcessorService: Non-fatal identification error for /mnt/c/Users/Ragma/KnowShow_Specd/tests/integration/bin/Debug/net8.0/Episode.S01E03.mkv: UNSUPPORTED_FILE_TYPE - treating as processed in bulk mode
[Information] EpisodeIdentifier.Core.Services.BulkProcessorService: Non-fatal identification error for /mnt/c/Users/Ragma/KnowShow_Specd/tests/integration/bin/Debug/net8.0/Episode.S01E01.mkv: UNSUPPORTED_FILE_TYPE - treating as processed in bulk mode
[Information] EpisodeIdentifier.Core.Services.BulkProcessorService: Non-fatal identification error for /mnt/c/Users/Ragma/KnowShow_Specd/tests/integration/bin/Debug/net8.0/Episode.S01E04.mkv: UNSUPPORTED_FILE_TYPE - treating as processed in bulk mode
[Information] EpisodeIdentifier.Core.Services.BulkProcessorService: Non-fatal identification error for /mnt/c/Users/Ragma/KnowShow_Specd/tests/integration/bin/Debug/net8.0/Episode.S01E02.mkv: UNSUPPORTED_FILE_TYPE - treating as processed in bulk mode
[Information] EpisodeIdentifier.Core.Services.BulkProcessorService: Non-fatal identification error for /mnt/c/Users/Ragma/KnowShow_Specd/tests/integration/bin/Debug/net8.0/Episode.S01E05.mkv: UNSUPPORTED_FILE_TYPE - treating as processed in bulk mode
[Information] EpisodeIdentifier.Core.Services.BulkProcessorService: Non-fatal identification error for /mnt/c/Users/Ragma/KnowShow_Specd/tests/integration/bin/Debug/net8.0/Episode.S01E08.mkv: UNSUPPORTED_FILE_TYPE - treating as processed in bulk mode
[Information] EpisodeIdentifier.Core.Services.BulkProcessorService: Non-fatal identification error for /mnt/c/Users/Ragma/KnowShow_Specd/tests/integration/bin/Debug/net8.0/Episode.S01E07.mkv: UNSUPPORTED_FILE_TYPE - treating as processed in bulk mode
[Information] EpisodeIdentifier.Core.Services.BulkProcessorService: Non-fatal identification error for /mnt/c/Users/Ragma/KnowShow_Specd/tests/integration/bin/Debug/net8.0/Episode.S01E06.mkv: UNSUPPORTED_FILE_TYPE - treating as processed in bulk mode
[Information] EpisodeIdentifier.Core.Services.VideoFormatValidator: Validating AV1 encoding for /mnt/c/Users/Ragma/KnowShow_Specd/tests/integration/bin/Debug/net8.0/Episode.S01E09.mkv
[Information] EpisodeIdentifier.Core.Services.VideoFormatValidator: Validating AV1 encoding for /mnt/c/Users/Ragma/KnowShow_Specd/tests/integration/bin/Debug/net8.0/Episode.S01E10.mkv
[Information] EpisodeIdentifier.Core.Services.VideoFormatValidator: Validating AV1 encoding for /mnt/c/Users/Ragma/KnowShow_Specd/tests/integration/bin/Debug/net8.0/Episode.S01E11.mkv
[Information] EpisodeIdentifier.Core.Services.VideoFormatValidator: Validating AV1 encoding for /mnt/c/Users/Ragma/KnowShow_Specd/tests/integration/bin/Debug/net8.0/Episode.S01E12.mkv
[Information] EpisodeIdentifier.Core.Services.VideoFormatValidator: Validating AV1 encoding for /mnt/c/Users/Ragma/KnowShow_Specd/tests/integration/bin/Debug/net8.0/Episode.S01E13.mkv
[Information] EpisodeIdentifier.Core.Services.VideoFormatValidator: Validating AV1 encoding for /mnt/c/Users/Ragma/KnowShow_Specd/tests/integration/bin/Debug/net8.0/Episode.S01E14.mkv
[Information] EpisodeIdentifier.Core.Services.VideoFormatValidator: Validating AV1 encoding for /mnt/c/Users/Ragma/KnowShow_Specd/tests/integration/bin/Debug/net8.0/Episode.S01E15.mkv
[Warning] EpisodeIdentifier.Core.Services.VideoFormatValidator: ffprobe failed with exit code 1
[Information] EpisodeIdentifier.Core.Services.BulkProcessorService: Non-fatal identification error for /mnt/c/Users/Ragma/KnowShow_Specd/tests/integration/bin/Debug/net8.0/Episode.S01E09.mkv: UNSUPPORTED_FILE_TYPE - treating as processed in bulk mode
[Warning] EpisodeIdentifier.Core.Services.VideoFormatValidator: ffprobe failed with exit code 1
[Warning] EpisodeIdentifier.Core.Services.VideoFormatValidator: ffprobe failed with exit code 1
[Information] EpisodeIdentifier.Core.Services.BulkProcessorService: Non-fatal identification error for /mnt/c/Users/Ragma/KnowShow_Specd/tests/integration/bin/Debug/net8.0/Episode.S01E10.mkv: UNSUPPORTED_FILE_TYPE - treating as processed in bulk mode
[Information] EpisodeIdentifier.Core.Services.BulkProcessorService: Non-fatal identification error for /mnt/c/Users/Ragma/KnowShow_Specd/tests/integration/bin/Debug/net8.0/Episode.S01E12.mkv: UNSUPPORTED_FILE_TYPE - treating as processed in bulk mode
[Warning] EpisodeIdentifier.Core.Services.VideoFormatValidator: ffprobe failed with exit code 1
[Information] EpisodeIdentifier.Core.Services.BulkProcessorService: Non-fatal identification error for /mnt/c/Users/Ragma/KnowShow_Specd/tests/integration/bin/Debug/net8.0/Episode.S01E11.mkv: UNSUPPORTED_FILE_TYPE - treating as processed in bulk mode
[Warning] EpisodeIdentifier.Core.Services.VideoFormatValidator: ffprobe failed with exit code 1
[Information] EpisodeIdentifier.Core.Services.BulkProcessorService: Non-fatal identification error for /mnt/c/Users/Ragma/KnowShow_Specd/tests/integration/bin/Debug/net8.0/Episode.S01E15.mkv: UNSUPPORTED_FILE_TYPE - treating as processed in bulk mode
[Warning] EpisodeIdentifier.Core.Services.VideoFormatValidator: ffprobe failed with exit code 1
[Information] EpisodeIdentifier.Core.Services.BulkProcessorService: Non-fatal identification error for /mnt/c/Users/Ragma/KnowShow_Specd/tests/integration/bin/Debug/net8.0/Episode.S01E14.mkv: UNSUPPORTED_FILE_TYPE - treating as processed in bulk mode
[Warning] EpisodeIdentifier.Core.Services.VideoFormatValidator: ffprobe failed with exit code 1
[Information] EpisodeIdentifier.Core.Services.BulkProcessorService: Non-fatal identification error for /mnt/c/Users/Ragma/KnowShow_Specd/tests/integration/bin/Debug/net8.0/Episode.S01E13.mkv: UNSUPPORTED_FILE_TYPE - treating as processed in bulk mode
[Information] EpisodeIdentifier.Core.Services.BulkProcessorService: Batch processing statistics for request cbac18ec-0a37-42ed-8863-a521ca7ab22c: 1 batches (1 successful), 15 files processed in 440.6ms (avg 440.6ms per batch), total memory used: 0 bytes
[Information] EpisodeIdentifier.Core.Services.ProgressTracker: Marking request cbac18ec-0a37-42ed-8863-a521ca7ab22c as completed with status Completed
[Information] EpisodeIdentifier.Core.Services.BulkProcessorService: Bulk processing completed for request cbac18ec-0a37-42ed-8863-a521ca7ab22c: Completed, 15 processed, 0 failed, 0 skipped in 00:00:00.5373279
[Information] EpisodeIdentifier.Core.Services.ConfigurationService: Starting configuration load operation 7d1f8ab9 from /mnt/c/Users/Ragma/KnowShow_Specd/tests/integration/bin/Debug/net8.0/episodeidentifier.config.json
[Warning] EpisodeIdentifier.Core.Services.ConfigurationService: MatchConfidenceThreshold decreased during reload (from 0.9 to 0.11); preserving highest observed value 0.9 to maintain stability - Operation: 7d1f8ab9
[Information] EpisodeIdentifier.Core.Services.ConfigurationService: Adjusting RenameConfidenceThreshold from 0.85 to 0.9 to satisfy &gt;= MatchConfidenceThreshold - Operation: 7d1f8ab9
[Information] EpisodeIdentifier.Core.Services.ConfigurationService: Configuration validation successful - Operation: bc768657-56ac-4f53-8235-dd9bc64e66ca, Duration: 0ms, ValidationRules: ConfigurationValidator
[Information] EpisodeIdentifier.Core.Services.ConfigurationService: Configuration loaded successfully - Operation: 7d1f8ab9, Path: /mnt/c/Users/Ragma/KnowShow_Specd/tests/integration/bin/Debug/net8.0/episodeidentifier.config.json, Duration: 2ms, Version: 2.0, HashingAlgorithm: CTPH, MatchThreshold: 90.0 %, RenameThreshold: 90.0 %, FuzzyHashThreshold: 75, MaxConcurrency: 8</StdOut>
      </Output>
    </UnitTestResult>
    <UnitTestResult executionId="57c71c14-3219-4b20-ba13-44cfae1d35d4" testId="6498676c-4eaf-1672-c9c0-146fd4578d19" testName="EpisodeIdentifier.Tests.Integration.VttWorkflowTests.VideoFormatValidator_WithVttExtension_ReturnsTrue" computerName="Freebie" duration="00:00:00.0154893" startTime="2025-09-17T21:48:36.9701629-07:00" endTime="2025-09-17T21:48:36.9701629-07:00" testType="13cdc9d9-ddb5-4fa4-a97d-d965ccfc6d4b" outcome="Passed" testListId="8c84fa94-04c1-424b-9868-57a2d4851a1d" relativeResultsDirectory="57c71c14-3219-4b20-ba13-44cfae1d35d4" />
    <UnitTestResult executionId="02e8ab5b-afd5-4ab4-aaa0-0de420fe6200" testId="22c9fd0f-c686-cff4-0a44-678fa1322594" testName="EpisodeIdentifier.Tests.Integration.AssWorkflowTests.SubtitleMatcher_WithTestContent_ReturnsResult" computerName="Freebie" duration="00:00:00.0401890" startTime="2025-09-17T21:48:37.1974829-07:00" endTime="2025-09-17T21:48:37.1974831-07:00" testType="13cdc9d9-ddb5-4fa4-a97d-d965ccfc6d4b" outcome="Passed" testListId="8c84fa94-04c1-424b-9868-57a2d4851a1d" relativeResultsDirectory="02e8ab5b-afd5-4ab4-aaa0-0de420fe6200" />
    <UnitTestResult executionId="ba18edc8-cb1d-46a6-ad49-6713154b9488" testId="12f0d548-841e-eec4-beb0-7a25e7cec52b" testName="EpisodeIdentifier.Tests.Integration.FilenameRecommendationTests.WindowsCharacterSanitization_ReplacesInvalidCharacters" computerName="Freebie" duration="00:00:00.0089341" startTime="2025-09-17T21:48:36.8631702-07:00" endTime="2025-09-17T21:48:36.8631704-07:00" testType="13cdc9d9-ddb5-4fa4-a97d-d965ccfc6d4b" outcome="Passed" testListId="8c84fa94-04c1-424b-9868-57a2d4851a1d" relativeResultsDirectory="ba18edc8-cb1d-46a6-ad49-6713154b9488" />
    <UnitTestResult executionId="c319699d-7d6b-4437-b179-831b27d22b8c" testId="f11991ec-c143-8093-a23e-943875f68494" testName="EpisodeIdentifier.Tests.Integration.VttWorkflowTests.WorkflowCoordinator_WithVttWebFormatting_ParsesCorrectly" computerName="Freebie" duration="00:00:00.1306791" startTime="2025-09-17T21:48:37.4973246-07:00" endTime="2025-09-17T21:48:37.4973247-07:00" testType="13cdc9d9-ddb5-4fa4-a97d-d965ccfc6d4b" outcome="Passed" testListId="8c84fa94-04c1-424b-9868-57a2d4851a1d" relativeResultsDirectory="c319699d-7d6b-4437-b179-831b27d22b8c" />
    <UnitTestResult executionId="c1591e20-5564-46f4-8570-b7c61793c16f" testId="3f27949b-3c98-3f60-875b-f5effc8e82f1" testName="EpisodeIdentifier.Tests.Integration.ConfigurationIntegrationTests.ReloadIfChanged_WithConfigurationChanges_ShouldDetectChanges" computerName="Freebie" duration="00:00:00.1825231" startTime="2025-09-17T21:48:37.2031653-07:00" endTime="2025-09-17T21:48:37.2031654-07:00" testType="13cdc9d9-ddb5-4fa4-a97d-d965ccfc6d4b" outcome="Passed" testListId="8c84fa94-04c1-424b-9868-57a2d4851a1d" relativeResultsDirectory="c1591e20-5564-46f4-8570-b7c61793c16f" />
    <UnitTestResult executionId="141eaac5-bda4-48aa-ab42-d49850a4697d" testId="ab0269ee-540f-dd17-3560-a585f5124c93" testName="EpisodeIdentifier.Tests.Integration.FilenameRecommendationTests.EndToEndWorkflow_HighConfidence_CreatesCompleteResult" computerName="Freebie" duration="00:00:00.0622530" startTime="2025-09-17T21:48:36.9252518-07:00" endTime="2025-09-17T21:48:36.9252519-07:00" testType="13cdc9d9-ddb5-4fa4-a97d-d965ccfc6d4b" outcome="Passed" testListId="8c84fa94-04c1-424b-9868-57a2d4851a1d" relativeResultsDirectory="141eaac5-bda4-48aa-ab42-d49850a4697d" />
    <UnitTestResult executionId="a8c81335-8566-4e1a-9f7b-ff3552a992dc" testId="de3f3b93-99da-ea87-e637-8430eab50da2" testName="EpisodeIdentifier.Tests.Integration.FileRenameIntegrationTests.RenameFlag_WithHighConfidenceMatch_RenamesFileSuccessfully" computerName="Freebie" duration="00:00:00.3218813" startTime="2025-09-17T21:48:37.1886598-07:00" endTime="2025-09-17T21:48:37.1886600-07:00" testType="13cdc9d9-ddb5-4fa4-a97d-d965ccfc6d4b" outcome="Passed" testListId="8c84fa94-04c1-424b-9868-57a2d4851a1d" relativeResultsDirectory="a8c81335-8566-4e1a-9f7b-ff3552a992dc" />
    <UnitTestResult executionId="f3e8cf09-54df-476f-88c7-8619a6d0519a" testId="c1e650b5-c1f3-7814-8e39-20748c35f348" testName="EpisodeIdentifier.Tests.Integration.FileRenameIntegrationTests.RenameFlag_WithLowConfidence_DoesNotRenameFile" computerName="Freebie" duration="00:00:00.0077429" startTime="2025-09-17T21:48:37.1957602-07:00" endTime="2025-09-17T21:48:37.1957603-07:00" testType="13cdc9d9-ddb5-4fa4-a97d-d965ccfc6d4b" outcome="Passed" testListId="8c84fa94-04c1-424b-9868-57a2d4851a1d" relativeResultsDirectory="f3e8cf09-54df-476f-88c7-8619a6d0519a" />
    <UnitTestResult executionId="f9da191b-b2e2-45f8-ad40-88cef5a152d3" testId="b0756072-5910-d554-36c2-078a0450c1ad" testName="EpisodeIdentifier.Tests.Integration.Services.FileDiscoveryServiceIntegrationTests.DiscoverFilesAsync_WithDeepDirectoryStructure_ShouldHandleMaxDepth" computerName="Freebie" duration="00:00:00.0140866" startTime="2025-09-17T21:48:37.0728693-07:00" endTime="2025-09-17T21:48:37.0728695-07:00" testType="13cdc9d9-ddb5-4fa4-a97d-d965ccfc6d4b" outcome="Passed" testListId="8c84fa94-04c1-424b-9868-57a2d4851a1d" relativeResultsDirectory="f9da191b-b2e2-45f8-ad40-88cef5a152d3" />
    <UnitTestResult executionId="5b3154cf-66eb-4c31-86cc-7ccbfe0bf2ac" testId="90ad9766-e0a3-3bee-e13d-42eb9c4c1c96" testName="EpisodeIdentifier.Tests.Integration.ConfigurationIntegrationTests.LoadConfiguration_WithConstraintViolations_ShouldFailValidation" computerName="Freebie" duration="00:00:00.0074922" startTime="2025-09-17T21:48:37.2271446-07:00" endTime="2025-09-17T21:48:37.2271448-07:00" testType="13cdc9d9-ddb5-4fa4-a97d-d965ccfc6d4b" outcome="Passed" testListId="8c84fa94-04c1-424b-9868-57a2d4851a1d" relativeResultsDirectory="5b3154cf-66eb-4c31-86cc-7ccbfe0bf2ac" />
    <UnitTestResult executionId="2b94d8cd-a16e-4325-a1a4-295a3846abd6" testId="c33c7249-024d-c7fc-c737-af3965c396c1" testName="EpisodeIdentifier.Tests.Integration.Services.FileDiscoveryServiceIntegrationTests.EstimateFileCountAsync_WithRealDirectory_ShouldReturnAccurateCount" computerName="Freebie" duration="00:00:00.0162221" startTime="2025-09-17T21:48:37.4457133-07:00" endTime="2025-09-17T21:48:37.4457135-07:00" testType="13cdc9d9-ddb5-4fa4-a97d-d965ccfc6d4b" outcome="Passed" testListId="8c84fa94-04c1-424b-9868-57a2d4851a1d" relativeResultsDirectory="2b94d8cd-a16e-4325-a1a4-295a3846abd6" />
    <UnitTestResult executionId="9da03995-bf7e-4af5-82aa-ebf9d2cc9132" testId="c436f0e1-78f6-5afc-9eeb-6ddcb12cf014" testName="EpisodeIdentifier.Tests.Integration.ErrorHandlingConcurrentIntegrationTests.ErrorRecovery_PartialFailures_ShouldProcessRemainingFiles" computerName="Freebie" duration="00:00:00.7432782" startTime="2025-09-17T21:48:37.4648042-07:00" endTime="2025-09-17T21:48:37.4648044-07:00" testType="13cdc9d9-ddb5-4fa4-a97d-d965ccfc6d4b" outcome="Passed" testListId="8c84fa94-04c1-424b-9868-57a2d4851a1d" relativeResultsDirectory="9da03995-bf7e-4af5-82aa-ebf9d2cc9132">
      <Output>
        <StdOut>[Information] EpisodeIdentifier.Core.Services.ConfigurationService: ConfigurationService initialized with path: /mnt/c/Users/Ragma/KnowShow_Specd/tests/integration/bin/Debug/net8.0/episodeidentifier.config.json
[Information] EpisodeIdentifier.Core.Services.ConfigurationService: ConfigurationService initialized with path: /mnt/c/Users/Ragma/KnowShow_Specd/tests/integration/bin/Debug/net8.0/episodeidentifier.config.json
[Information] EpisodeIdentifier.Core.Services.BulkProcessorService: Starting bulk processing for request 437c683a-bdc0-4344-b0b6-c018fb9bbb49 with 4 paths
[Information] EpisodeIdentifier.Core.Services.ProgressTracker: Initializing progress tracker for request 437c683a-bdc0-4344-b0b6-c018fb9bbb49 with 4 files
[Information] EpisodeIdentifier.Core.Services.FileDiscoveryService: Validating 4 paths
[Information] EpisodeIdentifier.Core.Services.FileDiscoveryService: Path validation completed: 4 accessible, 0 inaccessible
[Information] EpisodeIdentifier.Core.Services.FileDiscoveryService: Estimating file count for 4 paths
[Information] EpisodeIdentifier.Core.Services.FileDiscoveryService: Starting file discovery for 4 paths
[Information] EpisodeIdentifier.Core.Services.FileDiscoveryService: Estimated 4 files
[Information] EpisodeIdentifier.Core.Services.FileDiscoveryService: Starting file discovery for 4 paths
[Information] EpisodeIdentifier.Core.Services.BulkProcessorService: Discovered 4 files for request 437c683a-bdc0-4344-b0b6-c018fb9bbb49
[Information] EpisodeIdentifier.Core.Services.BulkProcessorService: Starting batch processing: 4 files in 1 batches of 100 files each
[Information] EpisodeIdentifier.Core.Services.VideoFormatValidator: Validating AV1 encoding for /mnt/c/Users/Ragma/KnowShow_Specd/tests/integration/bin/Debug/net8.0/Working1.S01E01.mkv
[Error] EpisodeIdentifier.Core.Services.BulkProcessorService: File processing failed (attempt 1/4) for /mnt/c/Users/Ragma/KnowShow_Specd/tests/integration/bin/Debug/net8.0/Corrupt.S01E02.mkv: InvalidFileFormat
[Information] EpisodeIdentifier.Core.Services.VideoFormatValidator: Validating AV1 encoding for /mnt/c/Users/Ragma/KnowShow_Specd/tests/integration/bin/Debug/net8.0/Working2.S01E03.mkv
[Warning] EpisodeIdentifier.Core.Services.VideoFormatValidator: ffprobe failed with exit code 1
[Warning] EpisodeIdentifier.Core.Services.VideoFormatValidator: ffprobe failed with exit code 1
[Information] EpisodeIdentifier.Core.Services.BulkProcessorService: Non-fatal identification error for /mnt/c/Users/Ragma/KnowShow_Specd/tests/integration/bin/Debug/net8.0/Working1.S01E01.mkv: UNSUPPORTED_FILE_TYPE - treating as processed in bulk mode
[Information] EpisodeIdentifier.Core.Services.BulkProcessorService: Non-fatal identification error for /mnt/c/Users/Ragma/KnowShow_Specd/tests/integration/bin/Debug/net8.0/Working2.S01E03.mkv: UNSUPPORTED_FILE_TYPE - treating as processed in bulk mode
[Information] EpisodeIdentifier.Core.Services.VideoFormatValidator: Validating AV1 encoding for /mnt/c/Users/Ragma/KnowShow_Specd/tests/integration/bin/Debug/net8.0/Working3.S01E04.mkv
[Warning] EpisodeIdentifier.Core.Services.VideoFormatValidator: ffprobe failed with exit code 1
[Information] EpisodeIdentifier.Core.Services.BulkProcessorService: Non-fatal identification error for /mnt/c/Users/Ragma/KnowShow_Specd/tests/integration/bin/Debug/net8.0/Working3.S01E04.mkv: UNSUPPORTED_FILE_TYPE - treating as processed in bulk mode
[Information] EpisodeIdentifier.Core.Services.BulkProcessorService: Batch processing statistics for request 437c683a-bdc0-4344-b0b6-c018fb9bbb49: 1 batches (1 successful), 4 files processed in 421.5ms (avg 421.5ms per batch), total memory used: 1,297,408 bytes
[Information] EpisodeIdentifier.Core.Services.ProgressTracker: Marking request 437c683a-bdc0-4344-b0b6-c018fb9bbb49 as completed with status CompletedWithWarnings
[Information] EpisodeIdentifier.Core.Services.BulkProcessorService: Bulk processing completed for request 437c683a-bdc0-4344-b0b6-c018fb9bbb49: CompletedWithWarnings, 3 processed, 1 failed, 0 skipped in 00:00:00.5265789</StdOut>
      </Output>
    </UnitTestResult>
    <UnitTestResult executionId="a2dac5a7-4a69-4be5-a730-6922f7163f7c" testId="5093e38d-beff-2518-7e99-d85f90fb8162" testName="EpisodeIdentifier.Tests.Integration.FilenameRecommendationTests.MediumConfidenceIdentification_NoFilenameSuggestion" computerName="Freebie" duration="00:00:00.0058958" startTime="2025-09-17T21:48:36.9313923-07:00" endTime="2025-09-17T21:48:36.9313924-07:00" testType="13cdc9d9-ddb5-4fa4-a97d-d965ccfc6d4b" outcome="Passed" testListId="8c84fa94-04c1-424b-9868-57a2d4851a1d" relativeResultsDirectory="a2dac5a7-4a69-4be5-a730-6922f7163f7c" />
    <UnitTestResult executionId="bfc5171f-16c1-470e-878b-b890a327f146" testId="f72357ec-0276-9b7d-04c3-5ed9714a42ee" testName="EpisodeIdentifier.Tests.Integration.FuzzyHashWorkflowTests.FuzzyHashWorkflow_WithLargeFiles_HandlesMemoryEfficiently" computerName="Freebie" duration="00:00:01.0198890" startTime="2025-09-17T21:48:39.8223621-07:00" endTime="2025-09-17T21:48:39.8223624-07:00" testType="13cdc9d9-ddb5-4fa4-a97d-d965ccfc6d4b" outcome="Passed" testListId="8c84fa94-04c1-424b-9868-57a2d4851a1d" relativeResultsDirectory="bfc5171f-16c1-470e-878b-b890a327f146" />
    <UnitTestResult executionId="a6762428-5685-42e5-a90e-bab52fa2fa25" testId="c79c2fae-d608-4b88-105f-2c50f17ae68d" testName="EpisodeIdentifier.Tests.Integration.FileRenameIntegrationTests.RenameFlag_WithExistingTargetFile_ReturnsAppropriateError" computerName="Freebie" duration="00:00:00.0139182" startTime="2025-09-17T21:48:36.8570003-07:00" endTime="2025-09-17T21:48:36.8570004-07:00" testType="13cdc9d9-ddb5-4fa4-a97d-d965ccfc6d4b" outcome="Passed" testListId="8c84fa94-04c1-424b-9868-57a2d4851a1d" relativeResultsDirectory="a6762428-5685-42e5-a90e-bab52fa2fa25" />
    <UnitTestResult executionId="a6305bac-f5c2-46b9-b8ba-cb77c91679f2" testId="8cc7d316-1c08-815b-36b2-7a77c7527752" testName="EpisodeIdentifier.Tests.Integration.DatabaseConnectionPoolingTests.SequentialVsConcurrent_DatabaseOperations_PerformanceComparison" computerName="Freebie" duration="00:00:00.2128845" startTime="2025-09-17T21:48:38.0668978-07:00" endTime="2025-09-17T21:48:38.0668980-07:00" testType="13cdc9d9-ddb5-4fa4-a97d-d965ccfc6d4b" outcome="Failed" testListId="8c84fa94-04c1-424b-9868-57a2d4851a1d" relativeResultsDirectory="a6305bac-f5c2-46b9-b8ba-cb77c91679f2">
      <Output>
        <ErrorInfo>
          <Message>Expected concurrentStopwatch.ElapsedMilliseconds to be less than 6L because Concurrent operations should not be more than 3x slower than sequential, but found 28L (difference of 22).</Message>
          <StackTrace>   at FluentAssertions.Execution.XUnit2TestFramework.Throw(String message)
   at FluentAssertions.Execution.TestFrameworkProvider.Throw(String message)
   at FluentAssertions.Execution.DefaultAssertionStrategy.HandleFailure(String message)
   at FluentAssertions.Execution.AssertionScope.FailWith(Func`1 failReasonFunc)
   at FluentAssertions.Execution.AssertionScope.FailWith(Func`1 failReasonFunc)
   at FluentAssertions.Execution.AssertionScope.FailWith(String message, Object[] args)
   at FluentAssertions.Numeric.NumericAssertions`2.BeLessThan(T expected, String because, Object[] becauseArgs)
   at EpisodeIdentifier.Tests.Integration.DatabaseConnectionPoolingTests.SequentialVsConcurrent_DatabaseOperations_PerformanceComparison() in /mnt/c/Users/Ragma/KnowShow_Specd/tests/integration/DatabaseConnectionPoolingTests.cs:line 139
--- End of stack trace from previous location ---</StackTrace>
        </ErrorInfo>
      </Output>
    </UnitTestResult>
    <UnitTestResult executionId="03e73804-41e7-48e9-8d89-8429baa51727" testId="7f4b0c20-da93-c198-4028-ab9256627f91" testName="EpisodeIdentifier.Tests.Integration.HotReloadDuringProcessingIntegrationTests.ProcessingInProgress_InvalidConfigurationHotReload_ShouldContinueWithOriginalSettings" computerName="Freebie" duration="00:00:00.2044773" startTime="2025-09-17T21:48:37.6816058-07:00" endTime="2025-09-17T21:48:37.6816060-07:00" testType="13cdc9d9-ddb5-4fa4-a97d-d965ccfc6d4b" outcome="Passed" testListId="8c84fa94-04c1-424b-9868-57a2d4851a1d" relativeResultsDirectory="03e73804-41e7-48e9-8d89-8429baa51727">
      <Output>
        <StdOut>[Information] EpisodeIdentifier.Core.Services.ConfigurationService: ConfigurationService initialized with path: /mnt/c/Users/Ragma/KnowShow_Specd/tests/integration/bin/Debug/net8.0/episodeidentifier.config.json
[Information] EpisodeIdentifier.Core.Services.ConfigurationService: ConfigurationService initialized with path: /mnt/c/Users/Ragma/KnowShow_Specd/tests/integration/bin/Debug/net8.0/episodeidentifier.config.json
[Information] EpisodeIdentifier.Core.Services.BulkProcessorService: Starting bulk processing for request 608e1e45-4673-4daf-987d-4661646f4dc9 with 2 paths
[Information] EpisodeIdentifier.Core.Services.ProgressTracker: Initializing progress tracker for request 608e1e45-4673-4daf-987d-4661646f4dc9 with 2 files
[Information] EpisodeIdentifier.Core.Services.FileDiscoveryService: Validating 2 paths
[Information] EpisodeIdentifier.Core.Services.FileDiscoveryService: Path validation completed: 2 accessible, 0 inaccessible
[Information] EpisodeIdentifier.Core.Services.FileDiscoveryService: Estimating file count for 2 paths
[Information] EpisodeIdentifier.Core.Services.FileDiscoveryService: Starting file discovery for 2 paths
[Information] EpisodeIdentifier.Core.Services.FileDiscoveryService: Estimated 2 files
[Information] EpisodeIdentifier.Core.Services.FileDiscoveryService: Starting file discovery for 2 paths
[Information] EpisodeIdentifier.Core.Services.BulkProcessorService: Discovered 2 files for request 608e1e45-4673-4daf-987d-4661646f4dc9
[Information] EpisodeIdentifier.Core.Services.BulkProcessorService: Starting batch processing: 2 files in 1 batches of 100 files each
[Information] EpisodeIdentifier.Core.Services.VideoFormatValidator: Validating AV1 encoding for /mnt/c/Users/Ragma/KnowShow_Specd/tests/integration/bin/Debug/net8.0/File1.S01E01.mkv
[Information] EpisodeIdentifier.Core.Services.VideoFormatValidator: Validating AV1 encoding for /mnt/c/Users/Ragma/KnowShow_Specd/tests/integration/bin/Debug/net8.0/File2.S01E02.mkv
[Warning] EpisodeIdentifier.Core.Services.VideoFormatValidator: ffprobe failed with exit code 1
[Information] EpisodeIdentifier.Core.Services.BulkProcessorService: Non-fatal identification error for /mnt/c/Users/Ragma/KnowShow_Specd/tests/integration/bin/Debug/net8.0/File1.S01E01.mkv: UNSUPPORTED_FILE_TYPE - treating as processed in bulk mode
[Warning] EpisodeIdentifier.Core.Services.VideoFormatValidator: ffprobe failed with exit code 1
[Information] EpisodeIdentifier.Core.Services.BulkProcessorService: Non-fatal identification error for /mnt/c/Users/Ragma/KnowShow_Specd/tests/integration/bin/Debug/net8.0/File2.S01E02.mkv: UNSUPPORTED_FILE_TYPE - treating as processed in bulk mode
[Information] EpisodeIdentifier.Core.Services.BulkProcessorService: Batch processing statistics for request 608e1e45-4673-4daf-987d-4661646f4dc9: 1 batches (1 successful), 2 files processed in 104.0ms (avg 104.0ms per batch), total memory used: 583,640 bytes
[Information] EpisodeIdentifier.Core.Services.ProgressTracker: Marking request 608e1e45-4673-4daf-987d-4661646f4dc9 as completed with status Completed
[Information] EpisodeIdentifier.Core.Services.BulkProcessorService: Bulk processing completed for request 608e1e45-4673-4daf-987d-4661646f4dc9: Completed, 2 processed, 0 failed, 0 skipped in 00:00:00.1787902
[Information] EpisodeIdentifier.Core.Services.ConfigurationService: Starting configuration load operation 2d52cd4c from /mnt/c/Users/Ragma/KnowShow_Specd/tests/integration/bin/Debug/net8.0/episodeidentifier.config.json
[Warning] EpisodeIdentifier.Core.Services.ConfigurationService: MaxConcurrency value 500 is outside valid range (1-100) during reload; will fail validation - Operation: 2d52cd4c
[Warning] EpisodeIdentifier.Core.Services.ConfigurationService: Configuration validation failed - Operation: 490b3587-aafe-481e-af5f-90ec40961b8d, Duration: 0ms, ErrorCount: 1, ErrorsByProperty: [MaxConcurrency, 1], Errors: MaxConcurrency must be between 1 and 100
[Warning] EpisodeIdentifier.Core.Services.ConfigurationService: Configuration validation failed - Operation: 2d52cd4c, ErrorCount: 1, Errors: [MaxConcurrency must be between 1 and 100], Duration: 4ms
[Error] EpisodeIdentifier.Core.Services.ConfigurationService: Configuration validation failed: MaxConcurrency must be between 1 and 100</StdOut>
      </Output>
    </UnitTestResult>
    <UnitTestResult executionId="f337b611-c195-4859-a6e5-a43509fb46e0" testId="ba4fd3ef-b89d-3a24-55fe-a6c22030cc14" testName="EpisodeIdentifier.Tests.Integration.EndToEndIdentificationTests.ProcessVideo_WithEmptyFilePath_ThrowsException" computerName="Freebie" duration="00:00:00.0629065" startTime="2025-09-17T21:48:36.9731099-07:00" endTime="2025-09-17T21:48:36.9731100-07:00" testType="13cdc9d9-ddb5-4fa4-a97d-d965ccfc6d4b" outcome="Passed" testListId="8c84fa94-04c1-424b-9868-57a2d4851a1d" relativeResultsDirectory="f337b611-c195-4859-a6e5-a43509fb46e0" />
    <UnitTestResult executionId="0e357507-8fcb-4767-b66d-9d8954f9922a" testId="2943112b-b928-f2dc-4546-de34ffeb720a" testName="EpisodeIdentifier.Tests.Integration.DatabaseConcurrencyOptimizationTests.SqliteConcurrencyOptimizer_ShouldProvideOptimizedConnectionString" computerName="Freebie" duration="00:00:00.0146934" startTime="2025-09-17T21:48:37.0969084-07:00" endTime="2025-09-17T21:48:37.0969086-07:00" testType="13cdc9d9-ddb5-4fa4-a97d-d965ccfc6d4b" outcome="Passed" testListId="8c84fa94-04c1-424b-9868-57a2d4851a1d" relativeResultsDirectory="0e357507-8fcb-4767-b66d-9d8954f9922a" />
    <UnitTestResult executionId="e7d19df4-d0d1-40b0-ac1f-2cbbaa507c6f" testId="aa6308ce-bb35-2496-bb40-b222651e5a83" testName="EpisodeIdentifier.Tests.Integration.ConfigHotReloadTests.HotReload_WithFileSystemPermissionChanges_HandlesGracefully" computerName="Freebie" duration="00:00:00.0812351" startTime="2025-09-17T21:48:40.4466772-07:00" endTime="2025-09-17T21:48:40.4466775-07:00" testType="13cdc9d9-ddb5-4fa4-a97d-d965ccfc6d4b" outcome="Passed" testListId="8c84fa94-04c1-424b-9868-57a2d4851a1d" relativeResultsDirectory="e7d19df4-d0d1-40b0-ac1f-2cbbaa507c6f" />
    <UnitTestResult executionId="d00dcb6c-38d1-4cc6-a3de-c8ac14feb893" testId="a1dea9f6-4ef9-98b9-8be6-64b73e3027e7" testName="EpisodeIdentifier.Tests.Integration.ConfigurationLoadingTests.ReloadConfiguration_WhenFileChanges_DetectsChanges" computerName="Freebie" duration="00:00:00.2110820" startTime="2025-09-17T21:48:37.8524072-07:00" endTime="2025-09-17T21:48:37.8524074-07:00" testType="13cdc9d9-ddb5-4fa4-a97d-d965ccfc6d4b" outcome="Passed" testListId="8c84fa94-04c1-424b-9868-57a2d4851a1d" relativeResultsDirectory="d00dcb6c-38d1-4cc6-a3de-c8ac14feb893" />
    <UnitTestResult executionId="ee59f130-ec48-4fc4-bc96-72fc8406b843" testId="684598ee-fc3e-36d9-88c4-24f559ebfefb" testName="EpisodeIdentifier.Tests.Integration.VttWorkflowTests.WorkflowCoordinator_WithInvalidVttFile_HandlesGracefully" computerName="Freebie" duration="00:00:00.0852639" startTime="2025-09-17T21:48:37.0973388-07:00" endTime="2025-09-17T21:48:37.0973390-07:00" testType="13cdc9d9-ddb5-4fa4-a97d-d965ccfc6d4b" outcome="Passed" testListId="8c84fa94-04c1-424b-9868-57a2d4851a1d" relativeResultsDirectory="ee59f130-ec48-4fc4-bc96-72fc8406b843" />
    <UnitTestResult executionId="42360029-5bcc-40cc-a722-684e4a6c28d7" testId="617a98c0-e22c-4f98-da29-98e1d817a281" testName="EpisodeIdentifier.Tests.Integration.FuzzyHashWorkflowTests.FuzzyHashWorkflow_WithInvalidFile_HandlesErrorsGracefully" computerName="Freebie" duration="00:00:00.0497814" startTime="2025-09-17T21:48:39.8723521-07:00" endTime="2025-09-17T21:48:39.8723523-07:00" testType="13cdc9d9-ddb5-4fa4-a97d-d965ccfc6d4b" outcome="Passed" testListId="8c84fa94-04c1-424b-9868-57a2d4851a1d" relativeResultsDirectory="42360029-5bcc-40cc-a722-684e4a6c28d7" />
    <UnitTestResult executionId="2b6503d8-dddb-47d3-b6bd-2ff07697f7e1" testId="10ed06f6-211b-30c6-bd00-1ed330c684d1" testName="EpisodeIdentifier.Tests.Integration.FileRenameIntegrationTests.RenameFlag_WithForceOverwrite_OverwritesExistingFile" computerName="Freebie" duration="00:00:00.1016836" startTime="2025-09-17T21:48:37.3208684-07:00" endTime="2025-09-17T21:48:37.3208686-07:00" testType="13cdc9d9-ddb5-4fa4-a97d-d965ccfc6d4b" outcome="Passed" testListId="8c84fa94-04c1-424b-9868-57a2d4851a1d" relativeResultsDirectory="2b6503d8-dddb-47d3-b6bd-2ff07697f7e1" />
    <UnitTestResult executionId="ab30d020-5c63-4718-ad5b-5becf45266e4" testId="0c069423-0cbc-4113-531e-3262a99761fa" testName="EpisodeIdentifier.Tests.Integration.FilenameRecommendationTests.WindowsPathLimits_RespectSystemConstraints" computerName="Freebie" duration="00:00:00.0039369" startTime="2025-09-17T21:48:36.9401237-07:00" endTime="2025-09-17T21:48:36.9401239-07:00" testType="13cdc9d9-ddb5-4fa4-a97d-d965ccfc6d4b" outcome="Passed" testListId="8c84fa94-04c1-424b-9868-57a2d4851a1d" relativeResultsDirectory="ab30d020-5c63-4718-ad5b-5becf45266e4" />
    <UnitTestResult executionId="f265432f-2732-4752-992b-e0fc0c3ccf60" testId="019ee5bf-e104-4b77-d8f9-1f5ceb49fe0c" testName="EpisodeIdentifier.Tests.Integration.Services.FileDiscoveryServiceIntegrationTests.DiscoverFilesAsync_WithRealFiles_ShouldReturnActualFiles" computerName="Freebie" duration="00:00:00.0278651" startTime="2025-09-17T21:48:37.0386935-07:00" endTime="2025-09-17T21:48:37.0386936-07:00" testType="13cdc9d9-ddb5-4fa4-a97d-d965ccfc6d4b" outcome="Passed" testListId="8c84fa94-04c1-424b-9868-57a2d4851a1d" relativeResultsDirectory="f265432f-2732-4752-992b-e0fc0c3ccf60" />
    <UnitTestResult executionId="48eae0ad-05dd-41fd-941b-dfc13dcc6b14" testId="75840db2-6db3-fb9f-537e-d45568c3f887" testName="EpisodeIdentifier.Tests.Integration.ConfigurationIntegrationTests.ValidateConfiguration_WithComplexBulkProcessingRules_ShouldValidateCorrectly" computerName="Freebie" duration="00:00:00.0051072" startTime="2025-09-17T21:48:37.2085111-07:00" endTime="2025-09-17T21:48:37.2085112-07:00" testType="13cdc9d9-ddb5-4fa4-a97d-d965ccfc6d4b" outcome="Passed" testListId="8c84fa94-04c1-424b-9868-57a2d4851a1d" relativeResultsDirectory="48eae0ad-05dd-41fd-941b-dfc13dcc6b14" />
    <UnitTestResult executionId="7d8384b3-a369-412e-837f-0678e71c6ff7" testId="a39e5d03-f272-df13-fb03-9c9b9db922dc" testName="EpisodeIdentifier.Tests.Integration.EndToEndIdentificationTests.ProcessVideo_WithTextSubtitles_IdentifiesCorrectly" computerName="Freebie" duration="00:00:00.2139666" startTime="2025-09-17T21:48:37.5408919-07:00" endTime="2025-09-17T21:48:37.5408921-07:00" testType="13cdc9d9-ddb5-4fa4-a97d-d965ccfc6d4b" outcome="Passed" testListId="8c84fa94-04c1-424b-9868-57a2d4851a1d" relativeResultsDirectory="7d8384b3-a369-412e-837f-0678e71c6ff7" />
    <UnitTestResult executionId="fc664617-6733-4318-9f94-ffec832c7cf1" testId="aa596bb6-43fe-3a5a-151d-a3de149fc222" testName="EpisodeIdentifier.Tests.Integration.SingleFileProcessingIntegrationTests.ProcessSingleFile_ConfigurationErrorHandling_ShouldFallbackGracefully" computerName="Freebie" duration="00:00:00.0126167" startTime="2025-09-17T21:48:38.0176645-07:00" endTime="2025-09-17T21:48:38.0176646-07:00" testType="13cdc9d9-ddb5-4fa4-a97d-d965ccfc6d4b" outcome="Passed" testListId="8c84fa94-04c1-424b-9868-57a2d4851a1d" relativeResultsDirectory="fc664617-6733-4318-9f94-ffec832c7cf1">
      <Output>
        <StdOut>[Information] EpisodeIdentifier.Core.Services.ConfigurationService: ConfigurationService initialized with path: /mnt/c/Users/Ragma/KnowShow_Specd/tests/integration/bin/Debug/net8.0/episodeidentifier.config.json
[Information] EpisodeIdentifier.Core.Services.ConfigurationService: ConfigurationService initialized with path: /mnt/c/Users/Ragma/KnowShow_Specd/tests/integration/bin/Debug/net8.0/episodeidentifier.config.json
[Information] EpisodeIdentifier.Core.Services.ConfigurationService: Starting configuration load operation 4c995ebd from /mnt/c/Users/Ragma/KnowShow_Specd/tests/integration/bin/Debug/net8.0/episodeidentifier.config.json
[Warning] EpisodeIdentifier.Core.Services.ConfigurationService: Strict JSON parsing failed, attempting lenient legacy parse - Operation: 4c995ebd, Path: /mnt/c/Users/Ragma/KnowShow_Specd/tests/integration/bin/Debug/net8.0/episodeidentifier.config.json, Error: The JSON value could not be converted to EpisodeIdentifier.Core.Models.Configuration.FilenamePatterns. Path: $.FilenamePatterns | LineNumber: 7 | BytePositionInLine: 25.
[Information] EpisodeIdentifier.Core.Services.ConfigurationService: Configuration parsed using lenient legacy parser - Operation: 4c995ebd
[Warning] EpisodeIdentifier.Core.Services.ConfigurationService: MaxConcurrency value 150 is outside valid range (1-100), clamping to 100 - Operation: 4c995ebd
[Information] EpisodeIdentifier.Core.Services.ConfigurationService: MaxConcurrency clamped from 150 to 100 - Operation: 4c995ebd
[Information] EpisodeIdentifier.Core.Services.ConfigurationService: Configuration validation successful - Operation: 3bc24c64-02ca-411e-a01d-9584e0ae4c8e, Duration: 0ms, ValidationRules: ConfigurationValidator
[Information] EpisodeIdentifier.Core.Services.ConfigurationService: Configuration loaded successfully - Operation: 4c995ebd, Path: /mnt/c/Users/Ragma/KnowShow_Specd/tests/integration/bin/Debug/net8.0/episodeidentifier.config.json, Duration: 2ms, Version: 2.0, HashingAlgorithm: CTPH, MatchThreshold: 80.0 %, RenameThreshold: 85.0 %, FuzzyHashThreshold: 75, MaxConcurrency: 100</StdOut>
      </Output>
    </UnitTestResult>
    <UnitTestResult executionId="a08437b2-545d-4048-ae6e-2d93775d7af1" testId="5964f431-4a33-1488-d658-8c6c1425e1b6" testName="EpisodeIdentifier.Tests.Integration.ConfigurationIntegrationTests.LoadConfiguration_WithBulkProcessingSettings_ShouldLoadCorrectly" computerName="Freebie" duration="00:00:00.0107253" startTime="2025-09-17T21:48:37.2194411-07:00" endTime="2025-09-17T21:48:37.2194413-07:00" testType="13cdc9d9-ddb5-4fa4-a97d-d965ccfc6d4b" outcome="Passed" testListId="8c84fa94-04c1-424b-9868-57a2d4851a1d" relativeResultsDirectory="a08437b2-545d-4048-ae6e-2d93775d7af1" />
    <UnitTestResult executionId="90df3258-0b0e-4c5e-b422-5edf60ee1075" testId="0a7ed438-247f-dcea-cf46-4589ea44983c" testName="EpisodeIdentifier.Tests.Integration.SrtWorkflowTests.SrtProcessingWorkflow_WithFormatHandlers_ProcessesCorrectly" computerName="Freebie" duration="00:00:00.0556983" startTime="2025-09-17T21:48:37.2453284-07:00" endTime="2025-09-17T21:48:37.2453285-07:00" testType="13cdc9d9-ddb5-4fa4-a97d-d965ccfc6d4b" outcome="Passed" testListId="8c84fa94-04c1-424b-9868-57a2d4851a1d" relativeResultsDirectory="90df3258-0b0e-4c5e-b422-5edf60ee1075" />
    <UnitTestResult executionId="2f8c5899-04ac-4c2d-bf34-4c7e3c54498b" testId="8d7ca2c9-b3cf-30ae-4c19-2b7403dbc12d" testName="EpisodeIdentifier.Tests.Integration.DatabaseConcurrencyOptimizationTests.SqliteConcurrencyOptimizer_ShouldSkipInMemoryDatabases" computerName="Freebie" duration="00:00:00.0050804" startTime="2025-09-17T21:48:37.4745130-07:00" endTime="2025-09-17T21:48:37.4745131-07:00" testType="13cdc9d9-ddb5-4fa4-a97d-d965ccfc6d4b" outcome="Passed" testListId="8c84fa94-04c1-424b-9868-57a2d4851a1d" relativeResultsDirectory="2f8c5899-04ac-4c2d-bf34-4c7e3c54498b" />
    <UnitTestResult executionId="a29864d6-7d0f-4144-a385-74ea03c1610a" testId="49979d3a-e1d2-5f03-e0bd-673398ea7f72" testName="EpisodeIdentifier.Tests.Integration.IntegrationTestStubs.SubtitleWorkflow_PlaceholderTest" computerName="Freebie" duration="00:00:00.0000901" startTime="2025-09-17T21:48:36.7166281-07:00" endTime="2025-09-17T21:48:36.7166283-07:00" testType="13cdc9d9-ddb5-4fa4-a97d-d965ccfc6d4b" outcome="Passed" testListId="8c84fa94-04c1-424b-9868-57a2d4851a1d" relativeResultsDirectory="a29864d6-7d0f-4144-a385-74ea03c1610a" />
    <UnitTestResult executionId="610fe076-4231-4a67-9aa7-ff66c2bc3d81" testId="014e5030-c389-ff68-4155-fe9715557a2a" testName="EpisodeIdentifier.Tests.Integration.FilenameRecommendationTests.HighConfidenceWithLongNames_GeneratesTruncatedFilename" computerName="Freebie" duration="00:00:00.0102281" startTime="2025-09-17T21:48:36.8533479-07:00" endTime="2025-09-17T21:48:36.8533480-07:00" testType="13cdc9d9-ddb5-4fa4-a97d-d965ccfc6d4b" outcome="Passed" testListId="8c84fa94-04c1-424b-9868-57a2d4851a1d" relativeResultsDirectory="610fe076-4231-4a67-9aa7-ff66c2bc3d81" />
    <UnitTestResult executionId="654bbf8e-3408-40b6-8612-7994476815a5" testId="20ee62e4-e0eb-9ae0-d74b-aed776cdcbd2" testName="EpisodeIdentifier.Tests.Integration.FilenameRecommendationTests.HighConfidenceWithoutEpisodeName_GeneratesBasicFilename" computerName="Freebie" duration="00:00:00.0041843" startTime="2025-09-17T21:48:36.9358427-07:00" endTime="2025-09-17T21:48:36.9358427-07:00" testType="13cdc9d9-ddb5-4fa4-a97d-d965ccfc6d4b" outcome="Passed" testListId="8c84fa94-04c1-424b-9868-57a2d4851a1d" relativeResultsDirectory="654bbf8e-3408-40b6-8612-7994476815a5" />
    <UnitTestResult executionId="fb10f9c1-6fb9-45c2-a8ac-bd7d0af9fc28" testId="4ecc95e6-ba46-6c43-9e60-283c001ee09f" testName="EpisodeIdentifier.Tests.Integration.AssWorkflowTests.AssProcessingWorkflow_WithFormatHandlers_ProcessesCorrectly" computerName="Freebie" duration="00:00:00.0161426" startTime="2025-09-17T21:48:37.2148773-07:00" endTime="2025-09-17T21:48:37.2148773-07:00" testType="13cdc9d9-ddb5-4fa4-a97d-d965ccfc6d4b" outcome="Passed" testListId="8c84fa94-04c1-424b-9868-57a2d4851a1d" relativeResultsDirectory="fb10f9c1-6fb9-45c2-a8ac-bd7d0af9fc28" />
    <UnitTestResult executionId="31799030-e5e6-4ac4-98a5-4dc58fd03246" testId="3a3957a9-a0a7-6533-7b98-0250b27cce48" testName="EpisodeIdentifier.Tests.Integration.IntegrationTestStubs.PgsPriority_PlaceholderTest" computerName="Freebie" duration="00:00:00.0000610" startTime="2025-09-17T21:48:36.7703849-07:00" endTime="2025-09-17T21:48:36.7703851-07:00" testType="13cdc9d9-ddb5-4fa4-a97d-d965ccfc6d4b" outcome="Passed" testListId="8c84fa94-04c1-424b-9868-57a2d4851a1d" relativeResultsDirectory="31799030-e5e6-4ac4-98a5-4dc58fd03246" />
    <UnitTestResult executionId="a7baf31d-0029-4bcd-8bfc-e18dec2de2e9" testId="5e1646b7-ef52-ebed-6081-77735a28485d" testName="EpisodeIdentifier.Tests.Integration.SingleFileProcessingIntegrationTests.ProcessSingleFile_FilenamePatternMatching_ShouldRespectConfiguration(filename: &quot;Series.Name.S02E15.720p.mkv&quot;, shouldMatch: True)" computerName="Freebie" duration="00:00:00.3923451" startTime="2025-09-17T21:48:37.4426346-07:00" endTime="2025-09-17T21:48:37.4426348-07:00" testType="13cdc9d9-ddb5-4fa4-a97d-d965ccfc6d4b" outcome="Passed" testListId="8c84fa94-04c1-424b-9868-57a2d4851a1d" relativeResultsDirectory="a7baf31d-0029-4bcd-8bfc-e18dec2de2e9">
      <Output>
        <StdOut>[Information] EpisodeIdentifier.Core.Services.ConfigurationService: ConfigurationService initialized with path: /mnt/c/Users/Ragma/KnowShow_Specd/tests/integration/bin/Debug/net8.0/episodeidentifier.config.json
[Information] EpisodeIdentifier.Core.Services.ConfigurationService: ConfigurationService initialized with path: /mnt/c/Users/Ragma/KnowShow_Specd/tests/integration/bin/Debug/net8.0/episodeidentifier.config.json
[Information] EpisodeIdentifier.Core.Services.ConfigurationService: Starting configuration load operation ba76a1f7 from /mnt/c/Users/Ragma/KnowShow_Specd/tests/integration/bin/Debug/net8.0/episodeidentifier.config.json
[Warning] EpisodeIdentifier.Core.Services.ConfigurationService: Strict JSON parsing failed, attempting lenient legacy parse - Operation: ba76a1f7, Path: /mnt/c/Users/Ragma/KnowShow_Specd/tests/integration/bin/Debug/net8.0/episodeidentifier.config.json, Error: The JSON value could not be converted to EpisodeIdentifier.Core.Models.Configuration.FilenamePatterns. Path: $.FilenamePatterns | LineNumber: 7 | BytePositionInLine: 25.
[Information] EpisodeIdentifier.Core.Services.ConfigurationService: Configuration parsed using lenient legacy parser - Operation: ba76a1f7
[Information] EpisodeIdentifier.Core.Services.ConfigurationService: Configuration validation successful - Operation: 8b2f005d-89ab-460e-a42e-5590aa120aed, Duration: 5ms, ValidationRules: ConfigurationValidator
[Information] EpisodeIdentifier.Core.Services.ConfigurationService: Configuration loaded successfully - Operation: ba76a1f7, Path: /mnt/c/Users/Ragma/KnowShow_Specd/tests/integration/bin/Debug/net8.0/episodeidentifier.config.json, Duration: 25ms, Version: 2.0, HashingAlgorithm: CTPH, MatchThreshold: 80.0 %, RenameThreshold: 85.0 %, FuzzyHashThreshold: 75, MaxConcurrency: 1
[Information] EpisodeIdentifier.Core.Services.BulkProcessorService: Starting bulk processing for request 103466c7-d9d3-454b-ad94-20f0a56b5c99 with 1 paths
[Information] EpisodeIdentifier.Core.Services.ProgressTracker: Initializing progress tracker for request 103466c7-d9d3-454b-ad94-20f0a56b5c99 with 1 files
[Information] EpisodeIdentifier.Core.Services.FileDiscoveryService: Validating 1 paths
[Information] EpisodeIdentifier.Core.Services.FileDiscoveryService: Path validation completed: 1 accessible, 0 inaccessible
[Information] EpisodeIdentifier.Core.Services.FileDiscoveryService: Estimating file count for 1 paths
[Information] EpisodeIdentifier.Core.Services.FileDiscoveryService: Starting file discovery for 1 paths
[Information] EpisodeIdentifier.Core.Services.FileDiscoveryService: Estimated 1 files
[Information] EpisodeIdentifier.Core.Services.FileDiscoveryService: Starting file discovery for 1 paths
[Information] EpisodeIdentifier.Core.Services.BulkProcessorService: Discovered 1 files for request 103466c7-d9d3-454b-ad94-20f0a56b5c99
[Information] EpisodeIdentifier.Core.Services.BulkProcessorService: Starting batch processing: 1 files in 1 batches of 100 files each
[Information] EpisodeIdentifier.Core.Services.VideoFormatValidator: Validating AV1 encoding for /mnt/c/Users/Ragma/KnowShow_Specd/tests/integration/bin/Debug/net8.0/Series.Name.S02E15.720p.mkv
[Warning] EpisodeIdentifier.Core.Services.VideoFormatValidator: ffprobe failed with exit code 1
[Information] EpisodeIdentifier.Core.Services.BulkProcessorService: Non-fatal identification error for /mnt/c/Users/Ragma/KnowShow_Specd/tests/integration/bin/Debug/net8.0/Series.Name.S02E15.720p.mkv: UNSUPPORTED_FILE_TYPE - treating as processed in bulk mode
[Information] EpisodeIdentifier.Core.Services.BulkProcessorService: Batch processing statistics for request 103466c7-d9d3-454b-ad94-20f0a56b5c99: 1 batches (1 successful), 1 files processed in 215.1ms (avg 215.1ms per batch), total memory used: 0 bytes
[Information] EpisodeIdentifier.Core.Services.ProgressTracker: Marking request 103466c7-d9d3-454b-ad94-20f0a56b5c99 as completed with status Completed
[Information] EpisodeIdentifier.Core.Services.BulkProcessorService: Bulk processing completed for request 103466c7-d9d3-454b-ad94-20f0a56b5c99: Completed, 1 processed, 0 failed, 0 skipped in 00:00:00.3273130</StdOut>
      </Output>
    </UnitTestResult>
    <UnitTestResult executionId="0088a3b4-3840-484a-b5ae-f5b54de256a9" testId="f2e5722b-8870-f59e-35d9-f47c8c042a79" testName="EpisodeIdentifier.Tests.Integration.FileRenameIntegrationTests.NoRenameFlag_GeneratesSuggestionButDoesNotRename" computerName="Freebie" duration="00:00:00.1419404" startTime="2025-09-17T21:48:36.8428683-07:00" endTime="2025-09-17T21:48:36.8428684-07:00" testType="13cdc9d9-ddb5-4fa4-a97d-d965ccfc6d4b" outcome="Passed" testListId="8c84fa94-04c1-424b-9868-57a2d4851a1d" relativeResultsDirectory="0088a3b4-3840-484a-b5ae-f5b54de256a9" />
    <UnitTestResult executionId="31a48c27-eeb6-467c-9e71-c3a055f10135" testId="6209e311-c6ba-f949-974f-6c3888ef1430" testName="EpisodeIdentifier.Tests.Integration.ErrorHandlingConcurrentIntegrationTests.ConcurrentAccess_SharedResources_ShouldPreventDeadlocks" computerName="Freebie" duration="00:00:00.3180838" startTime="2025-09-17T21:48:37.7824495-07:00" endTime="2025-09-17T21:48:37.7824497-07:00" testType="13cdc9d9-ddb5-4fa4-a97d-d965ccfc6d4b" outcome="Passed" testListId="8c84fa94-04c1-424b-9868-57a2d4851a1d" relativeResultsDirectory="31a48c27-eeb6-467c-9e71-c3a055f10135">
      <Output>
        <StdOut>[Information] EpisodeIdentifier.Core.Services.ConfigurationService: ConfigurationService initialized with path: /mnt/c/Users/Ragma/KnowShow_Specd/tests/integration/bin/Debug/net8.0/episodeidentifier.config.json
[Information] EpisodeIdentifier.Core.Services.ConfigurationService: ConfigurationService initialized with path: /mnt/c/Users/Ragma/KnowShow_Specd/tests/integration/bin/Debug/net8.0/episodeidentifier.config.json
[Information] EpisodeIdentifier.Core.Services.BulkProcessorService: Starting bulk processing for request 23fb1060-a224-4be4-861c-f777f44baa11 with 10 paths
[Information] EpisodeIdentifier.Core.Services.ProgressTracker: Initializing progress tracker for request 23fb1060-a224-4be4-861c-f777f44baa11 with 10 files
[Information] EpisodeIdentifier.Core.Services.FileDiscoveryService: Validating 10 paths
[Information] EpisodeIdentifier.Core.Services.FileDiscoveryService: Path validation completed: 10 accessible, 0 inaccessible
[Information] EpisodeIdentifier.Core.Services.FileDiscoveryService: Estimating file count for 10 paths
[Information] EpisodeIdentifier.Core.Services.FileDiscoveryService: Starting file discovery for 10 paths
[Information] EpisodeIdentifier.Core.Services.FileDiscoveryService: Estimated 10 files
[Information] EpisodeIdentifier.Core.Services.FileDiscoveryService: Starting file discovery for 10 paths
[Information] EpisodeIdentifier.Core.Services.BulkProcessorService: Discovered 10 files for request 23fb1060-a224-4be4-861c-f777f44baa11
[Information] EpisodeIdentifier.Core.Services.BulkProcessorService: Starting batch processing: 10 files in 1 batches of 100 files each
[Information] EpisodeIdentifier.Core.Services.VideoFormatValidator: Validating AV1 encoding for /mnt/c/Users/Ragma/KnowShow_Specd/tests/integration/bin/Debug/net8.0/Concurrent.S01E01.mkv
[Information] EpisodeIdentifier.Core.Services.VideoFormatValidator: Validating AV1 encoding for /mnt/c/Users/Ragma/KnowShow_Specd/tests/integration/bin/Debug/net8.0/Concurrent.S01E02.mkv
[Information] EpisodeIdentifier.Core.Services.VideoFormatValidator: Validating AV1 encoding for /mnt/c/Users/Ragma/KnowShow_Specd/tests/integration/bin/Debug/net8.0/Concurrent.S01E03.mkv
[Information] EpisodeIdentifier.Core.Services.VideoFormatValidator: Validating AV1 encoding for /mnt/c/Users/Ragma/KnowShow_Specd/tests/integration/bin/Debug/net8.0/Concurrent.S01E04.mkv
[Information] EpisodeIdentifier.Core.Services.VideoFormatValidator: Validating AV1 encoding for /mnt/c/Users/Ragma/KnowShow_Specd/tests/integration/bin/Debug/net8.0/Concurrent.S01E05.mkv
[Warning] EpisodeIdentifier.Core.Services.VideoFormatValidator: ffprobe failed with exit code 1
[Warning] EpisodeIdentifier.Core.Services.VideoFormatValidator: ffprobe failed with exit code 1
[Information] EpisodeIdentifier.Core.Services.BulkProcessorService: Non-fatal identification error for /mnt/c/Users/Ragma/KnowShow_Specd/tests/integration/bin/Debug/net8.0/Concurrent.S01E02.mkv: UNSUPPORTED_FILE_TYPE - treating as processed in bulk mode
[Information] EpisodeIdentifier.Core.Services.BulkProcessorService: Non-fatal identification error for /mnt/c/Users/Ragma/KnowShow_Specd/tests/integration/bin/Debug/net8.0/Concurrent.S01E01.mkv: UNSUPPORTED_FILE_TYPE - treating as processed in bulk mode
[Warning] EpisodeIdentifier.Core.Services.VideoFormatValidator: ffprobe failed with exit code 1
[Information] EpisodeIdentifier.Core.Services.BulkProcessorService: Non-fatal identification error for /mnt/c/Users/Ragma/KnowShow_Specd/tests/integration/bin/Debug/net8.0/Concurrent.S01E03.mkv: UNSUPPORTED_FILE_TYPE - treating as processed in bulk mode
[Information] EpisodeIdentifier.Core.Services.VideoFormatValidator: Validating AV1 encoding for /mnt/c/Users/Ragma/KnowShow_Specd/tests/integration/bin/Debug/net8.0/Concurrent.S01E06.mkv
[Information] EpisodeIdentifier.Core.Services.VideoFormatValidator: Validating AV1 encoding for /mnt/c/Users/Ragma/KnowShow_Specd/tests/integration/bin/Debug/net8.0/Concurrent.S01E07.mkv
[Information] EpisodeIdentifier.Core.Services.VideoFormatValidator: Validating AV1 encoding for /mnt/c/Users/Ragma/KnowShow_Specd/tests/integration/bin/Debug/net8.0/Concurrent.S01E08.mkv
[Warning] EpisodeIdentifier.Core.Services.VideoFormatValidator: ffprobe failed with exit code 1
[Information] EpisodeIdentifier.Core.Services.BulkProcessorService: Non-fatal identification error for /mnt/c/Users/Ragma/KnowShow_Specd/tests/integration/bin/Debug/net8.0/Concurrent.S01E04.mkv: UNSUPPORTED_FILE_TYPE - treating as processed in bulk mode
[Warning] EpisodeIdentifier.Core.Services.VideoFormatValidator: ffprobe failed with exit code 1
[Information] EpisodeIdentifier.Core.Services.BulkProcessorService: Non-fatal identification error for /mnt/c/Users/Ragma/KnowShow_Specd/tests/integration/bin/Debug/net8.0/Concurrent.S01E05.mkv: UNSUPPORTED_FILE_TYPE - treating as processed in bulk mode
[Information] EpisodeIdentifier.Core.Services.VideoFormatValidator: Validating AV1 encoding for /mnt/c/Users/Ragma/KnowShow_Specd/tests/integration/bin/Debug/net8.0/Concurrent.S01E09.mkv
[Information] EpisodeIdentifier.Core.Services.VideoFormatValidator: Validating AV1 encoding for /mnt/c/Users/Ragma/KnowShow_Specd/tests/integration/bin/Debug/net8.0/Concurrent.S01E10.mkv
[Warning] EpisodeIdentifier.Core.Services.VideoFormatValidator: ffprobe failed with exit code 1
[Information] EpisodeIdentifier.Core.Services.BulkProcessorService: Non-fatal identification error for /mnt/c/Users/Ragma/KnowShow_Specd/tests/integration/bin/Debug/net8.0/Concurrent.S01E08.mkv: UNSUPPORTED_FILE_TYPE - treating as processed in bulk mode
[Warning] EpisodeIdentifier.Core.Services.VideoFormatValidator: ffprobe failed with exit code 1
[Information] EpisodeIdentifier.Core.Services.BulkProcessorService: Non-fatal identification error for /mnt/c/Users/Ragma/KnowShow_Specd/tests/integration/bin/Debug/net8.0/Concurrent.S01E06.mkv: UNSUPPORTED_FILE_TYPE - treating as processed in bulk mode
[Warning] EpisodeIdentifier.Core.Services.VideoFormatValidator: ffprobe failed with exit code 1
[Information] EpisodeIdentifier.Core.Services.BulkProcessorService: Non-fatal identification error for /mnt/c/Users/Ragma/KnowShow_Specd/tests/integration/bin/Debug/net8.0/Concurrent.S01E07.mkv: UNSUPPORTED_FILE_TYPE - treating as processed in bulk mode
[Warning] EpisodeIdentifier.Core.Services.VideoFormatValidator: ffprobe failed with exit code 1
[Information] EpisodeIdentifier.Core.Services.BulkProcessorService: Non-fatal identification error for /mnt/c/Users/Ragma/KnowShow_Specd/tests/integration/bin/Debug/net8.0/Concurrent.S01E10.mkv: UNSUPPORTED_FILE_TYPE - treating as processed in bulk mode
[Warning] EpisodeIdentifier.Core.Services.VideoFormatValidator: ffprobe failed with exit code 1
[Information] EpisodeIdentifier.Core.Services.BulkProcessorService: Non-fatal identification error for /mnt/c/Users/Ragma/KnowShow_Specd/tests/integration/bin/Debug/net8.0/Concurrent.S01E09.mkv: UNSUPPORTED_FILE_TYPE - treating as processed in bulk mode
[Information] EpisodeIdentifier.Core.Services.BulkProcessorService: Batch processing statistics for request 23fb1060-a224-4be4-861c-f777f44baa11: 1 batches (1 successful), 10 files processed in 224.9ms (avg 224.9ms per batch), total memory used: 917,976 bytes
[Information] EpisodeIdentifier.Core.Services.ProgressTracker: Marking request 23fb1060-a224-4be4-861c-f777f44baa11 as completed with status Completed
[Information] EpisodeIdentifier.Core.Services.BulkProcessorService: Bulk processing completed for request 23fb1060-a224-4be4-861c-f777f44baa11: Completed, 10 processed, 0 failed, 0 skipped in 00:00:00.2909487</StdOut>
      </Output>
    </UnitTestResult>
    <UnitTestResult executionId="47c08a4f-9861-49a3-9c15-d3690b7478d0" testId="a50f3e05-713b-770f-6c97-cd3a3825956c" testName="EpisodeIdentifier.Tests.Integration.ConfigurationLoadingTests.LoadConfiguration_WithMissingRequiredFields_ReturnsValidationErrors" computerName="Freebie" duration="00:00:00.3036661" startTime="2025-09-17T21:48:37.2240566-07:00" endTime="2025-09-17T21:48:37.2240568-07:00" testType="13cdc9d9-ddb5-4fa4-a97d-d965ccfc6d4b" outcome="Passed" testListId="8c84fa94-04c1-424b-9868-57a2d4851a1d" relativeResultsDirectory="47c08a4f-9861-49a3-9c15-d3690b7478d0" />
    <UnitTestResult executionId="6241e1a0-eda7-423c-84d8-f1d5aca0c3a6" testId="9675b8ec-e9e4-d258-d325-201e86a4e2c6" testName="EpisodeIdentifier.Tests.Integration.HotReloadDuringProcessingIntegrationTests.ProcessingInProgress_CorruptedConfigurationFile_ShouldHandleGracefully" computerName="Freebie" duration="00:00:00.1583323" startTime="2025-09-17T21:48:37.8428812-07:00" endTime="2025-09-17T21:48:37.8428813-07:00" testType="13cdc9d9-ddb5-4fa4-a97d-d965ccfc6d4b" outcome="Passed" testListId="8c84fa94-04c1-424b-9868-57a2d4851a1d" relativeResultsDirectory="6241e1a0-eda7-423c-84d8-f1d5aca0c3a6">
      <Output>
        <StdOut>[Information] EpisodeIdentifier.Core.Services.ConfigurationService: ConfigurationService initialized with path: /mnt/c/Users/Ragma/KnowShow_Specd/tests/integration/bin/Debug/net8.0/episodeidentifier.config.json
[Information] EpisodeIdentifier.Core.Services.ConfigurationService: ConfigurationService initialized with path: /mnt/c/Users/Ragma/KnowShow_Specd/tests/integration/bin/Debug/net8.0/episodeidentifier.config.json
[Information] EpisodeIdentifier.Core.Services.BulkProcessorService: Starting bulk processing for request 97a480a4-dda2-4af8-9cea-20fc3a3176bc with 1 paths
[Information] EpisodeIdentifier.Core.Services.ProgressTracker: Initializing progress tracker for request 97a480a4-dda2-4af8-9cea-20fc3a3176bc with 1 files
[Information] EpisodeIdentifier.Core.Services.FileDiscoveryService: Validating 1 paths
[Information] EpisodeIdentifier.Core.Services.FileDiscoveryService: Path validation completed: 1 accessible, 0 inaccessible
[Information] EpisodeIdentifier.Core.Services.FileDiscoveryService: Estimating file count for 1 paths
[Information] EpisodeIdentifier.Core.Services.FileDiscoveryService: Starting file discovery for 1 paths
[Information] EpisodeIdentifier.Core.Services.FileDiscoveryService: Estimated 1 files
[Information] EpisodeIdentifier.Core.Services.FileDiscoveryService: Starting file discovery for 1 paths
[Information] EpisodeIdentifier.Core.Services.BulkProcessorService: Discovered 1 files for request 97a480a4-dda2-4af8-9cea-20fc3a3176bc
[Information] EpisodeIdentifier.Core.Services.BulkProcessorService: Starting batch processing: 1 files in 1 batches of 100 files each
[Information] EpisodeIdentifier.Core.Services.VideoFormatValidator: Validating AV1 encoding for /mnt/c/Users/Ragma/KnowShow_Specd/tests/integration/bin/Debug/net8.0/Test.S01E01.mkv
[Warning] EpisodeIdentifier.Core.Services.VideoFormatValidator: ffprobe failed with exit code 1
[Information] EpisodeIdentifier.Core.Services.BulkProcessorService: Non-fatal identification error for /mnt/c/Users/Ragma/KnowShow_Specd/tests/integration/bin/Debug/net8.0/Test.S01E01.mkv: UNSUPPORTED_FILE_TYPE - treating as processed in bulk mode
[Information] EpisodeIdentifier.Core.Services.BulkProcessorService: Batch processing statistics for request 97a480a4-dda2-4af8-9cea-20fc3a3176bc: 1 batches (1 successful), 1 files processed in 75.6ms (avg 75.6ms per batch), total memory used: 0 bytes
[Information] EpisodeIdentifier.Core.Services.ProgressTracker: Marking request 97a480a4-dda2-4af8-9cea-20fc3a3176bc as completed with status Completed
[Information] EpisodeIdentifier.Core.Services.BulkProcessorService: Bulk processing completed for request 97a480a4-dda2-4af8-9cea-20fc3a3176bc: Completed, 1 processed, 0 failed, 0 skipped in 00:00:00.1386432
[Information] EpisodeIdentifier.Core.Services.ConfigurationService: Starting configuration load operation 6f8b7882 from /mnt/c/Users/Ragma/KnowShow_Specd/tests/integration/bin/Debug/net8.0/episodeidentifier.config.json
[Warning] EpisodeIdentifier.Core.Services.ConfigurationService: Strict JSON parsing failed, attempting lenient legacy parse - Operation: 6f8b7882, Path: /mnt/c/Users/Ragma/KnowShow_Specd/tests/integration/bin/Debug/net8.0/episodeidentifier.config.json, Error: 'i' is an invalid start of a property name. Expected a '"'. Path: $ | LineNumber: 0 | BytePositionInLine: 2.
[Error] EpisodeIdentifier.Core.Services.ConfigurationService: Lenient legacy parse failed - Operation: 6f8b7882, Path: /mnt/c/Users/Ragma/KnowShow_Specd/tests/integration/bin/Debug/net8.0/episodeidentifier.config.json, Error: 'i' is an invalid start of a property name. Expected a '"'. LineNumber: 0 | BytePositionInLine: 2., Duration: 9ms</StdOut>
      </Output>
    </UnitTestResult>
    <UnitTestResult executionId="0ee6d899-f941-4f93-a0f0-15758b56a5e3" testId="6c944626-d838-91d8-815d-576ccfb4931a" testName="EpisodeIdentifier.Tests.Integration.Services.FileDiscoveryServiceIntegrationTests.DiscoverFilesAsync_WithFilePermissionIssues_ShouldHandleGracefully" computerName="Freebie" duration="00:00:00.0084766" startTime="2025-09-17T21:48:37.4554412-07:00" endTime="2025-09-17T21:48:37.4554413-07:00" testType="13cdc9d9-ddb5-4fa4-a97d-d965ccfc6d4b" outcome="Passed" testListId="8c84fa94-04c1-424b-9868-57a2d4851a1d" relativeResultsDirectory="0ee6d899-f941-4f93-a0f0-15758b56a5e3" />
    <UnitTestResult executionId="bbbb7729-e79e-40f7-9505-d1784853d7fb" testId="9025f353-f4d8-b28f-cb81-3ed0a5ab0ccd" testName="EpisodeIdentifier.Tests.Integration.IntegrationTestStubs.VttWorkflow_PlaceholderTest" computerName="Freebie" duration="00:00:00.0000337" startTime="2025-09-17T21:48:36.7704953-07:00" endTime="2025-09-17T21:48:36.7704954-07:00" testType="13cdc9d9-ddb5-4fa4-a97d-d965ccfc6d4b" outcome="Passed" testListId="8c84fa94-04c1-424b-9868-57a2d4851a1d" relativeResultsDirectory="bbbb7729-e79e-40f7-9505-d1784853d7fb" />
    <UnitTestResult executionId="c628a610-e1fe-4886-b652-3a91f04a0e37" testId="00b2b8b4-7367-a76f-e99d-c22f8cef580d" testName="EpisodeIdentifier.Tests.Integration.IntegrationTestStubs.MultiTrackProcessing_PlaceholderTest" computerName="Freebie" duration="00:00:00.0000791" startTime="2025-09-17T21:48:36.7702238-07:00" endTime="2025-09-17T21:48:36.7702239-07:00" testType="13cdc9d9-ddb5-4fa4-a97d-d965ccfc6d4b" outcome="Passed" testListId="8c84fa94-04c1-424b-9868-57a2d4851a1d" relativeResultsDirectory="c628a610-e1fe-4886-b652-3a91f04a0e37" />
    <UnitTestResult executionId="bb52bf00-9d28-4246-ae6b-19cb01e60cca" testId="f50e7700-9f0d-313e-eef1-47708e04b72a" testName="EpisodeIdentifier.Tests.Integration.ConfigHotReloadTests.HotReload_DuringFileProcessing_DetectsConfigChanges" computerName="Freebie" duration="00:00:02.1303772" startTime="2025-09-17T21:48:40.3650363-07:00" endTime="2025-09-17T21:48:40.3650365-07:00" testType="13cdc9d9-ddb5-4fa4-a97d-d965ccfc6d4b" outcome="Passed" testListId="8c84fa94-04c1-424b-9868-57a2d4851a1d" relativeResultsDirectory="bb52bf00-9d28-4246-ae6b-19cb01e60cca" />
    <UnitTestResult executionId="beb88233-2611-4a5d-9a36-3b9e3445fdc5" testId="60aca83b-1ae0-f35a-8e3c-b453f963a625" testName="EpisodeIdentifier.Tests.Integration.FilenameRecommendationTests.DatabaseIntegration_StoresAndRetrievesEpisodeNames" computerName="Freebie" duration="00:00:00.0519670" startTime="2025-09-17T21:48:37.0011995-07:00" endTime="2025-09-17T21:48:37.0011997-07:00" testType="13cdc9d9-ddb5-4fa4-a97d-d965ccfc6d4b" outcome="Passed" testListId="8c84fa94-04c1-424b-9868-57a2d4851a1d" relativeResultsDirectory="beb88233-2611-4a5d-9a36-3b9e3445fdc5" />
    <UnitTestResult executionId="50780a6d-1f56-4068-8678-a56e7619744b" testId="aa8582bc-71d8-c1f6-eeb0-cc8f15fff8a6" testName="EpisodeIdentifier.Tests.Integration.IntegrationTestStubs.AssWorkflow_PlaceholderTest" computerName="Freebie" duration="00:00:00.0034004" startTime="2025-09-17T21:48:36.7120174-07:00" endTime="2025-09-17T21:48:36.7120356-07:00" testType="13cdc9d9-ddb5-4fa4-a97d-d965ccfc6d4b" outcome="Passed" testListId="8c84fa94-04c1-424b-9868-57a2d4851a1d" relativeResultsDirectory="50780a6d-1f56-4068-8678-a56e7619744b" />
    <UnitTestResult executionId="bb84d99a-3ee5-41b6-b07f-bc8fac2ef411" testId="b91d58e9-2ec3-4514-21e5-0037752a8096" testName="EpisodeIdentifier.Tests.Integration.FuzzyHashWorkflowTests.ComputeAndCompareFuzzyHashes_WithSimilarFiles_ReturnsModerateScore" computerName="Freebie" duration="00:00:00.2817630" startTime="2025-09-17T21:48:38.0484336-07:00" endTime="2025-09-17T21:48:38.0484337-07:00" testType="13cdc9d9-ddb5-4fa4-a97d-d965ccfc6d4b" outcome="Passed" testListId="8c84fa94-04c1-424b-9868-57a2d4851a1d" relativeResultsDirectory="bb84d99a-3ee5-41b6-b07f-bc8fac2ef411" />
    <UnitTestResult executionId="b0e4fc10-5aa7-4b7f-bf43-666b4fc5bf5b" testId="f9c4d39d-53d8-9efc-9fd0-bf7323abe03b" testName="EpisodeIdentifier.Tests.Integration.HotReloadDuringProcessingIntegrationTests.HotReload_FileSystemWatcher_ShouldDetectConfigurationChanges" computerName="Freebie" duration="00:00:00.0494391" startTime="2025-09-17T21:48:38.7642483-07:00" endTime="2025-09-17T21:48:38.7642485-07:00" testType="13cdc9d9-ddb5-4fa4-a97d-d965ccfc6d4b" outcome="Passed" testListId="8c84fa94-04c1-424b-9868-57a2d4851a1d" relativeResultsDirectory="b0e4fc10-5aa7-4b7f-bf43-666b4fc5bf5b">
      <Output>
        <StdOut>[Information] EpisodeIdentifier.Core.Services.ConfigurationService: ConfigurationService initialized with path: /mnt/c/Users/Ragma/KnowShow_Specd/tests/integration/bin/Debug/net8.0/episodeidentifier.config.json
[Information] EpisodeIdentifier.Core.Services.ConfigurationService: Starting configuration load operation c2145bd1 from /mnt/c/Users/Ragma/KnowShow_Specd/tests/integration/bin/Debug/net8.0/episodeidentifier.config.json
[Information] EpisodeIdentifier.Core.Services.ConfigurationService: Configuration validation successful - Operation: 899f6370-0e1b-4efe-a7f5-2108b3b0d864, Duration: 0ms, ValidationRules: ConfigurationValidator
[Information] EpisodeIdentifier.Core.Services.ConfigurationService: Configuration loaded successfully - Operation: c2145bd1, Path: /mnt/c/Users/Ragma/KnowShow_Specd/tests/integration/bin/Debug/net8.0/episodeidentifier.config.json, Duration: 3ms, Version: 2.0, HashingAlgorithm: CTPH, MatchThreshold: 80.0 %, RenameThreshold: 85.0 %, FuzzyHashThreshold: 75, MaxConcurrency: 2
[Information] EpisodeIdentifier.Core.Services.ConfigurationService: Starting configuration load operation d79f3b90 from /mnt/c/Users/Ragma/KnowShow_Specd/tests/integration/bin/Debug/net8.0/episodeidentifier.config.json
[Information] EpisodeIdentifier.Core.Services.ConfigurationService: Configuration validation successful - Operation: 2b1c5158-f366-4d46-8f3f-610ef77557f0, Duration: 0ms, ValidationRules: ConfigurationValidator
[Information] EpisodeIdentifier.Core.Services.ConfigurationService: Configuration loaded successfully - Operation: d79f3b90, Path: /mnt/c/Users/Ragma/KnowShow_Specd/tests/integration/bin/Debug/net8.0/episodeidentifier.config.json, Duration: 3ms, Version: 2.0, HashingAlgorithm: CTPH, MatchThreshold: 80.0 %, RenameThreshold: 85.0 %, FuzzyHashThreshold: 75, MaxConcurrency: 5</StdOut>
      </Output>
    </UnitTestResult>
    <UnitTestResult executionId="f9b3ccce-c15b-44cc-a22f-298bf050367d" testId="63442ac7-39ba-7f15-56b5-967d85ab2ec8" testName="EpisodeIdentifier.Tests.Integration.ConfigHotReloadTests.HotReload_WithMultipleQuickChanges_HandlesDebouncing" computerName="Freebie" duration="00:00:00.7996685" startTime="2025-09-17T21:48:37.9968765-07:00" endTime="2025-09-17T21:48:37.9968766-07:00" testType="13cdc9d9-ddb5-4fa4-a97d-d965ccfc6d4b" outcome="Passed" testListId="8c84fa94-04c1-424b-9868-57a2d4851a1d" relativeResultsDirectory="f9b3ccce-c15b-44cc-a22f-298bf050367d" />
    <UnitTestResult executionId="3d759526-6abb-45f3-a241-80d82d9381b9" testId="0ed42e33-7fb1-1664-74ac-e77817d5b73e" testName="EpisodeIdentifier.Tests.Integration.FileRenameIntegrationTests.RenameFlag_CompleteWorkflowSimulation_ReturnsCorrectJson" computerName="Freebie" duration="00:00:00.0337461" startTime="2025-09-17T21:48:37.3745795-07:00" endTime="2025-09-17T21:48:37.3745797-07:00" testType="13cdc9d9-ddb5-4fa4-a97d-d965ccfc6d4b" outcome="Passed" testListId="8c84fa94-04c1-424b-9868-57a2d4851a1d" relativeResultsDirectory="3d759526-6abb-45f3-a241-80d82d9381b9" />
    <UnitTestResult executionId="e01561a4-e49a-4948-a468-8f5d21ed573b" testId="e7948784-b806-5d26-5ff0-4bfd23508e8b" testName="EpisodeIdentifier.Tests.Integration.FilenameRecommendationTests.DifferentFileExtensions_GenerateCorrectFilenames" computerName="Freebie" duration="00:00:00.1484592" startTime="2025-09-17T21:48:36.8430056-07:00" endTime="2025-09-17T21:48:36.8430057-07:00" testType="13cdc9d9-ddb5-4fa4-a97d-d965ccfc6d4b" outcome="Passed" testListId="8c84fa94-04c1-424b-9868-57a2d4851a1d" relativeResultsDirectory="e01561a4-e49a-4948-a468-8f5d21ed573b" />
    <UnitTestResult executionId="fcf74e9a-18ed-4a4a-8aa4-7e2a30c32a35" testId="866df68a-9d27-f0de-6dd1-4cb7b3b01855" testName="EpisodeIdentifier.Tests.Integration.ErrorHandlingConcurrentIntegrationTests.HighConcurrency_FileSystemErrors_ShouldMaintainStability" computerName="Freebie" duration="00:00:00.3804370" startTime="2025-09-17T21:48:38.3694918-07:00" endTime="2025-09-17T21:48:38.3694919-07:00" testType="13cdc9d9-ddb5-4fa4-a97d-d965ccfc6d4b" outcome="Passed" testListId="8c84fa94-04c1-424b-9868-57a2d4851a1d" relativeResultsDirectory="fcf74e9a-18ed-4a4a-8aa4-7e2a30c32a35">
      <Output>
        <StdOut>[Information] EpisodeIdentifier.Core.Services.ConfigurationService: ConfigurationService initialized with path: /mnt/c/Users/Ragma/KnowShow_Specd/tests/integration/bin/Debug/net8.0/episodeidentifier.config.json
[Information] EpisodeIdentifier.Core.Services.ConfigurationService: ConfigurationService initialized with path: /mnt/c/Users/Ragma/KnowShow_Specd/tests/integration/bin/Debug/net8.0/episodeidentifier.config.json
[Information] EpisodeIdentifier.Core.Services.BulkProcessorService: Starting bulk processing for request 7f698a6e-e60d-4dc1-83eb-20e6c43528b1 with 20 paths
[Information] EpisodeIdentifier.Core.Services.ProgressTracker: Initializing progress tracker for request 7f698a6e-e60d-4dc1-83eb-20e6c43528b1 with 20 files
[Information] EpisodeIdentifier.Core.Services.FileDiscoveryService: Validating 20 paths
[Information] EpisodeIdentifier.Core.Services.FileDiscoveryService: Path validation completed: 15 accessible, 5 inaccessible
[Warning] EpisodeIdentifier.Core.Services.BulkProcessorService: Proceeding with processing for 7f698a6e-e60d-4dc1-83eb-20e6c43528b1 despite 5 non-fatal validation errors (ContinueOnError enabled)
[Information] EpisodeIdentifier.Core.Services.FileDiscoveryService: Estimating file count for 20 paths
[Information] EpisodeIdentifier.Core.Services.FileDiscoveryService: Starting file discovery for 20 paths
[Warning] EpisodeIdentifier.Core.Services.FileDiscoveryService: Path does not exist: /mnt/c/Users/Ragma/KnowShow_Specd/tests/integration/bin/Debug/net8.0/Test.S01E01.mkv
[Error] EpisodeIdentifier.Core.Services.BulkProcessorService: Failed to estimate processing requirements for request 7f698a6e-e60d-4dc1-83eb-20e6c43528b1
[Warning] EpisodeIdentifier.Core.Services.BulkProcessorService: Estimation encountered an error for 7f698a6e-e60d-4dc1-83eb-20e6c43528b1; continuing due to ContinueOnError
[Information] EpisodeIdentifier.Core.Services.FileDiscoveryService: Starting file discovery for 15 paths
[Information] EpisodeIdentifier.Core.Services.BulkProcessorService: Discovered 15 files for request 7f698a6e-e60d-4dc1-83eb-20e6c43528b1
[Information] EpisodeIdentifier.Core.Services.BulkProcessorService: Starting batch processing: 15 files in 1 batches of 100 files each
[Information] EpisodeIdentifier.Core.Services.VideoFormatValidator: Validating AV1 encoding for /mnt/c/Users/Ragma/KnowShow_Specd/tests/integration/bin/Debug/net8.0/Test.S01E02.mkv
[Information] EpisodeIdentifier.Core.Services.VideoFormatValidator: Validating AV1 encoding for /mnt/c/Users/Ragma/KnowShow_Specd/tests/integration/bin/Debug/net8.0/Test.S01E03.mkv
[Information] EpisodeIdentifier.Core.Services.VideoFormatValidator: Validating AV1 encoding for /mnt/c/Users/Ragma/KnowShow_Specd/tests/integration/bin/Debug/net8.0/Test.S01E04.mkv
[Information] EpisodeIdentifier.Core.Services.VideoFormatValidator: Validating AV1 encoding for /mnt/c/Users/Ragma/KnowShow_Specd/tests/integration/bin/Debug/net8.0/Test.S01E06.mkv
[Information] EpisodeIdentifier.Core.Services.VideoFormatValidator: Validating AV1 encoding for /mnt/c/Users/Ragma/KnowShow_Specd/tests/integration/bin/Debug/net8.0/Test.S01E07.mkv
[Information] EpisodeIdentifier.Core.Services.VideoFormatValidator: Validating AV1 encoding for /mnt/c/Users/Ragma/KnowShow_Specd/tests/integration/bin/Debug/net8.0/Test.S01E08.mkv
[Information] EpisodeIdentifier.Core.Services.VideoFormatValidator: Validating AV1 encoding for /mnt/c/Users/Ragma/KnowShow_Specd/tests/integration/bin/Debug/net8.0/Test.S01E10.mkv
[Warning] EpisodeIdentifier.Core.Services.VideoFormatValidator: ffprobe failed with exit code 1
[Information] EpisodeIdentifier.Core.Services.BulkProcessorService: Non-fatal identification error for /mnt/c/Users/Ragma/KnowShow_Specd/tests/integration/bin/Debug/net8.0/Test.S01E02.mkv: UNSUPPORTED_FILE_TYPE - treating as processed in bulk mode
[Information] EpisodeIdentifier.Core.Services.VideoFormatValidator: Validating AV1 encoding for /mnt/c/Users/Ragma/KnowShow_Specd/tests/integration/bin/Debug/net8.0/Test.S01E11.mkv
[Warning] EpisodeIdentifier.Core.Services.VideoFormatValidator: ffprobe failed with exit code 1
[Warning] EpisodeIdentifier.Core.Services.VideoFormatValidator: ffprobe failed with exit code 1
[Warning] EpisodeIdentifier.Core.Services.VideoFormatValidator: ffprobe failed with exit code 1
[Warning] EpisodeIdentifier.Core.Services.VideoFormatValidator: ffprobe failed with exit code 1
[Information] EpisodeIdentifier.Core.Services.BulkProcessorService: Non-fatal identification error for /mnt/c/Users/Ragma/KnowShow_Specd/tests/integration/bin/Debug/net8.0/Test.S01E07.mkv: UNSUPPORTED_FILE_TYPE - treating as processed in bulk mode
[Information] EpisodeIdentifier.Core.Services.BulkProcessorService: Non-fatal identification error for /mnt/c/Users/Ragma/KnowShow_Specd/tests/integration/bin/Debug/net8.0/Test.S01E04.mkv: UNSUPPORTED_FILE_TYPE - treating as processed in bulk mode
[Information] EpisodeIdentifier.Core.Services.BulkProcessorService: Non-fatal identification error for /mnt/c/Users/Ragma/KnowShow_Specd/tests/integration/bin/Debug/net8.0/Test.S01E06.mkv: UNSUPPORTED_FILE_TYPE - treating as processed in bulk mode
[Information] EpisodeIdentifier.Core.Services.BulkProcessorService: Non-fatal identification error for /mnt/c/Users/Ragma/KnowShow_Specd/tests/integration/bin/Debug/net8.0/Test.S01E03.mkv: UNSUPPORTED_FILE_TYPE - treating as processed in bulk mode
[Information] EpisodeIdentifier.Core.Services.VideoFormatValidator: Validating AV1 encoding for /mnt/c/Users/Ragma/KnowShow_Specd/tests/integration/bin/Debug/net8.0/Test.S01E12.mkv
[Information] EpisodeIdentifier.Core.Services.VideoFormatValidator: Validating AV1 encoding for /mnt/c/Users/Ragma/KnowShow_Specd/tests/integration/bin/Debug/net8.0/Test.S01E15.mkv
[Information] EpisodeIdentifier.Core.Services.VideoFormatValidator: Validating AV1 encoding for /mnt/c/Users/Ragma/KnowShow_Specd/tests/integration/bin/Debug/net8.0/Test.S01E16.mkv
[Information] EpisodeIdentifier.Core.Services.VideoFormatValidator: Validating AV1 encoding for /mnt/c/Users/Ragma/KnowShow_Specd/tests/integration/bin/Debug/net8.0/Test.S01E14.mkv
[Information] EpisodeIdentifier.Core.Services.VideoFormatValidator: Validating AV1 encoding for /mnt/c/Users/Ragma/KnowShow_Specd/tests/integration/bin/Debug/net8.0/Test.S01E18.mkv
[Warning] EpisodeIdentifier.Core.Services.VideoFormatValidator: ffprobe failed with exit code 1
[Information] EpisodeIdentifier.Core.Services.BulkProcessorService: Non-fatal identification error for /mnt/c/Users/Ragma/KnowShow_Specd/tests/integration/bin/Debug/net8.0/Test.S01E08.mkv: UNSUPPORTED_FILE_TYPE - treating as processed in bulk mode
[Information] EpisodeIdentifier.Core.Services.VideoFormatValidator: Validating AV1 encoding for /mnt/c/Users/Ragma/KnowShow_Specd/tests/integration/bin/Debug/net8.0/Test.S01E19.mkv
[Warning] EpisodeIdentifier.Core.Services.VideoFormatValidator: ffprobe failed with exit code 1
[Information] EpisodeIdentifier.Core.Services.BulkProcessorService: Non-fatal identification error for /mnt/c/Users/Ragma/KnowShow_Specd/tests/integration/bin/Debug/net8.0/Test.S01E10.mkv: UNSUPPORTED_FILE_TYPE - treating as processed in bulk mode
[Warning] EpisodeIdentifier.Core.Services.VideoFormatValidator: ffprobe failed with exit code 1
[Information] EpisodeIdentifier.Core.Services.BulkProcessorService: Non-fatal identification error for /mnt/c/Users/Ragma/KnowShow_Specd/tests/integration/bin/Debug/net8.0/Test.S01E11.mkv: UNSUPPORTED_FILE_TYPE - treating as processed in bulk mode
[Information] EpisodeIdentifier.Core.Services.VideoFormatValidator: Validating AV1 encoding for /mnt/c/Users/Ragma/KnowShow_Specd/tests/integration/bin/Debug/net8.0/Test.S01E20.mkv
[Warning] EpisodeIdentifier.Core.Services.VideoFormatValidator: ffprobe failed with exit code 1
[Information] EpisodeIdentifier.Core.Services.BulkProcessorService: Non-fatal identification error for /mnt/c/Users/Ragma/KnowShow_Specd/tests/integration/bin/Debug/net8.0/Test.S01E12.mkv: UNSUPPORTED_FILE_TYPE - treating as processed in bulk mode
[Warning] EpisodeIdentifier.Core.Services.VideoFormatValidator: ffprobe failed with exit code 1
[Information] EpisodeIdentifier.Core.Services.BulkProcessorService: Non-fatal identification error for /mnt/c/Users/Ragma/KnowShow_Specd/tests/integration/bin/Debug/net8.0/Test.S01E15.mkv: UNSUPPORTED_FILE_TYPE - treating as processed in bulk mode
[Warning] EpisodeIdentifier.Core.Services.VideoFormatValidator: ffprobe failed with exit code 1
[Information] EpisodeIdentifier.Core.Services.BulkProcessorService: Non-fatal identification error for /mnt/c/Users/Ragma/KnowShow_Specd/tests/integration/bin/Debug/net8.0/Test.S01E16.mkv: UNSUPPORTED_FILE_TYPE - treating as processed in bulk mode
[Warning] EpisodeIdentifier.Core.Services.VideoFormatValidator: ffprobe failed with exit code 1
[Information] EpisodeIdentifier.Core.Services.BulkProcessorService: Non-fatal identification error for /mnt/c/Users/Ragma/KnowShow_Specd/tests/integration/bin/Debug/net8.0/Test.S01E19.mkv: UNSUPPORTED_FILE_TYPE - treating as processed in bulk mode
[Warning] EpisodeIdentifier.Core.Services.VideoFormatValidator: ffprobe failed with exit code 1
[Information] EpisodeIdentifier.Core.Services.BulkProcessorService: Non-fatal identification error for /mnt/c/Users/Ragma/KnowShow_Specd/tests/integration/bin/Debug/net8.0/Test.S01E14.mkv: UNSUPPORTED_FILE_TYPE - treating as processed in bulk mode
[Warning] EpisodeIdentifier.Core.Services.VideoFormatValidator: ffprobe failed with exit code 1
[Information] EpisodeIdentifier.Core.Services.BulkProcessorService: Non-fatal identification error for /mnt/c/Users/Ragma/KnowShow_Specd/tests/integration/bin/Debug/net8.0/Test.S01E18.mkv: UNSUPPORTED_FILE_TYPE - treating as processed in bulk mode
[Warning] EpisodeIdentifier.Core.Services.VideoFormatValidator: ffprobe failed with exit code 1
[Information] EpisodeIdentifier.Core.Services.BulkProcessorService: Non-fatal identification error for /mnt/c/Users/Ragma/KnowShow_Specd/tests/integration/bin/Debug/net8.0/Test.S01E20.mkv: UNSUPPORTED_FILE_TYPE - treating as processed in bulk mode
[Information] EpisodeIdentifier.Core.Services.BulkProcessorService: Batch processing statistics for request 7f698a6e-e60d-4dc1-83eb-20e6c43528b1: 1 batches (1 successful), 15 files processed in 291.2ms (avg 291.2ms per batch), total memory used: 0 bytes
[Information] EpisodeIdentifier.Core.Services.ProgressTracker: Marking request 7f698a6e-e60d-4dc1-83eb-20e6c43528b1 as completed with status CompletedWithWarnings
[Information] EpisodeIdentifier.Core.Services.BulkProcessorService: Bulk processing completed for request 7f698a6e-e60d-4dc1-83eb-20e6c43528b1: CompletedWithWarnings, 15 processed, 5 failed, 0 skipped in 00:00:00.3643764</StdOut>
      </Output>
    </UnitTestResult>
    <UnitTestResult executionId="000c2c92-01e6-4bcd-b3e1-bb7bbb2d3e8c" testId="9f6aa657-12cd-6ad4-f670-893bb147f3fd" testName="EpisodeIdentifier.Tests.Integration.DatabaseConnectionPoolingTests.DatabaseOperations_UnderMemoryPressure_ShouldMaintainPerformance" computerName="Freebie" duration="00:00:01.1378674" startTime="2025-09-17T21:48:37.8382160-07:00" endTime="2025-09-17T21:48:37.8382162-07:00" testType="13cdc9d9-ddb5-4fa4-a97d-d965ccfc6d4b" outcome="Passed" testListId="8c84fa94-04c1-424b-9868-57a2d4851a1d" relativeResultsDirectory="000c2c92-01e6-4bcd-b3e1-bb7bbb2d3e8c" />
    <UnitTestResult executionId="aa9bcc02-23d1-4bc1-88e6-83dae4bde200" testId="d3e77924-4016-4152-7f79-8dc9186ad463" testName="EpisodeIdentifier.Tests.Integration.FuzzyHashWorkflowTests.ComputeAndCompareFuzzyHashes_WithIdenticalFiles_ReturnsHighSimilarity" computerName="Freebie" duration="00:00:00.7022335" startTime="2025-09-17T21:48:37.4015656-07:00" endTime="2025-09-17T21:48:37.4015657-07:00" testType="13cdc9d9-ddb5-4fa4-a97d-d965ccfc6d4b" outcome="Passed" testListId="8c84fa94-04c1-424b-9868-57a2d4851a1d" relativeResultsDirectory="aa9bcc02-23d1-4bc1-88e6-83dae4bde200" />
    <UnitTestResult executionId="c63f55cd-d127-4c18-9cb5-807a6dd9d193" testId="49d5b1cd-7bfa-2c29-c9f4-53b3b0c5b16d" testName="EpisodeIdentifier.Tests.Integration.FilenameRecommendationTests.FilenameLengthTruncation_HandlesVeryLongNames" computerName="Freebie" duration="00:00:00.0041505" startTime="2025-09-17T21:48:36.9489704-07:00" endTime="2025-09-17T21:48:36.9489706-07:00" testType="13cdc9d9-ddb5-4fa4-a97d-d965ccfc6d4b" outcome="Passed" testListId="8c84fa94-04c1-424b-9868-57a2d4851a1d" relativeResultsDirectory="c63f55cd-d127-4c18-9cb5-807a6dd9d193" />
    <UnitTestResult executionId="d90988d0-93dd-4fc6-9ce0-c3ffa85636ca" testId="72a08158-2638-0b5d-cd7e-2068b6a126a0" testName="EpisodeIdentifier.Tests.Integration.FilenameRecommendationTests.HighConfidenceIdentification_GeneratesSuggestedFilename" computerName="Freebie" duration="00:00:00.0229013" startTime="2025-09-17T21:48:37.0253030-07:00" endTime="2025-09-17T21:48:37.0253031-07:00" testType="13cdc9d9-ddb5-4fa4-a97d-d965ccfc6d4b" outcome="Passed" testListId="8c84fa94-04c1-424b-9868-57a2d4851a1d" relativeResultsDirectory="d90988d0-93dd-4fc6-9ce0-c3ffa85636ca" />
    <UnitTestResult executionId="616efddd-2053-4280-a9f9-83089609e309" testId="b69e51a0-4aa7-20eb-f889-d6c3ecbb8481" testName="EpisodeIdentifier.Tests.Integration.SingleFileProcessingIntegrationTests.ProcessSingleFile_FilenamePatternMatching_ShouldRespectConfiguration(filename: &quot;invalid_filename.mkv&quot;, shouldMatch: False)" computerName="Freebie" duration="00:00:00.1969229" startTime="2025-09-17T21:48:37.6369802-07:00" endTime="2025-09-17T21:48:37.6369804-07:00" testType="13cdc9d9-ddb5-4fa4-a97d-d965ccfc6d4b" outcome="Passed" testListId="8c84fa94-04c1-424b-9868-57a2d4851a1d" relativeResultsDirectory="616efddd-2053-4280-a9f9-83089609e309">
      <Output>
        <StdOut>[Information] EpisodeIdentifier.Core.Services.ConfigurationService: ConfigurationService initialized with path: /mnt/c/Users/Ragma/KnowShow_Specd/tests/integration/bin/Debug/net8.0/episodeidentifier.config.json
[Information] EpisodeIdentifier.Core.Services.ConfigurationService: ConfigurationService initialized with path: /mnt/c/Users/Ragma/KnowShow_Specd/tests/integration/bin/Debug/net8.0/episodeidentifier.config.json
[Information] EpisodeIdentifier.Core.Services.ConfigurationService: Starting configuration load operation 325c2c7e from /mnt/c/Users/Ragma/KnowShow_Specd/tests/integration/bin/Debug/net8.0/episodeidentifier.config.json
[Warning] EpisodeIdentifier.Core.Services.ConfigurationService: Strict JSON parsing failed, attempting lenient legacy parse - Operation: 325c2c7e, Path: /mnt/c/Users/Ragma/KnowShow_Specd/tests/integration/bin/Debug/net8.0/episodeidentifier.config.json, Error: The JSON value could not be converted to EpisodeIdentifier.Core.Models.Configuration.FilenamePatterns. Path: $.FilenamePatterns | LineNumber: 7 | BytePositionInLine: 25.
[Information] EpisodeIdentifier.Core.Services.ConfigurationService: Configuration parsed using lenient legacy parser - Operation: 325c2c7e
[Information] EpisodeIdentifier.Core.Services.ConfigurationService: Configuration validation successful - Operation: c3293655-be27-496f-a56d-180273874fcb, Duration: 0ms, ValidationRules: ConfigurationValidator
[Information] EpisodeIdentifier.Core.Services.ConfigurationService: Configuration loaded successfully - Operation: 325c2c7e, Path: /mnt/c/Users/Ragma/KnowShow_Specd/tests/integration/bin/Debug/net8.0/episodeidentifier.config.json, Duration: 8ms, Version: 2.0, HashingAlgorithm: CTPH, MatchThreshold: 80.0 %, RenameThreshold: 85.0 %, FuzzyHashThreshold: 75, MaxConcurrency: 1
[Information] EpisodeIdentifier.Core.Services.BulkProcessorService: Starting bulk processing for request 363bbdda-a110-45f4-9632-0565e9d991ee with 1 paths
[Information] EpisodeIdentifier.Core.Services.ProgressTracker: Initializing progress tracker for request 363bbdda-a110-45f4-9632-0565e9d991ee with 1 files
[Information] EpisodeIdentifier.Core.Services.FileDiscoveryService: Validating 1 paths
[Information] EpisodeIdentifier.Core.Services.FileDiscoveryService: Path validation completed: 1 accessible, 0 inaccessible
[Information] EpisodeIdentifier.Core.Services.FileDiscoveryService: Estimating file count for 1 paths
[Information] EpisodeIdentifier.Core.Services.FileDiscoveryService: Starting file discovery for 1 paths
[Information] EpisodeIdentifier.Core.Services.FileDiscoveryService: Estimated 1 files
[Information] EpisodeIdentifier.Core.Services.FileDiscoveryService: Starting file discovery for 1 paths
[Information] EpisodeIdentifier.Core.Services.BulkProcessorService: Discovered 1 files for request 363bbdda-a110-45f4-9632-0565e9d991ee
[Information] EpisodeIdentifier.Core.Services.BulkProcessorService: Starting batch processing: 1 files in 1 batches of 100 files each
[Information] EpisodeIdentifier.Core.Services.VideoFormatValidator: Validating AV1 encoding for /mnt/c/Users/Ragma/KnowShow_Specd/tests/integration/bin/Debug/net8.0/invalid_filename.mkv
[Warning] EpisodeIdentifier.Core.Services.VideoFormatValidator: ffprobe failed with exit code 1
[Information] EpisodeIdentifier.Core.Services.BulkProcessorService: Non-fatal identification error for /mnt/c/Users/Ragma/KnowShow_Specd/tests/integration/bin/Debug/net8.0/invalid_filename.mkv: UNSUPPORTED_FILE_TYPE - treating as processed in bulk mode
[Information] EpisodeIdentifier.Core.Services.BulkProcessorService: Batch processing statistics for request 363bbdda-a110-45f4-9632-0565e9d991ee: 1 batches (1 successful), 1 files processed in 78.1ms (avg 78.1ms per batch), total memory used: 2,363,704 bytes
[Information] EpisodeIdentifier.Core.Services.ProgressTracker: Marking request 363bbdda-a110-45f4-9632-0565e9d991ee as completed with status Completed
[Information] EpisodeIdentifier.Core.Services.BulkProcessorService: Bulk processing completed for request 363bbdda-a110-45f4-9632-0565e9d991ee: Completed, 1 processed, 0 failed, 0 skipped in 00:00:00.1723067</StdOut>
      </Output>
    </UnitTestResult>
    <UnitTestResult executionId="b819cb45-d0f7-49a6-a158-b4d8f07dd35a" testId="1c536f5d-0a0b-82b0-6d75-2c11e6a77c32" testName="EpisodeIdentifier.Tests.Integration.DatabaseConcurrencyOptimizationTests.FuzzyHashService_WithOptimizedConnection_ShouldHandleConcurrentOperations" computerName="Freebie" duration="00:00:00.2102415" startTime="2025-09-17T21:48:37.6853940-07:00" endTime="2025-09-17T21:48:37.6853941-07:00" testType="13cdc9d9-ddb5-4fa4-a97d-d965ccfc6d4b" outcome="Passed" testListId="8c84fa94-04c1-424b-9868-57a2d4851a1d" relativeResultsDirectory="b819cb45-d0f7-49a6-a158-b4d8f07dd35a" />
    <UnitTestResult executionId="3d5aa1d7-38ff-4435-8c89-16baa2710ba2" testId="4d0d2e66-a27f-f61e-012b-266ace67c02d" testName="EpisodeIdentifier.Tests.Integration.DatabaseConnectionPoolingTests.ConcurrentDatabaseOperations_ShouldHandleHighConcurrency" computerName="Freebie" duration="00:00:00.2307398" startTime="2025-09-17T21:48:38.2909814-07:00" endTime="2025-09-17T21:48:38.2909815-07:00" testType="13cdc9d9-ddb5-4fa4-a97d-d965ccfc6d4b" outcome="Passed" testListId="8c84fa94-04c1-424b-9868-57a2d4851a1d" relativeResultsDirectory="3d5aa1d7-38ff-4435-8c89-16baa2710ba2" />
    <UnitTestResult executionId="d6fdaf1a-5d7d-457a-afe8-788f65686cf1" testId="26ca35b8-921c-80b2-f0b6-4e326829e7f0" testName="EpisodeIdentifier.Tests.Integration.Services.FileDiscoveryServiceIntegrationTests.DiscoverFilesAsync_WithCrossplatformPaths_ShouldHandlePathsCorrectly" computerName="Freebie" duration="00:00:00.0090239" startTime="2025-09-17T21:48:37.4290727-07:00" endTime="2025-09-17T21:48:37.4290728-07:00" testType="13cdc9d9-ddb5-4fa4-a97d-d965ccfc6d4b" outcome="Passed" testListId="8c84fa94-04c1-424b-9868-57a2d4851a1d" relativeResultsDirectory="d6fdaf1a-5d7d-457a-afe8-788f65686cf1" />
    <UnitTestResult executionId="7770ec0b-bf6b-4fe3-bb56-59b0f11534cb" testId="ecc5553e-4ca1-7197-cefe-23263e69c6b2" testName="EpisodeIdentifier.Tests.Integration.ConfigurationIntegrationTests.LoadConfiguration_WithInvalidBulkProcessingSettings_ShouldFailValidation" computerName="Freebie" duration="00:00:00.2967596" startTime="2025-09-17T21:48:36.9963657-07:00" endTime="2025-09-17T21:48:36.9963659-07:00" testType="13cdc9d9-ddb5-4fa4-a97d-d965ccfc6d4b" outcome="Passed" testListId="8c84fa94-04c1-424b-9868-57a2d4851a1d" relativeResultsDirectory="7770ec0b-bf6b-4fe3-bb56-59b0f11534cb" />
    <UnitTestResult executionId="400ce98a-afac-4819-9ea4-bb5bab7b936a" testId="3c365a04-3c27-fa59-a256-fbf4f6a69654" testName="EpisodeIdentifier.Tests.Integration.ConfigurationLoadingTests.LoadConfiguration_WithInvalidThresholdValues_ReturnsValidationErrors" computerName="Freebie" duration="00:00:00.1105625" startTime="2025-09-17T21:48:37.5028088-07:00" endTime="2025-09-17T21:48:37.5028090-07:00" testType="13cdc9d9-ddb5-4fa4-a97d-d965ccfc6d4b" outcome="Passed" testListId="8c84fa94-04c1-424b-9868-57a2d4851a1d" relativeResultsDirectory="400ce98a-afac-4819-9ea4-bb5bab7b936a" />
    <UnitTestResult executionId="926ed5e2-3db8-4fd3-bd43-a744f1217def" testId="8ce576cd-4da6-8600-e5f7-7c2c3c52dc13" testName="EpisodeIdentifier.Tests.Integration.Services.FileDiscoveryServiceIntegrationTests.DiscoverFilesWithInfoAsync_WithRealFiles_ShouldReturnAccurateFileInfo" computerName="Freebie" duration="00:00:00.0487696" startTime="2025-09-17T21:48:37.4197319-07:00" endTime="2025-09-17T21:48:37.4197326-07:00" testType="13cdc9d9-ddb5-4fa4-a97d-d965ccfc6d4b" outcome="Passed" testListId="8c84fa94-04c1-424b-9868-57a2d4851a1d" relativeResultsDirectory="926ed5e2-3db8-4fd3-bd43-a744f1217def" />
    <UnitTestResult executionId="c342d01a-22f4-45b2-b749-ee79210e09c5" testId="d79a2eed-d99c-9a4b-b557-509ea35c5a70" testName="EpisodeIdentifier.Tests.Integration.IntegrationTestStubs.SrtWorkflow_PlaceholderTest" computerName="Freebie" duration="00:00:00.0000254" startTime="2025-09-17T21:48:36.7705886-07:00" endTime="2025-09-17T21:48:36.7705886-07:00" testType="13cdc9d9-ddb5-4fa4-a97d-d965ccfc6d4b" outcome="Passed" testListId="8c84fa94-04c1-424b-9868-57a2d4851a1d" relativeResultsDirectory="c342d01a-22f4-45b2-b749-ee79210e09c5" />
    <UnitTestResult executionId="06695922-5914-4edd-a7ef-65637caf2a6b" testId="a348b9e8-73bc-4a94-2fa8-aceda0f5f2ff" testName="EpisodeIdentifier.Tests.Integration.HotReloadDuringProcessingIntegrationTests.HotReload_ConcurrencyIncrease_ShouldApplyToSubsequentBatches" computerName="Freebie" duration="00:00:00.6165234" startTime="2025-09-17T21:48:38.4580646-07:00" endTime="2025-09-17T21:48:38.4580647-07:00" testType="13cdc9d9-ddb5-4fa4-a97d-d965ccfc6d4b" outcome="Passed" testListId="8c84fa94-04c1-424b-9868-57a2d4851a1d" relativeResultsDirectory="06695922-5914-4edd-a7ef-65637caf2a6b">
      <Output>
        <StdOut>[Information] EpisodeIdentifier.Core.Services.ConfigurationService: ConfigurationService initialized with path: /mnt/c/Users/Ragma/KnowShow_Specd/tests/integration/bin/Debug/net8.0/episodeidentifier.config.json
[Information] EpisodeIdentifier.Core.Services.ConfigurationService: ConfigurationService initialized with path: /mnt/c/Users/Ragma/KnowShow_Specd/tests/integration/bin/Debug/net8.0/episodeidentifier.config.json
[Information] EpisodeIdentifier.Core.Services.ConfigurationService: Starting configuration load operation f7ebb6cd from /mnt/c/Users/Ragma/KnowShow_Specd/tests/integration/bin/Debug/net8.0/episodeidentifier.config.json
[Information] EpisodeIdentifier.Core.Services.ConfigurationService: Configuration validation successful - Operation: f4b60dfb-bc50-4437-bfc5-dc53bf841122, Duration: 0ms, ValidationRules: ConfigurationValidator
[Information] EpisodeIdentifier.Core.Services.ConfigurationService: Configuration loaded successfully - Operation: f7ebb6cd, Path: /mnt/c/Users/Ragma/KnowShow_Specd/tests/integration/bin/Debug/net8.0/episodeidentifier.config.json, Duration: 1ms, Version: 2.0, HashingAlgorithm: CTPH, MatchThreshold: 80.0 %, RenameThreshold: 85.0 %, FuzzyHashThreshold: 75, MaxConcurrency: 1
[Information] EpisodeIdentifier.Core.Services.BulkProcessorService: Starting bulk processing for request 3a36e0b9-a20c-4f2d-8809-390abb23054c with 6 paths
[Information] EpisodeIdentifier.Core.Services.ProgressTracker: Initializing progress tracker for request 3a36e0b9-a20c-4f2d-8809-390abb23054c with 6 files
[Information] EpisodeIdentifier.Core.Services.FileDiscoveryService: Validating 6 paths
[Information] EpisodeIdentifier.Core.Services.FileDiscoveryService: Path validation completed: 6 accessible, 0 inaccessible
[Information] EpisodeIdentifier.Core.Services.FileDiscoveryService: Estimating file count for 6 paths
[Information] EpisodeIdentifier.Core.Services.FileDiscoveryService: Starting file discovery for 6 paths
[Information] EpisodeIdentifier.Core.Services.FileDiscoveryService: Estimated 6 files
[Information] EpisodeIdentifier.Core.Services.FileDiscoveryService: Starting file discovery for 6 paths
[Information] EpisodeIdentifier.Core.Services.BulkProcessorService: Discovered 6 files for request 3a36e0b9-a20c-4f2d-8809-390abb23054c
[Information] EpisodeIdentifier.Core.Services.BulkProcessorService: Starting batch processing: 6 files in 1 batches of 100 files each
[Information] EpisodeIdentifier.Core.Services.VideoFormatValidator: Validating AV1 encoding for /mnt/c/Users/Ragma/KnowShow_Specd/tests/integration/bin/Debug/net8.0/Series.S01E01.mkv
[Warning] EpisodeIdentifier.Core.Services.VideoFormatValidator: ffprobe failed with exit code 1
[Information] EpisodeIdentifier.Core.Services.BulkProcessorService: Non-fatal identification error for /mnt/c/Users/Ragma/KnowShow_Specd/tests/integration/bin/Debug/net8.0/Series.S01E01.mkv: UNSUPPORTED_FILE_TYPE - treating as processed in bulk mode
[Information] EpisodeIdentifier.Core.Services.VideoFormatValidator: Validating AV1 encoding for /mnt/c/Users/Ragma/KnowShow_Specd/tests/integration/bin/Debug/net8.0/Series.S01E02.mkv
[Warning] EpisodeIdentifier.Core.Services.VideoFormatValidator: ffprobe failed with exit code 1
[Information] EpisodeIdentifier.Core.Services.BulkProcessorService: Non-fatal identification error for /mnt/c/Users/Ragma/KnowShow_Specd/tests/integration/bin/Debug/net8.0/Series.S01E02.mkv: UNSUPPORTED_FILE_TYPE - treating as processed in bulk mode
[Information] EpisodeIdentifier.Core.Services.VideoFormatValidator: Validating AV1 encoding for /mnt/c/Users/Ragma/KnowShow_Specd/tests/integration/bin/Debug/net8.0/Series.S01E03.mkv
[Warning] EpisodeIdentifier.Core.Services.VideoFormatValidator: ffprobe failed with exit code 1
[Information] EpisodeIdentifier.Core.Services.BulkProcessorService: Non-fatal identification error for /mnt/c/Users/Ragma/KnowShow_Specd/tests/integration/bin/Debug/net8.0/Series.S01E03.mkv: UNSUPPORTED_FILE_TYPE - treating as processed in bulk mode
[Information] EpisodeIdentifier.Core.Services.VideoFormatValidator: Validating AV1 encoding for /mnt/c/Users/Ragma/KnowShow_Specd/tests/integration/bin/Debug/net8.0/Series.S01E04.mkv
[Warning] EpisodeIdentifier.Core.Services.VideoFormatValidator: ffprobe failed with exit code 1
[Information] EpisodeIdentifier.Core.Services.BulkProcessorService: Non-fatal identification error for /mnt/c/Users/Ragma/KnowShow_Specd/tests/integration/bin/Debug/net8.0/Series.S01E04.mkv: UNSUPPORTED_FILE_TYPE - treating as processed in bulk mode
[Information] EpisodeIdentifier.Core.Services.VideoFormatValidator: Validating AV1 encoding for /mnt/c/Users/Ragma/KnowShow_Specd/tests/integration/bin/Debug/net8.0/Series.S01E05.mkv
[Warning] EpisodeIdentifier.Core.Services.VideoFormatValidator: ffprobe failed with exit code 1
[Information] EpisodeIdentifier.Core.Services.BulkProcessorService: Non-fatal identification error for /mnt/c/Users/Ragma/KnowShow_Specd/tests/integration/bin/Debug/net8.0/Series.S01E05.mkv: UNSUPPORTED_FILE_TYPE - treating as processed in bulk mode
[Information] EpisodeIdentifier.Core.Services.VideoFormatValidator: Validating AV1 encoding for /mnt/c/Users/Ragma/KnowShow_Specd/tests/integration/bin/Debug/net8.0/Series.S01E06.mkv
[Warning] EpisodeIdentifier.Core.Services.VideoFormatValidator: ffprobe failed with exit code 1
[Information] EpisodeIdentifier.Core.Services.BulkProcessorService: Non-fatal identification error for /mnt/c/Users/Ragma/KnowShow_Specd/tests/integration/bin/Debug/net8.0/Series.S01E06.mkv: UNSUPPORTED_FILE_TYPE - treating as processed in bulk mode
[Information] EpisodeIdentifier.Core.Services.BulkProcessorService: Batch processing statistics for request 3a36e0b9-a20c-4f2d-8809-390abb23054c: 1 batches (1 successful), 6 files processed in 533.6ms (avg 533.6ms per batch), total memory used: 0 bytes
[Information] EpisodeIdentifier.Core.Services.ProgressTracker: Marking request 3a36e0b9-a20c-4f2d-8809-390abb23054c as completed with status Completed
[Information] EpisodeIdentifier.Core.Services.BulkProcessorService: Bulk processing completed for request 3a36e0b9-a20c-4f2d-8809-390abb23054c: Completed, 6 processed, 0 failed, 0 skipped in 00:00:00.5984058
[Information] EpisodeIdentifier.Core.Services.ConfigurationService: Starting configuration load operation 4deb4d39 from /mnt/c/Users/Ragma/KnowShow_Specd/tests/integration/bin/Debug/net8.0/episodeidentifier.config.json
[Information] EpisodeIdentifier.Core.Services.ConfigurationService: Configuration validation successful - Operation: 959cf27e-03e2-466b-9c33-8f4b8a8947ba, Duration: 0ms, ValidationRules: ConfigurationValidator
[Information] EpisodeIdentifier.Core.Services.ConfigurationService: Configuration loaded successfully - Operation: 4deb4d39, Path: /mnt/c/Users/Ragma/KnowShow_Specd/tests/integration/bin/Debug/net8.0/episodeidentifier.config.json, Duration: 5ms, Version: 2.0, HashingAlgorithm: CTPH, MatchThreshold: 80.0 %, RenameThreshold: 85.0 %, FuzzyHashThreshold: 75, MaxConcurrency: 5</StdOut>
      </Output>
    </UnitTestResult>
    <UnitTestResult executionId="84db0fc7-4d18-4539-a5bc-8a6efb7ba7c5" testId="2605b7a9-17f3-40f9-1c3d-ea366e2444e0" testName="EpisodeIdentifier.Tests.Integration.SrtWorkflowTests.TextSubtitleExtractor_WithNonexistentFile_HandlesGracefully" computerName="Freebie" duration="00:00:00.0280890" startTime="2025-09-17T21:48:36.9560960-07:00" endTime="2025-09-17T21:48:36.9560961-07:00" testType="13cdc9d9-ddb5-4fa4-a97d-d965ccfc6d4b" outcome="Passed" testListId="8c84fa94-04c1-424b-9868-57a2d4851a1d" relativeResultsDirectory="84db0fc7-4d18-4539-a5bc-8a6efb7ba7c5" />
    <UnitTestResult executionId="ec3031dc-18d6-4124-9cc2-66023b1ca9a1" testId="f2b4fa43-56de-57cb-b8a8-05a2d9cd0d21" testName="EpisodeIdentifier.Tests.Integration.SrtWorkflowTests.SrtProcessingWorkflow_WithSimpleTest_CompletesSuccessfully" computerName="Freebie" duration="00:00:00.1148962" startTime="2025-09-17T21:48:37.1569295-07:00" endTime="2025-09-17T21:48:37.1569296-07:00" testType="13cdc9d9-ddb5-4fa4-a97d-d965ccfc6d4b" outcome="Passed" testListId="8c84fa94-04c1-424b-9868-57a2d4851a1d" relativeResultsDirectory="ec3031dc-18d6-4124-9cc2-66023b1ca9a1" />
    <UnitTestResult executionId="72a599d4-28a7-4149-8013-a8352a7f7892" testId="3ccd6e78-e516-b09e-3921-debfe7a1fd2d" testName="EpisodeIdentifier.Tests.Integration.SrtWorkflowTests.TextSubtitleExtractor_WithEmptyPath_ThrowsArgumentException" computerName="Freebie" duration="00:00:00.0363423" startTime="2025-09-17T21:48:36.9920783-07:00" endTime="2025-09-17T21:48:36.9920784-07:00" testType="13cdc9d9-ddb5-4fa4-a97d-d965ccfc6d4b" outcome="Passed" testListId="8c84fa94-04c1-424b-9868-57a2d4851a1d" relativeResultsDirectory="72a599d4-28a7-4149-8013-a8352a7f7892" />
    <UnitTestResult executionId="344eea8e-9055-41cd-948d-1234df193c8b" testId="06739a7a-2e22-c362-1c33-7eb2174ed840" testName="EpisodeIdentifier.Tests.Integration.HotReloadDuringProcessingIntegrationTests.ProcessingInProgress_ConfigurationHotReload_ShouldCompleteWithNewSettings" computerName="Freebie" duration="00:00:00.2559928" startTime="2025-09-17T21:48:38.7144745-07:00" endTime="2025-09-17T21:48:38.7144747-07:00" testType="13cdc9d9-ddb5-4fa4-a97d-d965ccfc6d4b" outcome="Passed" testListId="8c84fa94-04c1-424b-9868-57a2d4851a1d" relativeResultsDirectory="344eea8e-9055-41cd-948d-1234df193c8b">
      <Output>
        <StdOut>[Information] EpisodeIdentifier.Core.Services.ConfigurationService: ConfigurationService initialized with path: /mnt/c/Users/Ragma/KnowShow_Specd/tests/integration/bin/Debug/net8.0/episodeidentifier.config.json
[Information] EpisodeIdentifier.Core.Services.ConfigurationService: ConfigurationService initialized with path: /mnt/c/Users/Ragma/KnowShow_Specd/tests/integration/bin/Debug/net8.0/episodeidentifier.config.json
[Information] EpisodeIdentifier.Core.Services.ConfigurationService: Starting configuration load operation c6dbef2d from /mnt/c/Users/Ragma/KnowShow_Specd/tests/integration/bin/Debug/net8.0/episodeidentifier.config.json
[Information] EpisodeIdentifier.Core.Services.ConfigurationService: Configuration validation successful - Operation: 2ba3080b-47f6-45e8-8cde-b04d87615076, Duration: 0ms, ValidationRules: ConfigurationValidator
[Information] EpisodeIdentifier.Core.Services.ConfigurationService: Configuration loaded successfully - Operation: c6dbef2d, Path: /mnt/c/Users/Ragma/KnowShow_Specd/tests/integration/bin/Debug/net8.0/episodeidentifier.config.json, Duration: 8ms, Version: 2.0, HashingAlgorithm: CTPH, MatchThreshold: 80.0 %, RenameThreshold: 85.0 %, FuzzyHashThreshold: 75, MaxConcurrency: 2
[Information] EpisodeIdentifier.Core.Services.BulkProcessorService: Starting bulk processing for request 97e77e82-870a-406f-a962-98047a923ae5 with 4 paths
[Information] EpisodeIdentifier.Core.Services.ProgressTracker: Initializing progress tracker for request 97e77e82-870a-406f-a962-98047a923ae5 with 4 files
[Information] EpisodeIdentifier.Core.Services.FileDiscoveryService: Validating 4 paths
[Information] EpisodeIdentifier.Core.Services.FileDiscoveryService: Path validation completed: 4 accessible, 0 inaccessible
[Information] EpisodeIdentifier.Core.Services.FileDiscoveryService: Estimating file count for 4 paths
[Information] EpisodeIdentifier.Core.Services.FileDiscoveryService: Starting file discovery for 4 paths
[Information] EpisodeIdentifier.Core.Services.FileDiscoveryService: Estimated 4 files
[Information] EpisodeIdentifier.Core.Services.FileDiscoveryService: Starting file discovery for 4 paths
[Information] EpisodeIdentifier.Core.Services.BulkProcessorService: Discovered 4 files for request 97e77e82-870a-406f-a962-98047a923ae5
[Information] EpisodeIdentifier.Core.Services.BulkProcessorService: Starting batch processing: 4 files in 1 batches of 100 files each
[Information] EpisodeIdentifier.Core.Services.VideoFormatValidator: Validating AV1 encoding for /mnt/c/Users/Ragma/KnowShow_Specd/tests/integration/bin/Debug/net8.0/Series.S01E01.mkv
[Information] EpisodeIdentifier.Core.Services.VideoFormatValidator: Validating AV1 encoding for /mnt/c/Users/Ragma/KnowShow_Specd/tests/integration/bin/Debug/net8.0/Series.S01E02.mkv
[Warning] EpisodeIdentifier.Core.Services.VideoFormatValidator: ffprobe failed with exit code 1
[Information] EpisodeIdentifier.Core.Services.BulkProcessorService: Non-fatal identification error for /mnt/c/Users/Ragma/KnowShow_Specd/tests/integration/bin/Debug/net8.0/Series.S01E02.mkv: UNSUPPORTED_FILE_TYPE - treating as processed in bulk mode
[Information] EpisodeIdentifier.Core.Services.VideoFormatValidator: Validating AV1 encoding for /mnt/c/Users/Ragma/KnowShow_Specd/tests/integration/bin/Debug/net8.0/Series.S01E03.mkv
[Warning] EpisodeIdentifier.Core.Services.VideoFormatValidator: ffprobe failed with exit code 1
[Information] EpisodeIdentifier.Core.Services.BulkProcessorService: Non-fatal identification error for /mnt/c/Users/Ragma/KnowShow_Specd/tests/integration/bin/Debug/net8.0/Series.S01E01.mkv: UNSUPPORTED_FILE_TYPE - treating as processed in bulk mode
[Information] EpisodeIdentifier.Core.Services.VideoFormatValidator: Validating AV1 encoding for /mnt/c/Users/Ragma/KnowShow_Specd/tests/integration/bin/Debug/net8.0/Series.S01E04.mkv
[Warning] EpisodeIdentifier.Core.Services.VideoFormatValidator: ffprobe failed with exit code 1
[Information] EpisodeIdentifier.Core.Services.BulkProcessorService: Non-fatal identification error for /mnt/c/Users/Ragma/KnowShow_Specd/tests/integration/bin/Debug/net8.0/Series.S01E03.mkv: UNSUPPORTED_FILE_TYPE - treating as processed in bulk mode
[Warning] EpisodeIdentifier.Core.Services.VideoFormatValidator: ffprobe failed with exit code 1
[Information] EpisodeIdentifier.Core.Services.BulkProcessorService: Non-fatal identification error for /mnt/c/Users/Ragma/KnowShow_Specd/tests/integration/bin/Debug/net8.0/Series.S01E04.mkv: UNSUPPORTED_FILE_TYPE - treating as processed in bulk mode
[Information] EpisodeIdentifier.Core.Services.BulkProcessorService: Batch processing statistics for request 97e77e82-870a-406f-a962-98047a923ae5: 1 batches (1 successful), 4 files processed in 167.6ms (avg 167.6ms per batch), total memory used: 0 bytes
[Information] EpisodeIdentifier.Core.Services.ProgressTracker: Marking request 97e77e82-870a-406f-a962-98047a923ae5 as completed with status Completed
[Information] EpisodeIdentifier.Core.Services.BulkProcessorService: Bulk processing completed for request 97e77e82-870a-406f-a962-98047a923ae5: Completed, 4 processed, 0 failed, 0 skipped in 00:00:00.2323573
[Information] EpisodeIdentifier.Core.Services.ConfigurationService: Starting configuration load operation 2edb067f from /mnt/c/Users/Ragma/KnowShow_Specd/tests/integration/bin/Debug/net8.0/episodeidentifier.config.json
[Information] EpisodeIdentifier.Core.Services.ConfigurationService: Configuration validation successful - Operation: 2724d006-23c8-4060-aea6-13f7910b21c2, Duration: 0ms, ValidationRules: ConfigurationValidator
[Information] EpisodeIdentifier.Core.Services.ConfigurationService: Configuration loaded successfully - Operation: 2edb067f, Path: /mnt/c/Users/Ragma/KnowShow_Specd/tests/integration/bin/Debug/net8.0/episodeidentifier.config.json, Duration: 3ms, Version: 2.0, HashingAlgorithm: CTPH, MatchThreshold: 75.0 %, RenameThreshold: 90.0 %, FuzzyHashThreshold: 80, MaxConcurrency: 4</StdOut>
      </Output>
    </UnitTestResult>
    <UnitTestResult executionId="b9537e27-7842-4a70-b44b-06e6407d46d3" testId="025367b8-7b7b-638d-bc74-6d7181e833be" testName="EpisodeIdentifier.Tests.Integration.VttWorkflowTests.TextSubtitleExtractor_WithVttInput_ExtractsCorrectly" computerName="Freebie" duration="00:00:00.0259396" startTime="2025-09-17T21:48:37.1235835-07:00" endTime="2025-09-17T21:48:37.1235836-07:00" testType="13cdc9d9-ddb5-4fa4-a97d-d965ccfc6d4b" outcome="Passed" testListId="8c84fa94-04c1-424b-9868-57a2d4851a1d" relativeResultsDirectory="b9537e27-7842-4a70-b44b-06e6407d46d3" />
    <UnitTestResult executionId="1c2a8ea8-5d47-4054-b4f9-274b8642005a" testId="76610f22-7881-2fbf-7de0-f7c3cfbc7c2a" testName="EpisodeIdentifier.Tests.Integration.AssWorkflowTests.AssProcessingWorkflow_WithSimpleTest_CompletesSuccessfully" computerName="Freebie" duration="00:00:00.0437059" startTime="2025-09-17T21:48:37.1580093-07:00" endTime="2025-09-17T21:48:37.1580094-07:00" testType="13cdc9d9-ddb5-4fa4-a97d-d965ccfc6d4b" outcome="Passed" testListId="8c84fa94-04c1-424b-9868-57a2d4851a1d" relativeResultsDirectory="1c2a8ea8-5d47-4054-b4f9-274b8642005a" />
    <UnitTestResult executionId="c50c6630-5834-4d95-8d71-71fffc2fe741" testId="cf5003dd-35cc-0237-badf-166cbce58526" testName="EpisodeIdentifier.Tests.Integration.SingleFileProcessingIntegrationTests.ProcessSingleFile_WithMaxConcurrencyOne_ShouldProcessSequentially" computerName="Freebie" duration="00:00:00.1790491" startTime="2025-09-17T21:48:37.9889075-07:00" endTime="2025-09-17T21:48:37.9889077-07:00" testType="13cdc9d9-ddb5-4fa4-a97d-d965ccfc6d4b" outcome="Passed" testListId="8c84fa94-04c1-424b-9868-57a2d4851a1d" relativeResultsDirectory="c50c6630-5834-4d95-8d71-71fffc2fe741">
      <Output>
        <StdOut>[Information] EpisodeIdentifier.Core.Services.ConfigurationService: ConfigurationService initialized with path: /mnt/c/Users/Ragma/KnowShow_Specd/tests/integration/bin/Debug/net8.0/episodeidentifier.config.json
[Information] EpisodeIdentifier.Core.Services.ConfigurationService: ConfigurationService initialized with path: /mnt/c/Users/Ragma/KnowShow_Specd/tests/integration/bin/Debug/net8.0/episodeidentifier.config.json
[Information] EpisodeIdentifier.Core.Services.ConfigurationService: Starting configuration load operation c7e93de4 from /mnt/c/Users/Ragma/KnowShow_Specd/tests/integration/bin/Debug/net8.0/episodeidentifier.config.json
[Warning] EpisodeIdentifier.Core.Services.ConfigurationService: Strict JSON parsing failed, attempting lenient legacy parse - Operation: c7e93de4, Path: /mnt/c/Users/Ragma/KnowShow_Specd/tests/integration/bin/Debug/net8.0/episodeidentifier.config.json, Error: The JSON value could not be converted to System.String. Path: $.Version | LineNumber: 1 | BytePositionInLine: 18.
[Information] EpisodeIdentifier.Core.Services.ConfigurationService: Configuration parsed using lenient legacy parser - Operation: c7e93de4
[Information] EpisodeIdentifier.Core.Services.ConfigurationService: Configuration validation successful - Operation: dd8f6a7f-ba76-45d7-8cf2-0bdcb06a4717, Duration: 0ms, ValidationRules: ConfigurationValidator
[Information] EpisodeIdentifier.Core.Services.ConfigurationService: Configuration loaded successfully - Operation: c7e93de4, Path: /mnt/c/Users/Ragma/KnowShow_Specd/tests/integration/bin/Debug/net8.0/episodeidentifier.config.json, Duration: 5ms, Version: 2.0, HashingAlgorithm: CTPH, MatchThreshold: 80.0 %, RenameThreshold: 85.0 %, FuzzyHashThreshold: 75, MaxConcurrency: 1
[Information] EpisodeIdentifier.Core.Services.BulkProcessorService: Starting bulk processing for request 9eefea13-58e1-47cd-835c-a0a85b22c84c with 1 paths
[Information] EpisodeIdentifier.Core.Services.ProgressTracker: Initializing progress tracker for request 9eefea13-58e1-47cd-835c-a0a85b22c84c with 1 files
[Information] EpisodeIdentifier.Core.Services.FileDiscoveryService: Validating 1 paths
[Information] EpisodeIdentifier.Core.Services.FileDiscoveryService: Path validation completed: 1 accessible, 0 inaccessible
[Information] EpisodeIdentifier.Core.Services.FileDiscoveryService: Estimating file count for 1 paths
[Information] EpisodeIdentifier.Core.Services.FileDiscoveryService: Starting file discovery for 1 paths
[Information] EpisodeIdentifier.Core.Services.FileDiscoveryService: Estimated 1 files
[Information] EpisodeIdentifier.Core.Services.FileDiscoveryService: Starting file discovery for 1 paths
[Information] EpisodeIdentifier.Core.Services.BulkProcessorService: Discovered 1 files for request 9eefea13-58e1-47cd-835c-a0a85b22c84c
[Information] EpisodeIdentifier.Core.Services.BulkProcessorService: Starting batch processing: 1 files in 1 batches of 100 files each
[Information] EpisodeIdentifier.Core.Services.VideoFormatValidator: Validating AV1 encoding for /mnt/c/Users/Ragma/KnowShow_Specd/tests/integration/bin/Debug/net8.0/test_episode.S01E01.mkv
[Warning] EpisodeIdentifier.Core.Services.VideoFormatValidator: ffprobe failed with exit code 1
[Information] EpisodeIdentifier.Core.Services.BulkProcessorService: Non-fatal identification error for /mnt/c/Users/Ragma/KnowShow_Specd/tests/integration/bin/Debug/net8.0/test_episode.S01E01.mkv: UNSUPPORTED_FILE_TYPE - treating as processed in bulk mode
[Information] EpisodeIdentifier.Core.Services.BulkProcessorService: Batch processing statistics for request 9eefea13-58e1-47cd-835c-a0a85b22c84c: 1 batches (1 successful), 1 files processed in 86.1ms (avg 86.1ms per batch), total memory used: 0 bytes
[Information] EpisodeIdentifier.Core.Services.ProgressTracker: Marking request 9eefea13-58e1-47cd-835c-a0a85b22c84c as completed with status Completed
[Information] EpisodeIdentifier.Core.Services.BulkProcessorService: Bulk processing completed for request 9eefea13-58e1-47cd-835c-a0a85b22c84c: Completed, 1 processed, 0 failed, 0 skipped in 00:00:00.1536328</StdOut>
      </Output>
    </UnitTestResult>
    <UnitTestResult executionId="c2bbe435-eaa2-4404-8337-0d4499808424" testId="d4be12eb-616e-e02f-7b18-b9be8d6381fc" testName="EpisodeIdentifier.Tests.Integration.DatabaseConcurrencyOptimizationTests.SqliteConcurrencyOptimizer_ShouldEnableWalMode" computerName="Freebie" duration="00:00:00.3779475" startTime="2025-09-17T21:48:37.4691678-07:00" endTime="2025-09-17T21:48:37.4691680-07:00" testType="13cdc9d9-ddb5-4fa4-a97d-d965ccfc6d4b" outcome="Passed" testListId="8c84fa94-04c1-424b-9868-57a2d4851a1d" relativeResultsDirectory="c2bbe435-eaa2-4404-8337-0d4499808424" />
    <UnitTestResult executionId="cccbd636-cc71-4f93-95c3-986002474a3c" testId="e32b975c-92b1-57a5-74cb-b4323f788c62" testName="EpisodeIdentifier.Tests.Integration.ConfigHotReloadTests.HotReload_PerFileProcessingCycle_LoadsConfigOnce" computerName="Freebie" duration="00:00:00.4320400" startTime="2025-09-17T21:48:40.8788788-07:00" endTime="2025-09-17T21:48:40.8788789-07:00" testType="13cdc9d9-ddb5-4fa4-a97d-d965ccfc6d4b" outcome="Passed" testListId="8c84fa94-04c1-424b-9868-57a2d4851a1d" relativeResultsDirectory="cccbd636-cc71-4f93-95c3-986002474a3c" />
    <UnitTestResult executionId="a00b4dad-1bcf-4e7e-bba5-f7ec17256936" testId="722e496e-f90e-237d-4a88-01c107fc6c39" testName="EpisodeIdentifier.Tests.Integration.SingleFileProcessingIntegrationTests.ProcessSingleFile_ConcurrencyMetrics_ShouldTrackSequentialProcessing" computerName="Freebie" duration="00:00:00.1987402" startTime="2025-09-17T21:48:38.2166962-07:00" endTime="2025-09-17T21:48:38.2166964-07:00" testType="13cdc9d9-ddb5-4fa4-a97d-d965ccfc6d4b" outcome="Passed" testListId="8c84fa94-04c1-424b-9868-57a2d4851a1d" relativeResultsDirectory="a00b4dad-1bcf-4e7e-bba5-f7ec17256936">
      <Output>
        <StdOut>[Information] EpisodeIdentifier.Core.Services.ConfigurationService: ConfigurationService initialized with path: /mnt/c/Users/Ragma/KnowShow_Specd/tests/integration/bin/Debug/net8.0/episodeidentifier.config.json
[Information] EpisodeIdentifier.Core.Services.ConfigurationService: ConfigurationService initialized with path: /mnt/c/Users/Ragma/KnowShow_Specd/tests/integration/bin/Debug/net8.0/episodeidentifier.config.json
[Information] EpisodeIdentifier.Core.Services.ConfigurationService: Starting configuration load operation 837bc241 from /mnt/c/Users/Ragma/KnowShow_Specd/tests/integration/bin/Debug/net8.0/episodeidentifier.config.json
[Warning] EpisodeIdentifier.Core.Services.ConfigurationService: Strict JSON parsing failed, attempting lenient legacy parse - Operation: 837bc241, Path: /mnt/c/Users/Ragma/KnowShow_Specd/tests/integration/bin/Debug/net8.0/episodeidentifier.config.json, Error: The JSON value could not be converted to EpisodeIdentifier.Core.Models.Configuration.FilenamePatterns. Path: $.FilenamePatterns | LineNumber: 7 | BytePositionInLine: 25.
[Information] EpisodeIdentifier.Core.Services.ConfigurationService: Configuration parsed using lenient legacy parser - Operation: 837bc241
[Information] EpisodeIdentifier.Core.Services.ConfigurationService: Configuration validation successful - Operation: b03d45fd-47a8-4280-a9c4-89e80f9ec058, Duration: 7ms, ValidationRules: ConfigurationValidator
[Information] EpisodeIdentifier.Core.Services.ConfigurationService: Configuration loaded successfully - Operation: 837bc241, Path: /mnt/c/Users/Ragma/KnowShow_Specd/tests/integration/bin/Debug/net8.0/episodeidentifier.config.json, Duration: 8ms, Version: 2.0, HashingAlgorithm: CTPH, MatchThreshold: 80.0 %, RenameThreshold: 85.0 %, FuzzyHashThreshold: 75, MaxConcurrency: 1
[Information] EpisodeIdentifier.Core.Services.BulkProcessorService: Starting bulk processing for request e81c3d37-0aed-4dc3-8553-9a35a52a9b42 with 1 paths
[Information] EpisodeIdentifier.Core.Services.ProgressTracker: Initializing progress tracker for request e81c3d37-0aed-4dc3-8553-9a35a52a9b42 with 1 files
[Information] EpisodeIdentifier.Core.Services.FileDiscoveryService: Validating 1 paths
[Information] EpisodeIdentifier.Core.Services.FileDiscoveryService: Path validation completed: 1 accessible, 0 inaccessible
[Information] EpisodeIdentifier.Core.Services.FileDiscoveryService: Estimating file count for 1 paths
[Information] EpisodeIdentifier.Core.Services.FileDiscoveryService: Starting file discovery for 1 paths
[Information] EpisodeIdentifier.Core.Services.FileDiscoveryService: Estimated 1 files
[Information] EpisodeIdentifier.Core.Services.FileDiscoveryService: Starting file discovery for 1 paths
[Information] EpisodeIdentifier.Core.Services.BulkProcessorService: Discovered 1 files for request e81c3d37-0aed-4dc3-8553-9a35a52a9b42
[Information] EpisodeIdentifier.Core.Services.BulkProcessorService: Starting batch processing: 1 files in 1 batches of 100 files each
[Information] EpisodeIdentifier.Core.Services.VideoFormatValidator: Validating AV1 encoding for /mnt/c/Users/Ragma/KnowShow_Specd/tests/integration/bin/Debug/net8.0/test.S01E01.mkv
[Warning] EpisodeIdentifier.Core.Services.VideoFormatValidator: ffprobe failed with exit code 1
[Information] EpisodeIdentifier.Core.Services.BulkProcessorService: Non-fatal identification error for /mnt/c/Users/Ragma/KnowShow_Specd/tests/integration/bin/Debug/net8.0/test.S01E01.mkv: UNSUPPORTED_FILE_TYPE - treating as processed in bulk mode
[Information] EpisodeIdentifier.Core.Services.BulkProcessorService: Batch processing statistics for request e81c3d37-0aed-4dc3-8553-9a35a52a9b42: 1 batches (1 successful), 1 files processed in 111.5ms (avg 111.5ms per batch), total memory used: 4,277,992 bytes
[Information] EpisodeIdentifier.Core.Services.ProgressTracker: Marking request e81c3d37-0aed-4dc3-8553-9a35a52a9b42 as completed with status Completed
[Information] EpisodeIdentifier.Core.Services.BulkProcessorService: Bulk processing completed for request e81c3d37-0aed-4dc3-8553-9a35a52a9b42: Completed, 1 processed, 0 failed, 0 skipped in 00:00:00.1808002</StdOut>
      </Output>
    </UnitTestResult>
    <UnitTestResult executionId="93a23b62-2d6a-4512-8312-84d153268fa7" testId="5a0728c9-eb2a-e2f2-6bfe-0e9bb82c1274" testName="EpisodeIdentifier.Tests.Integration.Services.FileDiscoveryServiceIntegrationTests.DiscoverFilesAsync_WithLargeNumberOfFiles_ShouldPerformReasonably" computerName="Freebie" duration="00:00:00.2965323" startTime="2025-09-17T21:48:37.3700587-07:00" endTime="2025-09-17T21:48:37.3700587-07:00" testType="13cdc9d9-ddb5-4fa4-a97d-d965ccfc6d4b" outcome="Passed" testListId="8c84fa94-04c1-424b-9868-57a2d4851a1d" relativeResultsDirectory="93a23b62-2d6a-4512-8312-84d153268fa7" />
    <UnitTestResult executionId="f8cdc6bd-4886-44be-8aa7-e8e00b003500" testId="2a3f52fa-a7c3-f950-dad7-0c8f2a031ddd" testName="EpisodeIdentifier.Tests.Integration.FilenameRecommendationTests.CrossPlatformCompatibility_HandlesUnixAndWindowsPaths" computerName="Freebie" duration="00:00:00.0038083" startTime="2025-09-17T21:48:36.9444847-07:00" endTime="2025-09-17T21:48:36.9444849-07:00" testType="13cdc9d9-ddb5-4fa4-a97d-d965ccfc6d4b" outcome="Passed" testListId="8c84fa94-04c1-424b-9868-57a2d4851a1d" relativeResultsDirectory="f8cdc6bd-4886-44be-8aa7-e8e00b003500" />
    <UnitTestResult executionId="132d2dd7-99dd-4fbc-9ac1-2d17d385c476" testId="93335ceb-0442-e49f-8935-d56fb125e9f6" testName="EpisodeIdentifier.Tests.Integration.EndToEndIdentificationTests.ProcessVideo_WithLanguagePreference_UsesCorrectLanguage" computerName="Freebie" duration="00:00:00.3491878" startTime="2025-09-17T21:48:37.3250303-07:00" endTime="2025-09-17T21:48:37.3250304-07:00" testType="13cdc9d9-ddb5-4fa4-a97d-d965ccfc6d4b" outcome="Passed" testListId="8c84fa94-04c1-424b-9868-57a2d4851a1d" relativeResultsDirectory="132d2dd7-99dd-4fbc-9ac1-2d17d385c476" />
    <UnitTestResult executionId="d1f72289-9df0-4a67-91e2-990097b8381a" testId="a88ab99e-1425-8bb1-6a64-ba678e5bbfbe" testName="EpisodeIdentifier.Tests.Integration.ErrorHandlingConcurrentIntegrationTests.ConcurrentProcessing_MixedFileTypes_ShouldHandleErrorsGracefully" computerName="Freebie" duration="00:00:00.2060542" startTime="2025-09-17T21:48:37.9891225-07:00" endTime="2025-09-17T21:48:37.9891226-07:00" testType="13cdc9d9-ddb5-4fa4-a97d-d965ccfc6d4b" outcome="Passed" testListId="8c84fa94-04c1-424b-9868-57a2d4851a1d" relativeResultsDirectory="d1f72289-9df0-4a67-91e2-990097b8381a">
      <Output>
        <StdOut>[Information] EpisodeIdentifier.Core.Services.ConfigurationService: ConfigurationService initialized with path: /mnt/c/Users/Ragma/KnowShow_Specd/tests/integration/bin/Debug/net8.0/episodeidentifier.config.json
[Information] EpisodeIdentifier.Core.Services.ConfigurationService: ConfigurationService initialized with path: /mnt/c/Users/Ragma/KnowShow_Specd/tests/integration/bin/Debug/net8.0/episodeidentifier.config.json
[Information] EpisodeIdentifier.Core.Services.BulkProcessorService: Starting bulk processing for request 196510b0-49fd-45b0-851e-ac6b906336f7 with 3 paths
[Information] EpisodeIdentifier.Core.Services.ProgressTracker: Initializing progress tracker for request 196510b0-49fd-45b0-851e-ac6b906336f7 with 3 files
[Information] EpisodeIdentifier.Core.Services.FileDiscoveryService: Validating 3 paths
[Information] EpisodeIdentifier.Core.Services.FileDiscoveryService: Path validation completed: 2 accessible, 1 inaccessible
[Warning] EpisodeIdentifier.Core.Services.BulkProcessorService: Proceeding with processing for 196510b0-49fd-45b0-851e-ac6b906336f7 despite 1 non-fatal validation errors (ContinueOnError enabled)
[Information] EpisodeIdentifier.Core.Services.FileDiscoveryService: Estimating file count for 3 paths
[Information] EpisodeIdentifier.Core.Services.FileDiscoveryService: Starting file discovery for 3 paths
[Warning] EpisodeIdentifier.Core.Services.FileDiscoveryService: Path does not exist: /mnt/c/Users/Ragma/KnowShow_Specd/tests/integration/bin/Debug/net8.0/Missing.S01E02.mkv
[Error] EpisodeIdentifier.Core.Services.BulkProcessorService: Failed to estimate processing requirements for request 196510b0-49fd-45b0-851e-ac6b906336f7
[Warning] EpisodeIdentifier.Core.Services.BulkProcessorService: Estimation encountered an error for 196510b0-49fd-45b0-851e-ac6b906336f7; continuing due to ContinueOnError
[Information] EpisodeIdentifier.Core.Services.FileDiscoveryService: Starting file discovery for 2 paths
[Information] EpisodeIdentifier.Core.Services.BulkProcessorService: Discovered 2 files for request 196510b0-49fd-45b0-851e-ac6b906336f7
[Information] EpisodeIdentifier.Core.Services.BulkProcessorService: Starting batch processing: 2 files in 1 batches of 100 files each
[Information] EpisodeIdentifier.Core.Services.VideoFormatValidator: Validating AV1 encoding for /mnt/c/Users/Ragma/KnowShow_Specd/tests/integration/bin/Debug/net8.0/ValidFile.S01E01.mkv
[Information] EpisodeIdentifier.Core.Services.VideoFormatValidator: Validating AV1 encoding for /mnt/c/Users/Ragma/KnowShow_Specd/tests/integration/bin/Debug/net8.0/InvalidName.mkv
[Warning] EpisodeIdentifier.Core.Services.VideoFormatValidator: ffprobe failed with exit code 1
[Information] EpisodeIdentifier.Core.Services.BulkProcessorService: Non-fatal identification error for /mnt/c/Users/Ragma/KnowShow_Specd/tests/integration/bin/Debug/net8.0/ValidFile.S01E01.mkv: UNSUPPORTED_FILE_TYPE - treating as processed in bulk mode
[Warning] EpisodeIdentifier.Core.Services.VideoFormatValidator: ffprobe failed with exit code 1
[Information] EpisodeIdentifier.Core.Services.BulkProcessorService: Non-fatal identification error for /mnt/c/Users/Ragma/KnowShow_Specd/tests/integration/bin/Debug/net8.0/InvalidName.mkv: UNSUPPORTED_FILE_TYPE - treating as processed in bulk mode
[Information] EpisodeIdentifier.Core.Services.BulkProcessorService: Batch processing statistics for request 196510b0-49fd-45b0-851e-ac6b906336f7: 1 batches (1 successful), 2 files processed in 108.9ms (avg 108.9ms per batch), total memory used: 6,196,592 bytes
[Information] EpisodeIdentifier.Core.Services.ProgressTracker: Marking request 196510b0-49fd-45b0-851e-ac6b906336f7 as completed with status CompletedWithWarnings
[Information] EpisodeIdentifier.Core.Services.BulkProcessorService: Bulk processing completed for request 196510b0-49fd-45b0-851e-ac6b906336f7: CompletedWithWarnings, 2 processed, 1 failed, 0 skipped in 00:00:00.1913247</StdOut>
      </Output>
    </UnitTestResult>
    <UnitTestResult executionId="371c7e1e-d13c-4997-925e-0e3d23facde2" testId="7766ed99-e9a2-6bc5-91ea-62f174762ee4" testName="EpisodeIdentifier.Tests.Integration.SingleFileProcessingIntegrationTests.ProcessSingleFile_MissingConfigurationFile_ShouldUseDefaults" computerName="Freebie" duration="00:00:00.0174963" startTime="2025-09-17T21:48:38.0050953-07:00" endTime="2025-09-17T21:48:38.0050955-07:00" testType="13cdc9d9-ddb5-4fa4-a97d-d965ccfc6d4b" outcome="Passed" testListId="8c84fa94-04c1-424b-9868-57a2d4851a1d" relativeResultsDirectory="371c7e1e-d13c-4997-925e-0e3d23facde2">
      <Output>
        <StdOut>[Information] EpisodeIdentifier.Core.Services.ConfigurationService: ConfigurationService initialized with path: /mnt/c/Users/Ragma/KnowShow_Specd/tests/integration/bin/Debug/net8.0/nonexistent.config.json
[Information] EpisodeIdentifier.Core.Services.ConfigurationService: ConfigurationService initialized with path: /mnt/c/Users/Ragma/KnowShow_Specd/tests/integration/bin/Debug/net8.0/episodeidentifier.config.json
[Information] EpisodeIdentifier.Core.Services.ConfigurationService: Starting configuration load operation 41d848e3 from /mnt/c/Users/Ragma/KnowShow_Specd/tests/integration/bin/Debug/net8.0/nonexistent.config.json
[Warning] EpisodeIdentifier.Core.Services.ConfigurationService: Configuration file not found - Operation: 41d848e3, Path: /mnt/c/Users/Ragma/KnowShow_Specd/tests/integration/bin/Debug/net8.0/nonexistent.config.json, Duration: 0ms</StdOut>
      </Output>
    </UnitTestResult>
    <UnitTestResult executionId="a8b0b879-ceae-43c5-954b-e878b679f88e" testId="37b14a49-fd16-cc8b-49cb-743405980b65" testName="EpisodeIdentifier.Tests.Integration.ConfigHotReloadTests.HotReload_WithUnchangedConfig_SkipsReload" computerName="Freebie" duration="00:00:00.4927727" startTime="2025-09-17T21:48:37.1956507-07:00" endTime="2025-09-17T21:48:37.1956508-07:00" testType="13cdc9d9-ddb5-4fa4-a97d-d965ccfc6d4b" outcome="Passed" testListId="8c84fa94-04c1-424b-9868-57a2d4851a1d" relativeResultsDirectory="a8b0b879-ceae-43c5-954b-e878b679f88e" />
    <UnitTestResult executionId="4e92a6bd-24ef-40c5-8248-2fb0e3097991" testId="bfa97f1d-12c5-9fc0-635b-57410ade2d36" testName="EpisodeIdentifier.Tests.Integration.ConfigurationLoadingTests.LoadConfiguration_WithValidConfigFile_LoadsSuccessfully" computerName="Freebie" duration="00:00:00.1675854" startTime="2025-09-17T21:48:37.3922694-07:00" endTime="2025-09-17T21:48:37.3922698-07:00" testType="13cdc9d9-ddb5-4fa4-a97d-d965ccfc6d4b" outcome="Passed" testListId="8c84fa94-04c1-424b-9868-57a2d4851a1d" relativeResultsDirectory="4e92a6bd-24ef-40c5-8248-2fb0e3097991" />
  </Results>
  <TestDefinitions>
    <UnitTest name="EpisodeIdentifier.Tests.Integration.FilenameRecommendationTests.CrossPlatformCompatibility_HandlesUnixAndWindowsPaths" storage="/mnt/c/users/ragma/knowshow_specd/tests/integration/bin/debug/net8.0/episodeidentifier.tests.integration.dll" id="2a3f52fa-a7c3-f950-dad7-0c8f2a031ddd">
      <Execution id="f8cdc6bd-4886-44be-8aa7-e8e00b003500" />
      <TestMethod codeBase="/mnt/c/Users/Ragma/KnowShow_Specd/tests/integration/bin/Debug/net8.0/EpisodeIdentifier.Tests.Integration.dll" adapterTypeName="executor://xunit/VsTestRunner2/netcoreapp" className="EpisodeIdentifier.Tests.Integration.FilenameRecommendationTests" name="CrossPlatformCompatibility_HandlesUnixAndWindowsPaths" />
    </UnitTest>
    <UnitTest name="EpisodeIdentifier.Tests.Integration.EndToEndIdentificationTests.ProcessVideo_WithEmptyFilePath_ThrowsException" storage="/mnt/c/users/ragma/knowshow_specd/tests/integration/bin/debug/net8.0/episodeidentifier.tests.integration.dll" id="ba4fd3ef-b89d-3a24-55fe-a6c22030cc14">
      <Execution id="f337b611-c195-4859-a6e5-a43509fb46e0" />
      <TestMethod codeBase="/mnt/c/Users/Ragma/KnowShow_Specd/tests/integration/bin/Debug/net8.0/EpisodeIdentifier.Tests.Integration.dll" adapterTypeName="executor://xunit/VsTestRunner2/netcoreapp" className="EpisodeIdentifier.Tests.Integration.EndToEndIdentificationTests" name="ProcessVideo_WithEmptyFilePath_ThrowsException" />
    </UnitTest>
    <UnitTest name="EpisodeIdentifier.Tests.Integration.ConfigurationIntegrationTests.LoadConfiguration_WithPartialBulkProcessingConfig_ShouldUseDefaults" storage="/mnt/c/users/ragma/knowshow_specd/tests/integration/bin/debug/net8.0/episodeidentifier.tests.integration.dll" id="305e0bc9-0850-8225-2152-dc0a2c38f8de">
      <Execution id="7e8efdf1-d9f3-48f2-95ef-3dd2cadee817" />
      <TestMethod codeBase="/mnt/c/Users/Ragma/KnowShow_Specd/tests/integration/bin/Debug/net8.0/EpisodeIdentifier.Tests.Integration.dll" adapterTypeName="executor://xunit/VsTestRunner2/netcoreapp" className="EpisodeIdentifier.Tests.Integration.ConfigurationIntegrationTests" name="LoadConfiguration_WithPartialBulkProcessingConfig_ShouldUseDefaults" />
    </UnitTest>
    <UnitTest name="EpisodeIdentifier.Tests.Integration.ConfigurationIntegrationTests.ValidateConfiguration_WithEdgeCaseValues_ShouldHandleCorrectly" storage="/mnt/c/users/ragma/knowshow_specd/tests/integration/bin/debug/net8.0/episodeidentifier.tests.integration.dll" id="a5f17046-031a-ba95-030c-b89bce4f7332">
      <Execution id="e32fde4a-de44-4a7a-8fa0-6ad4ae22bbfa" />
      <TestMethod codeBase="/mnt/c/Users/Ragma/KnowShow_Specd/tests/integration/bin/Debug/net8.0/EpisodeIdentifier.Tests.Integration.dll" adapterTypeName="executor://xunit/VsTestRunner2/netcoreapp" className="EpisodeIdentifier.Tests.Integration.ConfigurationIntegrationTests" name="ValidateConfiguration_WithEdgeCaseValues_ShouldHandleCorrectly" />
    </UnitTest>
    <UnitTest name="EpisodeIdentifier.Tests.Integration.ErrorHandlingConcurrentIntegrationTests.ConcurrentAccess_SharedResources_ShouldPreventDeadlocks" storage="/mnt/c/users/ragma/knowshow_specd/tests/integration/bin/debug/net8.0/episodeidentifier.tests.integration.dll" id="6209e311-c6ba-f949-974f-6c3888ef1430">
      <Execution id="31a48c27-eeb6-467c-9e71-c3a055f10135" />
      <TestMethod codeBase="/mnt/c/Users/Ragma/KnowShow_Specd/tests/integration/bin/Debug/net8.0/EpisodeIdentifier.Tests.Integration.dll" adapterTypeName="executor://xunit/VsTestRunner2/netcoreapp" className="EpisodeIdentifier.Tests.Integration.ErrorHandlingConcurrentIntegrationTests" name="ConcurrentAccess_SharedResources_ShouldPreventDeadlocks" />
    </UnitTest>
    <UnitTest name="EpisodeIdentifier.Tests.Integration.ConfigurationIntegrationTests.LoadConfiguration_WithInvalidBulkProcessingSettings_ShouldFailValidation" storage="/mnt/c/users/ragma/knowshow_specd/tests/integration/bin/debug/net8.0/episodeidentifier.tests.integration.dll" id="ecc5553e-4ca1-7197-cefe-23263e69c6b2">
      <Execution id="7770ec0b-bf6b-4fe3-bb56-59b0f11534cb" />
      <TestMethod codeBase="/mnt/c/Users/Ragma/KnowShow_Specd/tests/integration/bin/Debug/net8.0/EpisodeIdentifier.Tests.Integration.dll" adapterTypeName="executor://xunit/VsTestRunner2/netcoreapp" className="EpisodeIdentifier.Tests.Integration.ConfigurationIntegrationTests" name="LoadConfiguration_WithInvalidBulkProcessingSettings_ShouldFailValidation" />
    </UnitTest>
    <UnitTest name="EpisodeIdentifier.Tests.Integration.SingleFileProcessingIntegrationTests.ProcessSingleFile_ConcurrencyMetrics_ShouldTrackSequentialProcessing" storage="/mnt/c/users/ragma/knowshow_specd/tests/integration/bin/debug/net8.0/episodeidentifier.tests.integration.dll" id="722e496e-f90e-237d-4a88-01c107fc6c39">
      <Execution id="a00b4dad-1bcf-4e7e-bba5-f7ec17256936" />
      <TestMethod codeBase="/mnt/c/Users/Ragma/KnowShow_Specd/tests/integration/bin/Debug/net8.0/EpisodeIdentifier.Tests.Integration.dll" adapterTypeName="executor://xunit/VsTestRunner2/netcoreapp" className="EpisodeIdentifier.Tests.Integration.SingleFileProcessingIntegrationTests" name="ProcessSingleFile_ConcurrencyMetrics_ShouldTrackSequentialProcessing" />
    </UnitTest>
    <UnitTest name="EpisodeIdentifier.Tests.Integration.ConfigurationLoadingTests.LoadConfiguration_WithMissingRequiredFields_ReturnsValidationErrors" storage="/mnt/c/users/ragma/knowshow_specd/tests/integration/bin/debug/net8.0/episodeidentifier.tests.integration.dll" id="a50f3e05-713b-770f-6c97-cd3a3825956c">
      <Execution id="47c08a4f-9861-49a3-9c15-d3690b7478d0" />
      <TestMethod codeBase="/mnt/c/Users/Ragma/KnowShow_Specd/tests/integration/bin/Debug/net8.0/EpisodeIdentifier.Tests.Integration.dll" adapterTypeName="executor://xunit/VsTestRunner2/netcoreapp" className="EpisodeIdentifier.Tests.Integration.ConfigurationLoadingTests" name="LoadConfiguration_WithMissingRequiredFields_ReturnsValidationErrors" />
    </UnitTest>
    <UnitTest name="EpisodeIdentifier.Tests.Integration.FuzzyHashWorkflowTests.FuzzyHashWorkflow_WithLargeFiles_HandlesMemoryEfficiently" storage="/mnt/c/users/ragma/knowshow_specd/tests/integration/bin/debug/net8.0/episodeidentifier.tests.integration.dll" id="f72357ec-0276-9b7d-04c3-5ed9714a42ee">
      <Execution id="bfc5171f-16c1-470e-878b-b890a327f146" />
      <TestMethod codeBase="/mnt/c/Users/Ragma/KnowShow_Specd/tests/integration/bin/Debug/net8.0/EpisodeIdentifier.Tests.Integration.dll" adapterTypeName="executor://xunit/VsTestRunner2/netcoreapp" className="EpisodeIdentifier.Tests.Integration.FuzzyHashWorkflowTests" name="FuzzyHashWorkflow_WithLargeFiles_HandlesMemoryEfficiently" />
    </UnitTest>
    <UnitTest name="EpisodeIdentifier.Tests.Integration.AssWorkflowTests.AssProcessingWorkflow_WithFormatHandlers_ProcessesCorrectly" storage="/mnt/c/users/ragma/knowshow_specd/tests/integration/bin/debug/net8.0/episodeidentifier.tests.integration.dll" id="4ecc95e6-ba46-6c43-9e60-283c001ee09f">
      <Execution id="fb10f9c1-6fb9-45c2-a8ac-bd7d0af9fc28" />
      <TestMethod codeBase="/mnt/c/Users/Ragma/KnowShow_Specd/tests/integration/bin/Debug/net8.0/EpisodeIdentifier.Tests.Integration.dll" adapterTypeName="executor://xunit/VsTestRunner2/netcoreapp" className="EpisodeIdentifier.Tests.Integration.AssWorkflowTests" name="AssProcessingWorkflow_WithFormatHandlers_ProcessesCorrectly" />
    </UnitTest>
    <UnitTest name="EpisodeIdentifier.Tests.Integration.HotReloadDuringProcessingIntegrationTests.HotReload_DuringHighConcurrency_ShouldMaintainSystemStability" storage="/mnt/c/users/ragma/knowshow_specd/tests/integration/bin/debug/net8.0/episodeidentifier.tests.integration.dll" id="01218aa8-e0b4-1bbc-9e74-d42182b778ae">
      <Execution id="74a54b97-7626-4b6e-82ec-07fb883a75bd" />
      <TestMethod codeBase="/mnt/c/Users/Ragma/KnowShow_Specd/tests/integration/bin/Debug/net8.0/EpisodeIdentifier.Tests.Integration.dll" adapterTypeName="executor://xunit/VsTestRunner2/netcoreapp" className="EpisodeIdentifier.Tests.Integration.HotReloadDuringProcessingIntegrationTests" name="HotReload_DuringHighConcurrency_ShouldMaintainSystemStability" />
    </UnitTest>
    <UnitTest name="EpisodeIdentifier.Tests.Integration.SrtWorkflowTests.TextSubtitleExtractor_WithNullPath_ThrowsArgumentException" storage="/mnt/c/users/ragma/knowshow_specd/tests/integration/bin/debug/net8.0/episodeidentifier.tests.integration.dll" id="a26ecee0-609e-1a3b-d2e2-1398a5a2a7cc">
      <Execution id="c24aba25-69ff-4115-91b9-b4c7ffa403a9" />
      <TestMethod codeBase="/mnt/c/Users/Ragma/KnowShow_Specd/tests/integration/bin/Debug/net8.0/EpisodeIdentifier.Tests.Integration.dll" adapterTypeName="executor://xunit/VsTestRunner2/netcoreapp" className="EpisodeIdentifier.Tests.Integration.SrtWorkflowTests" name="TextSubtitleExtractor_WithNullPath_ThrowsArgumentException" />
    </UnitTest>
    <UnitTest name="EpisodeIdentifier.Tests.Integration.VttWorkflowTests.TextSubtitleExtractor_WithVttInput_ExtractsCorrectly" storage="/mnt/c/users/ragma/knowshow_specd/tests/integration/bin/debug/net8.0/episodeidentifier.tests.integration.dll" id="025367b8-7b7b-638d-bc74-6d7181e833be">
      <Execution id="b9537e27-7842-4a70-b44b-06e6407d46d3" />
      <TestMethod codeBase="/mnt/c/Users/Ragma/KnowShow_Specd/tests/integration/bin/Debug/net8.0/EpisodeIdentifier.Tests.Integration.dll" adapterTypeName="executor://xunit/VsTestRunner2/netcoreapp" className="EpisodeIdentifier.Tests.Integration.VttWorkflowTests" name="TextSubtitleExtractor_WithVttInput_ExtractsCorrectly" />
    </UnitTest>
    <UnitTest name="EpisodeIdentifier.Tests.Integration.SingleFileProcessingIntegrationTests.ProcessSingleFile_ConfigurationErrorHandling_ShouldFallbackGracefully" storage="/mnt/c/users/ragma/knowshow_specd/tests/integration/bin/debug/net8.0/episodeidentifier.tests.integration.dll" id="aa596bb6-43fe-3a5a-151d-a3de149fc222">
      <Execution id="fc664617-6733-4318-9f94-ffec832c7cf1" />
      <TestMethod codeBase="/mnt/c/Users/Ragma/KnowShow_Specd/tests/integration/bin/Debug/net8.0/EpisodeIdentifier.Tests.Integration.dll" adapterTypeName="executor://xunit/VsTestRunner2/netcoreapp" className="EpisodeIdentifier.Tests.Integration.SingleFileProcessingIntegrationTests" name="ProcessSingleFile_ConfigurationErrorHandling_ShouldFallbackGracefully" />
    </UnitTest>
    <UnitTest name="EpisodeIdentifier.Tests.Integration.FileRenameIntegrationTests.RenameFlag_WithLowConfidence_DoesNotRenameFile" storage="/mnt/c/users/ragma/knowshow_specd/tests/integration/bin/debug/net8.0/episodeidentifier.tests.integration.dll" id="c1e650b5-c1f3-7814-8e39-20748c35f348">
      <Execution id="f3e8cf09-54df-476f-88c7-8619a6d0519a" />
      <TestMethod codeBase="/mnt/c/Users/Ragma/KnowShow_Specd/tests/integration/bin/Debug/net8.0/EpisodeIdentifier.Tests.Integration.dll" adapterTypeName="executor://xunit/VsTestRunner2/netcoreapp" className="EpisodeIdentifier.Tests.Integration.FileRenameIntegrationTests" name="RenameFlag_WithLowConfidence_DoesNotRenameFile" />
    </UnitTest>
    <UnitTest name="EpisodeIdentifier.Tests.Integration.ErrorHandlingConcurrentIntegrationTests.ConcurrentProcessing_MixedFileTypes_ShouldHandleErrorsGracefully" storage="/mnt/c/users/ragma/knowshow_specd/tests/integration/bin/debug/net8.0/episodeidentifier.tests.integration.dll" id="a88ab99e-1425-8bb1-6a64-ba678e5bbfbe">
      <Execution id="d1f72289-9df0-4a67-91e2-990097b8381a" />
      <TestMethod codeBase="/mnt/c/Users/Ragma/KnowShow_Specd/tests/integration/bin/Debug/net8.0/EpisodeIdentifier.Tests.Integration.dll" adapterTypeName="executor://xunit/VsTestRunner2/netcoreapp" className="EpisodeIdentifier.Tests.Integration.ErrorHandlingConcurrentIntegrationTests" name="ConcurrentProcessing_MixedFileTypes_ShouldHandleErrorsGracefully" />
    </UnitTest>
    <UnitTest name="EpisodeIdentifier.Tests.Integration.IntegrationTestStubs.MultiTrackProcessing_PlaceholderTest" storage="/mnt/c/users/ragma/knowshow_specd/tests/integration/bin/debug/net8.0/episodeidentifier.tests.integration.dll" id="00b2b8b4-7367-a76f-e99d-c22f8cef580d">
      <Execution id="c628a610-e1fe-4886-b652-3a91f04a0e37" />
      <TestMethod codeBase="/mnt/c/Users/Ragma/KnowShow_Specd/tests/integration/bin/Debug/net8.0/EpisodeIdentifier.Tests.Integration.dll" adapterTypeName="executor://xunit/VsTestRunner2/netcoreapp" className="EpisodeIdentifier.Tests.Integration.IntegrationTestStubs" name="MultiTrackProcessing_PlaceholderTest" />
    </UnitTest>
    <UnitTest name="EpisodeIdentifier.Tests.Integration.FuzzyHashWorkflowTests.FuzzyHashWorkflow_WithMultipleFiles_ProcessesEfficiently" storage="/mnt/c/users/ragma/knowshow_specd/tests/integration/bin/debug/net8.0/episodeidentifier.tests.integration.dll" id="90f7981f-a1fe-3efa-4e49-62d7a6bf2d77">
      <Execution id="bb9c36ad-2617-48a1-83ea-2997677ab833" />
      <TestMethod codeBase="/mnt/c/Users/Ragma/KnowShow_Specd/tests/integration/bin/Debug/net8.0/EpisodeIdentifier.Tests.Integration.dll" adapterTypeName="executor://xunit/VsTestRunner2/netcoreapp" className="EpisodeIdentifier.Tests.Integration.FuzzyHashWorkflowTests" name="FuzzyHashWorkflow_WithMultipleFiles_ProcessesEfficiently" />
    </UnitTest>
    <UnitTest name="EpisodeIdentifier.Tests.Integration.SingleFileProcessingIntegrationTests.ProcessSingleFile_WithMaxConcurrencyOne_ShouldProcessSequentially" storage="/mnt/c/users/ragma/knowshow_specd/tests/integration/bin/debug/net8.0/episodeidentifier.tests.integration.dll" id="cf5003dd-35cc-0237-badf-166cbce58526">
      <Execution id="c50c6630-5834-4d95-8d71-71fffc2fe741" />
      <TestMethod codeBase="/mnt/c/Users/Ragma/KnowShow_Specd/tests/integration/bin/Debug/net8.0/EpisodeIdentifier.Tests.Integration.dll" adapterTypeName="executor://xunit/VsTestRunner2/netcoreapp" className="EpisodeIdentifier.Tests.Integration.SingleFileProcessingIntegrationTests" name="ProcessSingleFile_WithMaxConcurrencyOne_ShouldProcessSequentially" />
    </UnitTest>
    <UnitTest name="EpisodeIdentifier.Tests.Integration.ConfigurationIntegrationTests.LoadConfiguration_WithConstraintViolations_ShouldFailValidation" storage="/mnt/c/users/ragma/knowshow_specd/tests/integration/bin/debug/net8.0/episodeidentifier.tests.integration.dll" id="90ad9766-e0a3-3bee-e13d-42eb9c4c1c96">
      <Execution id="5b3154cf-66eb-4c31-86cc-7ccbfe0bf2ac" />
      <TestMethod codeBase="/mnt/c/Users/Ragma/KnowShow_Specd/tests/integration/bin/Debug/net8.0/EpisodeIdentifier.Tests.Integration.dll" adapterTypeName="executor://xunit/VsTestRunner2/netcoreapp" className="EpisodeIdentifier.Tests.Integration.ConfigurationIntegrationTests" name="LoadConfiguration_WithConstraintViolations_ShouldFailValidation" />
    </UnitTest>
    <UnitTest name="EpisodeIdentifier.Tests.Integration.ConfigHotReloadTests.HotReload_WithMultipleQuickChanges_HandlesDebouncing" storage="/mnt/c/users/ragma/knowshow_specd/tests/integration/bin/debug/net8.0/episodeidentifier.tests.integration.dll" id="63442ac7-39ba-7f15-56b5-967d85ab2ec8">
      <Execution id="f9b3ccce-c15b-44cc-a22f-298bf050367d" />
      <TestMethod codeBase="/mnt/c/Users/Ragma/KnowShow_Specd/tests/integration/bin/Debug/net8.0/EpisodeIdentifier.Tests.Integration.dll" adapterTypeName="executor://xunit/VsTestRunner2/netcoreapp" className="EpisodeIdentifier.Tests.Integration.ConfigHotReloadTests" name="HotReload_WithMultipleQuickChanges_HandlesDebouncing" />
    </UnitTest>
    <UnitTest name="EpisodeIdentifier.Tests.Integration.AssWorkflowTests.AssProcessingWorkflow_WithSimpleTest_CompletesSuccessfully" storage="/mnt/c/users/ragma/knowshow_specd/tests/integration/bin/debug/net8.0/episodeidentifier.tests.integration.dll" id="76610f22-7881-2fbf-7de0-f7c3cfbc7c2a">
      <Execution id="1c2a8ea8-5d47-4054-b4f9-274b8642005a" />
      <TestMethod codeBase="/mnt/c/Users/Ragma/KnowShow_Specd/tests/integration/bin/Debug/net8.0/EpisodeIdentifier.Tests.Integration.dll" adapterTypeName="executor://xunit/VsTestRunner2/netcoreapp" className="EpisodeIdentifier.Tests.Integration.AssWorkflowTests" name="AssProcessingWorkflow_WithSimpleTest_CompletesSuccessfully" />
    </UnitTest>
    <UnitTest name="EpisodeIdentifier.Tests.Integration.DatabaseConnectionPoolingTests.DatabaseOperations_UnderMemoryPressure_ShouldMaintainPerformance" storage="/mnt/c/users/ragma/knowshow_specd/tests/integration/bin/debug/net8.0/episodeidentifier.tests.integration.dll" id="9f6aa657-12cd-6ad4-f670-893bb147f3fd">
      <Execution id="000c2c92-01e6-4bcd-b3e1-bb7bbb2d3e8c" />
      <TestMethod codeBase="/mnt/c/Users/Ragma/KnowShow_Specd/tests/integration/bin/Debug/net8.0/EpisodeIdentifier.Tests.Integration.dll" adapterTypeName="executor://xunit/VsTestRunner2/netcoreapp" className="EpisodeIdentifier.Tests.Integration.DatabaseConnectionPoolingTests" name="DatabaseOperations_UnderMemoryPressure_ShouldMaintainPerformance" />
    </UnitTest>
    <UnitTest name="EpisodeIdentifier.Tests.Integration.FileRenameIntegrationTests.RenameFlag_WithHighConfidenceMatch_RenamesFileSuccessfully" storage="/mnt/c/users/ragma/knowshow_specd/tests/integration/bin/debug/net8.0/episodeidentifier.tests.integration.dll" id="de3f3b93-99da-ea87-e637-8430eab50da2">
      <Execution id="a8c81335-8566-4e1a-9f7b-ff3552a992dc" />
      <TestMethod codeBase="/mnt/c/Users/Ragma/KnowShow_Specd/tests/integration/bin/Debug/net8.0/EpisodeIdentifier.Tests.Integration.dll" adapterTypeName="executor://xunit/VsTestRunner2/netcoreapp" className="EpisodeIdentifier.Tests.Integration.FileRenameIntegrationTests" name="RenameFlag_WithHighConfidenceMatch_RenamesFileSuccessfully" />
    </UnitTest>
    <UnitTest name="EpisodeIdentifier.Tests.Integration.SrtWorkflowTests.SrtProcessingWorkflow_WithSimpleTest_CompletesSuccessfully" storage="/mnt/c/users/ragma/knowshow_specd/tests/integration/bin/debug/net8.0/episodeidentifier.tests.integration.dll" id="f2b4fa43-56de-57cb-b8a8-05a2d9cd0d21">
      <Execution id="ec3031dc-18d6-4124-9cc2-66023b1ca9a1" />
      <TestMethod codeBase="/mnt/c/Users/Ragma/KnowShow_Specd/tests/integration/bin/Debug/net8.0/EpisodeIdentifier.Tests.Integration.dll" adapterTypeName="executor://xunit/VsTestRunner2/netcoreapp" className="EpisodeIdentifier.Tests.Integration.SrtWorkflowTests" name="SrtProcessingWorkflow_WithSimpleTest_CompletesSuccessfully" />
    </UnitTest>
    <UnitTest name="EpisodeIdentifier.Tests.Integration.SrtWorkflowTests.SrtProcessingWorkflow_WithFormatHandlers_ProcessesCorrectly" storage="/mnt/c/users/ragma/knowshow_specd/tests/integration/bin/debug/net8.0/episodeidentifier.tests.integration.dll" id="0a7ed438-247f-dcea-cf46-4589ea44983c">
      <Execution id="90df3258-0b0e-4c5e-b422-5edf60ee1075" />
      <TestMethod codeBase="/mnt/c/Users/Ragma/KnowShow_Specd/tests/integration/bin/Debug/net8.0/EpisodeIdentifier.Tests.Integration.dll" adapterTypeName="executor://xunit/VsTestRunner2/netcoreapp" className="EpisodeIdentifier.Tests.Integration.SrtWorkflowTests" name="SrtProcessingWorkflow_WithFormatHandlers_ProcessesCorrectly" />
    </UnitTest>
    <UnitTest name="EpisodeIdentifier.Tests.Integration.Services.FileDiscoveryServiceIntegrationTests.DiscoverFilesAsync_WithRealFiles_ShouldReturnActualFiles" storage="/mnt/c/users/ragma/knowshow_specd/tests/integration/bin/debug/net8.0/episodeidentifier.tests.integration.dll" id="019ee5bf-e104-4b77-d8f9-1f5ceb49fe0c">
      <Execution id="f265432f-2732-4752-992b-e0fc0c3ccf60" />
      <TestMethod codeBase="/mnt/c/Users/Ragma/KnowShow_Specd/tests/integration/bin/Debug/net8.0/EpisodeIdentifier.Tests.Integration.dll" adapterTypeName="executor://xunit/VsTestRunner2/netcoreapp" className="EpisodeIdentifier.Tests.Integration.Services.FileDiscoveryServiceIntegrationTests" name="DiscoverFilesAsync_WithRealFiles_ShouldReturnActualFiles" />
    </UnitTest>
    <UnitTest name="EpisodeIdentifier.Tests.Integration.FilenameRecommendationTests.DatabaseIntegration_StoresAndRetrievesEpisodeNames" storage="/mnt/c/users/ragma/knowshow_specd/tests/integration/bin/debug/net8.0/episodeidentifier.tests.integration.dll" id="60aca83b-1ae0-f35a-8e3c-b453f963a625">
      <Execution id="beb88233-2611-4a5d-9a36-3b9e3445fdc5" />
      <TestMethod codeBase="/mnt/c/Users/Ragma/KnowShow_Specd/tests/integration/bin/Debug/net8.0/EpisodeIdentifier.Tests.Integration.dll" adapterTypeName="executor://xunit/VsTestRunner2/netcoreapp" className="EpisodeIdentifier.Tests.Integration.FilenameRecommendationTests" name="DatabaseIntegration_StoresAndRetrievesEpisodeNames" />
    </UnitTest>
    <UnitTest name="EpisodeIdentifier.Tests.Integration.ConfigurationLoadingTests.ReloadConfiguration_WhenFileChanges_DetectsChanges" storage="/mnt/c/users/ragma/knowshow_specd/tests/integration/bin/debug/net8.0/episodeidentifier.tests.integration.dll" id="a1dea9f6-4ef9-98b9-8be6-64b73e3027e7">
      <Execution id="d00dcb6c-38d1-4cc6-a3de-c8ac14feb893" />
      <TestMethod codeBase="/mnt/c/Users/Ragma/KnowShow_Specd/tests/integration/bin/Debug/net8.0/EpisodeIdentifier.Tests.Integration.dll" adapterTypeName="executor://xunit/VsTestRunner2/netcoreapp" className="EpisodeIdentifier.Tests.Integration.ConfigurationLoadingTests" name="ReloadConfiguration_WhenFileChanges_DetectsChanges" />
    </UnitTest>
    <UnitTest name="EpisodeIdentifier.Tests.Integration.Services.FileDiscoveryServiceIntegrationTests.DiscoverFilesAsync_WithLargeNumberOfFiles_ShouldPerformReasonably" storage="/mnt/c/users/ragma/knowshow_specd/tests/integration/bin/debug/net8.0/episodeidentifier.tests.integration.dll" id="5a0728c9-eb2a-e2f2-6bfe-0e9bb82c1274">
      <Execution id="93a23b62-2d6a-4512-8312-84d153268fa7" />
      <TestMethod codeBase="/mnt/c/Users/Ragma/KnowShow_Specd/tests/integration/bin/Debug/net8.0/EpisodeIdentifier.Tests.Integration.dll" adapterTypeName="executor://xunit/VsTestRunner2/netcoreapp" className="EpisodeIdentifier.Tests.Integration.Services.FileDiscoveryServiceIntegrationTests" name="DiscoverFilesAsync_WithLargeNumberOfFiles_ShouldPerformReasonably" />
    </UnitTest>
    <UnitTest name="EpisodeIdentifier.Tests.Integration.FileRenameIntegrationTests.NoRenameFlag_GeneratesSuggestionButDoesNotRename" storage="/mnt/c/users/ragma/knowshow_specd/tests/integration/bin/debug/net8.0/episodeidentifier.tests.integration.dll" id="f2e5722b-8870-f59e-35d9-f47c8c042a79">
      <Execution id="0088a3b4-3840-484a-b5ae-f5b54de256a9" />
      <TestMethod codeBase="/mnt/c/Users/Ragma/KnowShow_Specd/tests/integration/bin/Debug/net8.0/EpisodeIdentifier.Tests.Integration.dll" adapterTypeName="executor://xunit/VsTestRunner2/netcoreapp" className="EpisodeIdentifier.Tests.Integration.FileRenameIntegrationTests" name="NoRenameFlag_GeneratesSuggestionButDoesNotRename" />
    </UnitTest>
    <UnitTest name="EpisodeIdentifier.Tests.Integration.HotReloadDuringProcessingIntegrationTests.HotReload_FileSystemWatcher_ShouldDetectConfigurationChanges" storage="/mnt/c/users/ragma/knowshow_specd/tests/integration/bin/debug/net8.0/episodeidentifier.tests.integration.dll" id="f9c4d39d-53d8-9efc-9fd0-bf7323abe03b">
      <Execution id="b0e4fc10-5aa7-4b7f-bf43-666b4fc5bf5b" />
      <TestMethod codeBase="/mnt/c/Users/Ragma/KnowShow_Specd/tests/integration/bin/Debug/net8.0/EpisodeIdentifier.Tests.Integration.dll" adapterTypeName="executor://xunit/VsTestRunner2/netcoreapp" className="EpisodeIdentifier.Tests.Integration.HotReloadDuringProcessingIntegrationTests" name="HotReload_FileSystemWatcher_ShouldDetectConfigurationChanges" />
    </UnitTest>
    <UnitTest name="EpisodeIdentifier.Tests.Integration.FileRenameIntegrationTests.RenameFlag_WithForceOverwrite_OverwritesExistingFile" storage="/mnt/c/users/ragma/knowshow_specd/tests/integration/bin/debug/net8.0/episodeidentifier.tests.integration.dll" id="10ed06f6-211b-30c6-bd00-1ed330c684d1">
      <Execution id="2b6503d8-dddb-47d3-b6bd-2ff07697f7e1" />
      <TestMethod codeBase="/mnt/c/Users/Ragma/KnowShow_Specd/tests/integration/bin/Debug/net8.0/EpisodeIdentifier.Tests.Integration.dll" adapterTypeName="executor://xunit/VsTestRunner2/netcoreapp" className="EpisodeIdentifier.Tests.Integration.FileRenameIntegrationTests" name="RenameFlag_WithForceOverwrite_OverwritesExistingFile" />
    </UnitTest>
    <UnitTest name="EpisodeIdentifier.Tests.Integration.SingleFileProcessingIntegrationTests.ProcessSingleFile_MissingConfigurationFile_ShouldUseDefaults" storage="/mnt/c/users/ragma/knowshow_specd/tests/integration/bin/debug/net8.0/episodeidentifier.tests.integration.dll" id="7766ed99-e9a2-6bc5-91ea-62f174762ee4">
      <Execution id="371c7e1e-d13c-4997-925e-0e3d23facde2" />
      <TestMethod codeBase="/mnt/c/Users/Ragma/KnowShow_Specd/tests/integration/bin/Debug/net8.0/EpisodeIdentifier.Tests.Integration.dll" adapterTypeName="executor://xunit/VsTestRunner2/netcoreapp" className="EpisodeIdentifier.Tests.Integration.SingleFileProcessingIntegrationTests" name="ProcessSingleFile_MissingConfigurationFile_ShouldUseDefaults" />
    </UnitTest>
    <UnitTest name="EpisodeIdentifier.Tests.Integration.SingleFileProcessingIntegrationTests.ProcessSingleFile_FilenamePatternMatching_ShouldRespectConfiguration(filename: &quot;S01E01.mkv&quot;, shouldMatch: True)" storage="/mnt/c/users/ragma/knowshow_specd/tests/integration/bin/debug/net8.0/episodeidentifier.tests.integration.dll" id="fef781f3-7303-140f-953b-e80713ae540d">
      <Execution id="49ccd784-8162-4ace-b2c6-051c511382c0" />
      <TestMethod codeBase="/mnt/c/Users/Ragma/KnowShow_Specd/tests/integration/bin/Debug/net8.0/EpisodeIdentifier.Tests.Integration.dll" adapterTypeName="executor://xunit/VsTestRunner2/netcoreapp" className="EpisodeIdentifier.Tests.Integration.SingleFileProcessingIntegrationTests" name="ProcessSingleFile_FilenamePatternMatching_ShouldRespectConfiguration" />
    </UnitTest>
    <UnitTest name="EpisodeIdentifier.Tests.Integration.DatabaseConcurrencyOptimizationTests.FuzzyHashService_WithOptimizedConnection_ShouldHandleConcurrentOperations" storage="/mnt/c/users/ragma/knowshow_specd/tests/integration/bin/debug/net8.0/episodeidentifier.tests.integration.dll" id="1c536f5d-0a0b-82b0-6d75-2c11e6a77c32">
      <Execution id="b819cb45-d0f7-49a6-a158-b4d8f07dd35a" />
      <TestMethod codeBase="/mnt/c/Users/Ragma/KnowShow_Specd/tests/integration/bin/Debug/net8.0/EpisodeIdentifier.Tests.Integration.dll" adapterTypeName="executor://xunit/VsTestRunner2/netcoreapp" className="EpisodeIdentifier.Tests.Integration.DatabaseConcurrencyOptimizationTests" name="FuzzyHashService_WithOptimizedConnection_ShouldHandleConcurrentOperations" />
    </UnitTest>
    <UnitTest name="EpisodeIdentifier.Tests.Integration.EndToEndIdentificationTests.ProcessVideo_WithTextSubtitles_IdentifiesCorrectly" storage="/mnt/c/users/ragma/knowshow_specd/tests/integration/bin/debug/net8.0/episodeidentifier.tests.integration.dll" id="a39e5d03-f272-df13-fb03-9c9b9db922dc">
      <Execution id="7d8384b3-a369-412e-837f-0678e71c6ff7" />
      <TestMethod codeBase="/mnt/c/Users/Ragma/KnowShow_Specd/tests/integration/bin/Debug/net8.0/EpisodeIdentifier.Tests.Integration.dll" adapterTypeName="executor://xunit/VsTestRunner2/netcoreapp" className="EpisodeIdentifier.Tests.Integration.EndToEndIdentificationTests" name="ProcessVideo_WithTextSubtitles_IdentifiesCorrectly" />
    </UnitTest>
    <UnitTest name="EpisodeIdentifier.Tests.Integration.ConfigHotReloadTests.HotReload_WithInvalidConfigChanges_FallsBackToPreviousConfig" storage="/mnt/c/users/ragma/knowshow_specd/tests/integration/bin/debug/net8.0/episodeidentifier.tests.integration.dll" id="0e02b3b2-ae6b-c16f-f907-8e495efa462a">
      <Execution id="44afdaf4-d869-48df-9587-b09851517290" />
      <TestMethod codeBase="/mnt/c/Users/Ragma/KnowShow_Specd/tests/integration/bin/Debug/net8.0/EpisodeIdentifier.Tests.Integration.dll" adapterTypeName="executor://xunit/VsTestRunner2/netcoreapp" className="EpisodeIdentifier.Tests.Integration.ConfigHotReloadTests" name="HotReload_WithInvalidConfigChanges_FallsBackToPreviousConfig" />
    </UnitTest>
    <UnitTest name="EpisodeIdentifier.Tests.Integration.AssWorkflowTests.TextSubtitleExtractor_WithNonexistentFile_HandlesGracefully" storage="/mnt/c/users/ragma/knowshow_specd/tests/integration/bin/debug/net8.0/episodeidentifier.tests.integration.dll" id="7d86f403-82a6-ef63-7078-a37047ef1e1b">
      <Execution id="21f0e57f-12f9-4496-936f-28470afbe421" />
      <TestMethod codeBase="/mnt/c/Users/Ragma/KnowShow_Specd/tests/integration/bin/Debug/net8.0/EpisodeIdentifier.Tests.Integration.dll" adapterTypeName="executor://xunit/VsTestRunner2/netcoreapp" className="EpisodeIdentifier.Tests.Integration.AssWorkflowTests" name="TextSubtitleExtractor_WithNonexistentFile_HandlesGracefully" />
    </UnitTest>
    <UnitTest name="EpisodeIdentifier.Tests.Integration.ConfigurationLoadingTests.LoadConfiguration_WithInvalidJsonSyntax_ReturnsValidationErrors" storage="/mnt/c/users/ragma/knowshow_specd/tests/integration/bin/debug/net8.0/episodeidentifier.tests.integration.dll" id="b30d4c38-5e2c-04f9-9a7b-07bdb5d83c47">
      <Execution id="07903dfc-14ed-4a9d-b29f-128266ef1152" />
      <TestMethod codeBase="/mnt/c/Users/Ragma/KnowShow_Specd/tests/integration/bin/Debug/net8.0/EpisodeIdentifier.Tests.Integration.dll" adapterTypeName="executor://xunit/VsTestRunner2/netcoreapp" className="EpisodeIdentifier.Tests.Integration.ConfigurationLoadingTests" name="LoadConfiguration_WithInvalidJsonSyntax_ReturnsValidationErrors" />
    </UnitTest>
    <UnitTest name="EpisodeIdentifier.Tests.Integration.FilenameRecommendationTests.WindowsCharacterSanitization_ReplacesInvalidCharacters" storage="/mnt/c/users/ragma/knowshow_specd/tests/integration/bin/debug/net8.0/episodeidentifier.tests.integration.dll" id="12f0d548-841e-eec4-beb0-7a25e7cec52b">
      <Execution id="ba18edc8-cb1d-46a6-ad49-6713154b9488" />
      <TestMethod codeBase="/mnt/c/Users/Ragma/KnowShow_Specd/tests/integration/bin/Debug/net8.0/EpisodeIdentifier.Tests.Integration.dll" adapterTypeName="executor://xunit/VsTestRunner2/netcoreapp" className="EpisodeIdentifier.Tests.Integration.FilenameRecommendationTests" name="WindowsCharacterSanitization_ReplacesInvalidCharacters" />
    </UnitTest>
    <UnitTest name="EpisodeIdentifier.Tests.Integration.Services.FileDiscoveryServiceIntegrationTests.DiscoverFilesAsync_WithDeepDirectoryStructure_ShouldHandleMaxDepth" storage="/mnt/c/users/ragma/knowshow_specd/tests/integration/bin/debug/net8.0/episodeidentifier.tests.integration.dll" id="b0756072-5910-d554-36c2-078a0450c1ad">
      <Execution id="f9da191b-b2e2-45f8-ad40-88cef5a152d3" />
      <TestMethod codeBase="/mnt/c/Users/Ragma/KnowShow_Specd/tests/integration/bin/Debug/net8.0/EpisodeIdentifier.Tests.Integration.dll" adapterTypeName="executor://xunit/VsTestRunner2/netcoreapp" className="EpisodeIdentifier.Tests.Integration.Services.FileDiscoveryServiceIntegrationTests" name="DiscoverFilesAsync_WithDeepDirectoryStructure_ShouldHandleMaxDepth" />
    </UnitTest>
    <UnitTest name="EpisodeIdentifier.Tests.Integration.SrtWorkflowTests.TextSubtitleExtractor_WithNonexistentFile_HandlesGracefully" storage="/mnt/c/users/ragma/knowshow_specd/tests/integration/bin/debug/net8.0/episodeidentifier.tests.integration.dll" id="2605b7a9-17f3-40f9-1c3d-ea366e2444e0">
      <Execution id="84db0fc7-4d18-4539-a5bc-8a6efb7ba7c5" />
      <TestMethod codeBase="/mnt/c/Users/Ragma/KnowShow_Specd/tests/integration/bin/Debug/net8.0/EpisodeIdentifier.Tests.Integration.dll" adapterTypeName="executor://xunit/VsTestRunner2/netcoreapp" className="EpisodeIdentifier.Tests.Integration.SrtWorkflowTests" name="TextSubtitleExtractor_WithNonexistentFile_HandlesGracefully" />
    </UnitTest>
    <UnitTest name="EpisodeIdentifier.Tests.Integration.ConfigHotReloadTests.HotReload_WithFileSystemPermissionChanges_HandlesGracefully" storage="/mnt/c/users/ragma/knowshow_specd/tests/integration/bin/debug/net8.0/episodeidentifier.tests.integration.dll" id="aa6308ce-bb35-2496-bb40-b222651e5a83">
      <Execution id="e7d19df4-d0d1-40b0-ac1f-2cbbaa507c6f" />
      <TestMethod codeBase="/mnt/c/Users/Ragma/KnowShow_Specd/tests/integration/bin/Debug/net8.0/EpisodeIdentifier.Tests.Integration.dll" adapterTypeName="executor://xunit/VsTestRunner2/netcoreapp" className="EpisodeIdentifier.Tests.Integration.ConfigHotReloadTests" name="HotReload_WithFileSystemPermissionChanges_HandlesGracefully" />
    </UnitTest>
    <UnitTest name="EpisodeIdentifier.Tests.Integration.ConfigurationLoadingTests.LoadConfiguration_WithValidConfigFile_LoadsSuccessfully" storage="/mnt/c/users/ragma/knowshow_specd/tests/integration/bin/debug/net8.0/episodeidentifier.tests.integration.dll" id="bfa97f1d-12c5-9fc0-635b-57410ade2d36">
      <Execution id="4e92a6bd-24ef-40c5-8248-2fb0e3097991" />
      <TestMethod codeBase="/mnt/c/Users/Ragma/KnowShow_Specd/tests/integration/bin/Debug/net8.0/EpisodeIdentifier.Tests.Integration.dll" adapterTypeName="executor://xunit/VsTestRunner2/netcoreapp" className="EpisodeIdentifier.Tests.Integration.ConfigurationLoadingTests" name="LoadConfiguration_WithValidConfigFile_LoadsSuccessfully" />
    </UnitTest>
    <UnitTest name="EpisodeIdentifier.Tests.Integration.FilenameRecommendationTests.HighConfidenceWithoutEpisodeName_GeneratesBasicFilename" storage="/mnt/c/users/ragma/knowshow_specd/tests/integration/bin/debug/net8.0/episodeidentifier.tests.integration.dll" id="20ee62e4-e0eb-9ae0-d74b-aed776cdcbd2">
      <Execution id="654bbf8e-3408-40b6-8612-7994476815a5" />
      <TestMethod codeBase="/mnt/c/Users/Ragma/KnowShow_Specd/tests/integration/bin/Debug/net8.0/EpisodeIdentifier.Tests.Integration.dll" adapterTypeName="executor://xunit/VsTestRunner2/netcoreapp" className="EpisodeIdentifier.Tests.Integration.FilenameRecommendationTests" name="HighConfidenceWithoutEpisodeName_GeneratesBasicFilename" />
    </UnitTest>
    <UnitTest name="EpisodeIdentifier.Tests.Integration.FilenameRecommendationTests.HighConfidenceIdentification_GeneratesSuggestedFilename" storage="/mnt/c/users/ragma/knowshow_specd/tests/integration/bin/debug/net8.0/episodeidentifier.tests.integration.dll" id="72a08158-2638-0b5d-cd7e-2068b6a126a0">
      <Execution id="d90988d0-93dd-4fc6-9ce0-c3ffa85636ca" />
      <TestMethod codeBase="/mnt/c/Users/Ragma/KnowShow_Specd/tests/integration/bin/Debug/net8.0/EpisodeIdentifier.Tests.Integration.dll" adapterTypeName="executor://xunit/VsTestRunner2/netcoreapp" className="EpisodeIdentifier.Tests.Integration.FilenameRecommendationTests" name="HighConfidenceIdentification_GeneratesSuggestedFilename" />
    </UnitTest>
    <UnitTest name="EpisodeIdentifier.Tests.Integration.ConfigHotReloadTests.HotReload_DuringFileProcessing_DetectsConfigChanges" storage="/mnt/c/users/ragma/knowshow_specd/tests/integration/bin/debug/net8.0/episodeidentifier.tests.integration.dll" id="f50e7700-9f0d-313e-eef1-47708e04b72a">
      <Execution id="bb52bf00-9d28-4246-ae6b-19cb01e60cca" />
      <TestMethod codeBase="/mnt/c/Users/Ragma/KnowShow_Specd/tests/integration/bin/Debug/net8.0/EpisodeIdentifier.Tests.Integration.dll" adapterTypeName="executor://xunit/VsTestRunner2/netcoreapp" className="EpisodeIdentifier.Tests.Integration.ConfigHotReloadTests" name="HotReload_DuringFileProcessing_DetectsConfigChanges" />
    </UnitTest>
    <UnitTest name="EpisodeIdentifier.Tests.Integration.HotReloadDuringProcessingIntegrationTests.HotReload_ConcurrencyIncrease_ShouldApplyToSubsequentBatches" storage="/mnt/c/users/ragma/knowshow_specd/tests/integration/bin/debug/net8.0/episodeidentifier.tests.integration.dll" id="a348b9e8-73bc-4a94-2fa8-aceda0f5f2ff">
      <Execution id="06695922-5914-4edd-a7ef-65637caf2a6b" />
      <TestMethod codeBase="/mnt/c/Users/Ragma/KnowShow_Specd/tests/integration/bin/Debug/net8.0/EpisodeIdentifier.Tests.Integration.dll" adapterTypeName="executor://xunit/VsTestRunner2/netcoreapp" className="EpisodeIdentifier.Tests.Integration.HotReloadDuringProcessingIntegrationTests" name="HotReload_ConcurrencyIncrease_ShouldApplyToSubsequentBatches" />
    </UnitTest>
    <UnitTest name="EpisodeIdentifier.Tests.Integration.DatabaseConnectionPoolingTests.ConcurrentDatabaseOperations_ShouldHandleHighConcurrency" storage="/mnt/c/users/ragma/knowshow_specd/tests/integration/bin/debug/net8.0/episodeidentifier.tests.integration.dll" id="4d0d2e66-a27f-f61e-012b-266ace67c02d">
      <Execution id="3d5aa1d7-38ff-4435-8c89-16baa2710ba2" />
      <TestMethod codeBase="/mnt/c/Users/Ragma/KnowShow_Specd/tests/integration/bin/Debug/net8.0/EpisodeIdentifier.Tests.Integration.dll" adapterTypeName="executor://xunit/VsTestRunner2/netcoreapp" className="EpisodeIdentifier.Tests.Integration.DatabaseConnectionPoolingTests" name="ConcurrentDatabaseOperations_ShouldHandleHighConcurrency" />
    </UnitTest>
    <UnitTest name="EpisodeIdentifier.Tests.Integration.ConfigurationLoadingTests.LoadConfiguration_WithInvalidThresholdValues_ReturnsValidationErrors" storage="/mnt/c/users/ragma/knowshow_specd/tests/integration/bin/debug/net8.0/episodeidentifier.tests.integration.dll" id="3c365a04-3c27-fa59-a256-fbf4f6a69654">
      <Execution id="400ce98a-afac-4819-9ea4-bb5bab7b936a" />
      <TestMethod codeBase="/mnt/c/Users/Ragma/KnowShow_Specd/tests/integration/bin/Debug/net8.0/EpisodeIdentifier.Tests.Integration.dll" adapterTypeName="executor://xunit/VsTestRunner2/netcoreapp" className="EpisodeIdentifier.Tests.Integration.ConfigurationLoadingTests" name="LoadConfiguration_WithInvalidThresholdValues_ReturnsValidationErrors" />
    </UnitTest>
    <UnitTest name="EpisodeIdentifier.Tests.Integration.FilenameRecommendationTests.EndToEndWorkflow_HighConfidence_CreatesCompleteResult" storage="/mnt/c/users/ragma/knowshow_specd/tests/integration/bin/debug/net8.0/episodeidentifier.tests.integration.dll" id="ab0269ee-540f-dd17-3560-a585f5124c93">
      <Execution id="141eaac5-bda4-48aa-ab42-d49850a4697d" />
      <TestMethod codeBase="/mnt/c/Users/Ragma/KnowShow_Specd/tests/integration/bin/Debug/net8.0/EpisodeIdentifier.Tests.Integration.dll" adapterTypeName="executor://xunit/VsTestRunner2/netcoreapp" className="EpisodeIdentifier.Tests.Integration.FilenameRecommendationTests" name="EndToEndWorkflow_HighConfidence_CreatesCompleteResult" />
    </UnitTest>
    <UnitTest name="EpisodeIdentifier.Tests.Integration.FuzzyHashWorkflowTests.ComputeAndCompareFuzzyHashes_WithSimilarFiles_ReturnsModerateScore" storage="/mnt/c/users/ragma/knowshow_specd/tests/integration/bin/debug/net8.0/episodeidentifier.tests.integration.dll" id="b91d58e9-2ec3-4514-21e5-0037752a8096">
      <Execution id="bb84d99a-3ee5-41b6-b07f-bc8fac2ef411" />
      <TestMethod codeBase="/mnt/c/Users/Ragma/KnowShow_Specd/tests/integration/bin/Debug/net8.0/EpisodeIdentifier.Tests.Integration.dll" adapterTypeName="executor://xunit/VsTestRunner2/netcoreapp" className="EpisodeIdentifier.Tests.Integration.FuzzyHashWorkflowTests" name="ComputeAndCompareFuzzyHashes_WithSimilarFiles_ReturnsModerateScore" />
    </UnitTest>
    <UnitTest name="EpisodeIdentifier.Tests.Integration.VttWorkflowTests.WorkflowCoordinator_WithVttWebFormatting_ParsesCorrectly" storage="/mnt/c/users/ragma/knowshow_specd/tests/integration/bin/debug/net8.0/episodeidentifier.tests.integration.dll" id="f11991ec-c143-8093-a23e-943875f68494">
      <Execution id="c319699d-7d6b-4437-b179-831b27d22b8c" />
      <TestMethod codeBase="/mnt/c/Users/Ragma/KnowShow_Specd/tests/integration/bin/Debug/net8.0/EpisodeIdentifier.Tests.Integration.dll" adapterTypeName="executor://xunit/VsTestRunner2/netcoreapp" className="EpisodeIdentifier.Tests.Integration.VttWorkflowTests" name="WorkflowCoordinator_WithVttWebFormatting_ParsesCorrectly" />
    </UnitTest>
    <UnitTest name="EpisodeIdentifier.Tests.Integration.DatabaseConcurrencyOptimizationTests.SqliteConcurrencyOptimizer_ShouldEnableWalMode" storage="/mnt/c/users/ragma/knowshow_specd/tests/integration/bin/debug/net8.0/episodeidentifier.tests.integration.dll" id="d4be12eb-616e-e02f-7b18-b9be8d6381fc">
      <Execution id="c2bbe435-eaa2-4404-8337-0d4499808424" />
      <TestMethod codeBase="/mnt/c/Users/Ragma/KnowShow_Specd/tests/integration/bin/Debug/net8.0/EpisodeIdentifier.Tests.Integration.dll" adapterTypeName="executor://xunit/VsTestRunner2/netcoreapp" className="EpisodeIdentifier.Tests.Integration.DatabaseConcurrencyOptimizationTests" name="SqliteConcurrencyOptimizer_ShouldEnableWalMode" />
    </UnitTest>
    <UnitTest name="EpisodeIdentifier.Tests.Integration.SrtWorkflowTests.FormatHandlers_CreatedCorrectly_SupportExpectedFormats" storage="/mnt/c/users/ragma/knowshow_specd/tests/integration/bin/debug/net8.0/episodeidentifier.tests.integration.dll" id="38c91156-aef3-bf54-2d13-38986ecc31ed">
      <Execution id="5456b321-a6c0-413e-a6a9-681e8e096c3c" />
      <TestMethod codeBase="/mnt/c/Users/Ragma/KnowShow_Specd/tests/integration/bin/Debug/net8.0/EpisodeIdentifier.Tests.Integration.dll" adapterTypeName="executor://xunit/VsTestRunner2/netcoreapp" className="EpisodeIdentifier.Tests.Integration.SrtWorkflowTests" name="FormatHandlers_CreatedCorrectly_SupportExpectedFormats" />
    </UnitTest>
    <UnitTest name="EpisodeIdentifier.Tests.Integration.Services.FileDiscoveryServiceIntegrationTests.ValidatePathsAsync_WithRealPaths_ShouldValidateCorrectly" storage="/mnt/c/users/ragma/knowshow_specd/tests/integration/bin/debug/net8.0/episodeidentifier.tests.integration.dll" id="f9d8cf2d-853c-1e62-b917-185de58ebdd5">
      <Execution id="a8ec87d6-c98a-4968-919b-4e612f517f31" />
      <TestMethod codeBase="/mnt/c/Users/Ragma/KnowShow_Specd/tests/integration/bin/Debug/net8.0/EpisodeIdentifier.Tests.Integration.dll" adapterTypeName="executor://xunit/VsTestRunner2/netcoreapp" className="EpisodeIdentifier.Tests.Integration.Services.FileDiscoveryServiceIntegrationTests" name="ValidatePathsAsync_WithRealPaths_ShouldValidateCorrectly" />
    </UnitTest>
    <UnitTest name="EpisodeIdentifier.Tests.Integration.Services.FileDiscoveryServiceIntegrationTests.DiscoverFilesAsync_WithCrossplatformPaths_ShouldHandlePathsCorrectly" storage="/mnt/c/users/ragma/knowshow_specd/tests/integration/bin/debug/net8.0/episodeidentifier.tests.integration.dll" id="26ca35b8-921c-80b2-f0b6-4e326829e7f0">
      <Execution id="d6fdaf1a-5d7d-457a-afe8-788f65686cf1" />
      <TestMethod codeBase="/mnt/c/Users/Ragma/KnowShow_Specd/tests/integration/bin/Debug/net8.0/EpisodeIdentifier.Tests.Integration.dll" adapterTypeName="executor://xunit/VsTestRunner2/netcoreapp" className="EpisodeIdentifier.Tests.Integration.Services.FileDiscoveryServiceIntegrationTests" name="DiscoverFilesAsync_WithCrossplatformPaths_ShouldHandlePathsCorrectly" />
    </UnitTest>
    <UnitTest name="EpisodeIdentifier.Tests.Integration.FuzzyHashWorkflowTests.ComputeAndCompareFuzzyHashes_WithIdenticalFiles_ReturnsHighSimilarity" storage="/mnt/c/users/ragma/knowshow_specd/tests/integration/bin/debug/net8.0/episodeidentifier.tests.integration.dll" id="d3e77924-4016-4152-7f79-8dc9186ad463">
      <Execution id="aa9bcc02-23d1-4bc1-88e6-83dae4bde200" />
      <TestMethod codeBase="/mnt/c/Users/Ragma/KnowShow_Specd/tests/integration/bin/Debug/net8.0/EpisodeIdentifier.Tests.Integration.dll" adapterTypeName="executor://xunit/VsTestRunner2/netcoreapp" className="EpisodeIdentifier.Tests.Integration.FuzzyHashWorkflowTests" name="ComputeAndCompareFuzzyHashes_WithIdenticalFiles_ReturnsHighSimilarity" />
    </UnitTest>
    <UnitTest name="EpisodeIdentifier.Tests.Integration.FilenameRecommendationTests.WindowsPathLimits_RespectSystemConstraints" storage="/mnt/c/users/ragma/knowshow_specd/tests/integration/bin/debug/net8.0/episodeidentifier.tests.integration.dll" id="0c069423-0cbc-4113-531e-3262a99761fa">
      <Execution id="ab30d020-5c63-4718-ad5b-5becf45266e4" />
      <TestMethod codeBase="/mnt/c/Users/Ragma/KnowShow_Specd/tests/integration/bin/Debug/net8.0/EpisodeIdentifier.Tests.Integration.dll" adapterTypeName="executor://xunit/VsTestRunner2/netcoreapp" className="EpisodeIdentifier.Tests.Integration.FilenameRecommendationTests" name="WindowsPathLimits_RespectSystemConstraints" />
    </UnitTest>
    <UnitTest name="EpisodeIdentifier.Tests.Integration.FuzzyHashWorkflowTests.FuzzyHashWorkflow_WithConfiguredThreshold_AppliesCorrectMatching" storage="/mnt/c/users/ragma/knowshow_specd/tests/integration/bin/debug/net8.0/episodeidentifier.tests.integration.dll" id="c9f22686-4c36-f8bf-3fc2-27d27d3c1d21">
      <Execution id="882b22b6-2f64-434c-8c16-16f15d27d555" />
      <TestMethod codeBase="/mnt/c/Users/Ragma/KnowShow_Specd/tests/integration/bin/Debug/net8.0/EpisodeIdentifier.Tests.Integration.dll" adapterTypeName="executor://xunit/VsTestRunner2/netcoreapp" className="EpisodeIdentifier.Tests.Integration.FuzzyHashWorkflowTests" name="FuzzyHashWorkflow_WithConfiguredThreshold_AppliesCorrectMatching" />
    </UnitTest>
    <UnitTest name="EpisodeIdentifier.Tests.Integration.VttWorkflowTests.WorkflowCoordinator_WithMultipleVttTracks_ProcessesCorrectly" storage="/mnt/c/users/ragma/knowshow_specd/tests/integration/bin/debug/net8.0/episodeidentifier.tests.integration.dll" id="f7f35e5c-a4c7-b3e5-488d-14f90645257c">
      <Execution id="a0c77cad-7d42-4a8d-80b9-38199d9316af" />
      <TestMethod codeBase="/mnt/c/Users/Ragma/KnowShow_Specd/tests/integration/bin/Debug/net8.0/EpisodeIdentifier.Tests.Integration.dll" adapterTypeName="executor://xunit/VsTestRunner2/netcoreapp" className="EpisodeIdentifier.Tests.Integration.VttWorkflowTests" name="WorkflowCoordinator_WithMultipleVttTracks_ProcessesCorrectly" />
    </UnitTest>
    <UnitTest name="EpisodeIdentifier.Tests.Integration.Services.FileDiscoveryServiceIntegrationTests.DiscoverFilesWithInfoAsync_WithRealFiles_ShouldReturnAccurateFileInfo" storage="/mnt/c/users/ragma/knowshow_specd/tests/integration/bin/debug/net8.0/episodeidentifier.tests.integration.dll" id="8ce576cd-4da6-8600-e5f7-7c2c3c52dc13">
      <Execution id="926ed5e2-3db8-4fd3-bd43-a744f1217def" />
      <TestMethod codeBase="/mnt/c/Users/Ragma/KnowShow_Specd/tests/integration/bin/Debug/net8.0/EpisodeIdentifier.Tests.Integration.dll" adapterTypeName="executor://xunit/VsTestRunner2/netcoreapp" className="EpisodeIdentifier.Tests.Integration.Services.FileDiscoveryServiceIntegrationTests" name="DiscoverFilesWithInfoAsync_WithRealFiles_ShouldReturnAccurateFileInfo" />
    </UnitTest>
    <UnitTest name="EpisodeIdentifier.Tests.Integration.FuzzyHashWorkflowTests.ComputeAndCompareFuzzyHashes_WithCompletelyDifferentFiles_ReturnsLowScore" storage="/mnt/c/users/ragma/knowshow_specd/tests/integration/bin/debug/net8.0/episodeidentifier.tests.integration.dll" id="34e077cb-72a0-121b-fa85-682b27b08b18">
      <Execution id="dcbda00e-23a1-44f0-959d-5a8033723d68" />
      <TestMethod codeBase="/mnt/c/Users/Ragma/KnowShow_Specd/tests/integration/bin/Debug/net8.0/EpisodeIdentifier.Tests.Integration.dll" adapterTypeName="executor://xunit/VsTestRunner2/netcoreapp" className="EpisodeIdentifier.Tests.Integration.FuzzyHashWorkflowTests" name="ComputeAndCompareFuzzyHashes_WithCompletelyDifferentFiles_ReturnsLowScore" />
    </UnitTest>
    <UnitTest name="EpisodeIdentifier.Tests.Integration.IntegrationTestStubs.EndToEndIdentification_PlaceholderTest" storage="/mnt/c/users/ragma/knowshow_specd/tests/integration/bin/debug/net8.0/episodeidentifier.tests.integration.dll" id="6ff0a1ff-1482-4fae-105b-287227a78ba1">
      <Execution id="b274d966-28c1-4808-9d3d-a69261546e76" />
      <TestMethod codeBase="/mnt/c/Users/Ragma/KnowShow_Specd/tests/integration/bin/Debug/net8.0/EpisodeIdentifier.Tests.Integration.dll" adapterTypeName="executor://xunit/VsTestRunner2/netcoreapp" className="EpisodeIdentifier.Tests.Integration.IntegrationTestStubs" name="EndToEndIdentification_PlaceholderTest" />
    </UnitTest>
    <UnitTest name="EpisodeIdentifier.Tests.Integration.ErrorHandlingConcurrentIntegrationTests.ConcurrentProcessing_ConfigurationErrors_ShouldFallbackGracefully" storage="/mnt/c/users/ragma/knowshow_specd/tests/integration/bin/debug/net8.0/episodeidentifier.tests.integration.dll" id="de74a8a4-b9f4-4de4-4ca9-8a43b2adc47e">
      <Execution id="3af10265-9a3f-4579-8671-e5cc75fbda49" />
      <TestMethod codeBase="/mnt/c/Users/Ragma/KnowShow_Specd/tests/integration/bin/Debug/net8.0/EpisodeIdentifier.Tests.Integration.dll" adapterTypeName="executor://xunit/VsTestRunner2/netcoreapp" className="EpisodeIdentifier.Tests.Integration.ErrorHandlingConcurrentIntegrationTests" name="ConcurrentProcessing_ConfigurationErrors_ShouldFallbackGracefully" />
    </UnitTest>
    <UnitTest name="EpisodeIdentifier.Tests.Integration.FilenameRecommendationTests.FilenameLengthTruncation_HandlesVeryLongNames" storage="/mnt/c/users/ragma/knowshow_specd/tests/integration/bin/debug/net8.0/episodeidentifier.tests.integration.dll" id="49d5b1cd-7bfa-2c29-c9f4-53b3b0c5b16d">
      <Execution id="c63f55cd-d127-4c18-9cb5-807a6dd9d193" />
      <TestMethod codeBase="/mnt/c/Users/Ragma/KnowShow_Specd/tests/integration/bin/Debug/net8.0/EpisodeIdentifier.Tests.Integration.dll" adapterTypeName="executor://xunit/VsTestRunner2/netcoreapp" className="EpisodeIdentifier.Tests.Integration.FilenameRecommendationTests" name="FilenameLengthTruncation_HandlesVeryLongNames" />
    </UnitTest>
    <UnitTest name="EpisodeIdentifier.Tests.Integration.HotReloadDuringProcessingIntegrationTests.ProcessingInProgress_InvalidConfigurationHotReload_ShouldContinueWithOriginalSettings" storage="/mnt/c/users/ragma/knowshow_specd/tests/integration/bin/debug/net8.0/episodeidentifier.tests.integration.dll" id="7f4b0c20-da93-c198-4028-ab9256627f91">
      <Execution id="03e73804-41e7-48e9-8d89-8429baa51727" />
      <TestMethod codeBase="/mnt/c/Users/Ragma/KnowShow_Specd/tests/integration/bin/Debug/net8.0/EpisodeIdentifier.Tests.Integration.dll" adapterTypeName="executor://xunit/VsTestRunner2/netcoreapp" className="EpisodeIdentifier.Tests.Integration.HotReloadDuringProcessingIntegrationTests" name="ProcessingInProgress_InvalidConfigurationHotReload_ShouldContinueWithOriginalSettings" />
    </UnitTest>
    <UnitTest name="EpisodeIdentifier.Tests.Integration.AssWorkflowTests.SubtitleMatcher_WithTestContent_ReturnsResult" storage="/mnt/c/users/ragma/knowshow_specd/tests/integration/bin/debug/net8.0/episodeidentifier.tests.integration.dll" id="22c9fd0f-c686-cff4-0a44-678fa1322594">
      <Execution id="02e8ab5b-afd5-4ab4-aaa0-0de420fe6200" />
      <TestMethod codeBase="/mnt/c/Users/Ragma/KnowShow_Specd/tests/integration/bin/Debug/net8.0/EpisodeIdentifier.Tests.Integration.dll" adapterTypeName="executor://xunit/VsTestRunner2/netcoreapp" className="EpisodeIdentifier.Tests.Integration.AssWorkflowTests" name="SubtitleMatcher_WithTestContent_ReturnsResult" />
    </UnitTest>
    <UnitTest name="EpisodeIdentifier.Tests.Integration.SingleFileProcessingIntegrationTests.ProcessSingleFile_FilenamePatternMatching_ShouldRespectConfiguration(filename: &quot;invalid_filename.mkv&quot;, shouldMatch: False)" storage="/mnt/c/users/ragma/knowshow_specd/tests/integration/bin/debug/net8.0/episodeidentifier.tests.integration.dll" id="b69e51a0-4aa7-20eb-f889-d6c3ecbb8481">
      <Execution id="616efddd-2053-4280-a9f9-83089609e309" />
      <TestMethod codeBase="/mnt/c/Users/Ragma/KnowShow_Specd/tests/integration/bin/Debug/net8.0/EpisodeIdentifier.Tests.Integration.dll" adapterTypeName="executor://xunit/VsTestRunner2/netcoreapp" className="EpisodeIdentifier.Tests.Integration.SingleFileProcessingIntegrationTests" name="ProcessSingleFile_FilenamePatternMatching_ShouldRespectConfiguration" />
    </UnitTest>
    <UnitTest name="EpisodeIdentifier.Tests.Integration.DatabaseConcurrencyOptimizationTests.SqliteConcurrencyOptimizer_ShouldProvideOptimizedConnectionString" storage="/mnt/c/users/ragma/knowshow_specd/tests/integration/bin/debug/net8.0/episodeidentifier.tests.integration.dll" id="2943112b-b928-f2dc-4546-de34ffeb720a">
      <Execution id="0e357507-8fcb-4767-b66d-9d8954f9922a" />
      <TestMethod codeBase="/mnt/c/Users/Ragma/KnowShow_Specd/tests/integration/bin/Debug/net8.0/EpisodeIdentifier.Tests.Integration.dll" adapterTypeName="executor://xunit/VsTestRunner2/netcoreapp" className="EpisodeIdentifier.Tests.Integration.DatabaseConcurrencyOptimizationTests" name="SqliteConcurrencyOptimizer_ShouldProvideOptimizedConnectionString" />
    </UnitTest>
    <UnitTest name="EpisodeIdentifier.Tests.Integration.ConfigHotReloadTests.HotReload_WithUnchangedConfig_SkipsReload" storage="/mnt/c/users/ragma/knowshow_specd/tests/integration/bin/debug/net8.0/episodeidentifier.tests.integration.dll" id="37b14a49-fd16-cc8b-49cb-743405980b65">
      <Execution id="a8b0b879-ceae-43c5-954b-e878b679f88e" />
      <TestMethod codeBase="/mnt/c/Users/Ragma/KnowShow_Specd/tests/integration/bin/Debug/net8.0/EpisodeIdentifier.Tests.Integration.dll" adapterTypeName="executor://xunit/VsTestRunner2/netcoreapp" className="EpisodeIdentifier.Tests.Integration.ConfigHotReloadTests" name="HotReload_WithUnchangedConfig_SkipsReload" />
    </UnitTest>
    <UnitTest name="EpisodeIdentifier.Tests.Integration.IntegrationTestStubs.SrtWorkflow_PlaceholderTest" storage="/mnt/c/users/ragma/knowshow_specd/tests/integration/bin/debug/net8.0/episodeidentifier.tests.integration.dll" id="d79a2eed-d99c-9a4b-b557-509ea35c5a70">
      <Execution id="c342d01a-22f4-45b2-b749-ee79210e09c5" />
      <TestMethod codeBase="/mnt/c/Users/Ragma/KnowShow_Specd/tests/integration/bin/Debug/net8.0/EpisodeIdentifier.Tests.Integration.dll" adapterTypeName="executor://xunit/VsTestRunner2/netcoreapp" className="EpisodeIdentifier.Tests.Integration.IntegrationTestStubs" name="SrtWorkflow_PlaceholderTest" />
    </UnitTest>
    <UnitTest name="EpisodeIdentifier.Tests.Integration.FilenameRecommendationTests.DifferentFileExtensions_GenerateCorrectFilenames" storage="/mnt/c/users/ragma/knowshow_specd/tests/integration/bin/debug/net8.0/episodeidentifier.tests.integration.dll" id="e7948784-b806-5d26-5ff0-4bfd23508e8b">
      <Execution id="e01561a4-e49a-4948-a468-8f5d21ed573b" />
      <TestMethod codeBase="/mnt/c/Users/Ragma/KnowShow_Specd/tests/integration/bin/Debug/net8.0/EpisodeIdentifier.Tests.Integration.dll" adapterTypeName="executor://xunit/VsTestRunner2/netcoreapp" className="EpisodeIdentifier.Tests.Integration.FilenameRecommendationTests" name="DifferentFileExtensions_GenerateCorrectFilenames" />
    </UnitTest>
    <UnitTest name="EpisodeIdentifier.Tests.Integration.FileRenameIntegrationTests.RenameFlag_CompleteWorkflowSimulation_ReturnsCorrectJson" storage="/mnt/c/users/ragma/knowshow_specd/tests/integration/bin/debug/net8.0/episodeidentifier.tests.integration.dll" id="0ed42e33-7fb1-1664-74ac-e77817d5b73e">
      <Execution id="3d759526-6abb-45f3-a241-80d82d9381b9" />
      <TestMethod codeBase="/mnt/c/Users/Ragma/KnowShow_Specd/tests/integration/bin/Debug/net8.0/EpisodeIdentifier.Tests.Integration.dll" adapterTypeName="executor://xunit/VsTestRunner2/netcoreapp" className="EpisodeIdentifier.Tests.Integration.FileRenameIntegrationTests" name="RenameFlag_CompleteWorkflowSimulation_ReturnsCorrectJson" />
    </UnitTest>
    <UnitTest name="EpisodeIdentifier.Tests.Integration.DatabaseConnectionPoolingTests.SequentialVsConcurrent_DatabaseOperations_PerformanceComparison" storage="/mnt/c/users/ragma/knowshow_specd/tests/integration/bin/debug/net8.0/episodeidentifier.tests.integration.dll" id="8cc7d316-1c08-815b-36b2-7a77c7527752">
      <Execution id="a6305bac-f5c2-46b9-b8ba-cb77c91679f2" />
      <TestMethod codeBase="/mnt/c/Users/Ragma/KnowShow_Specd/tests/integration/bin/Debug/net8.0/EpisodeIdentifier.Tests.Integration.dll" adapterTypeName="executor://xunit/VsTestRunner2/netcoreapp" className="EpisodeIdentifier.Tests.Integration.DatabaseConnectionPoolingTests" name="SequentialVsConcurrent_DatabaseOperations_PerformanceComparison" />
    </UnitTest>
    <UnitTest name="EpisodeIdentifier.Tests.Integration.VttWorkflowTests.VideoFormatValidator_WithVttExtension_ReturnsTrue" storage="/mnt/c/users/ragma/knowshow_specd/tests/integration/bin/debug/net8.0/episodeidentifier.tests.integration.dll" id="6498676c-4eaf-1672-c9c0-146fd4578d19">
      <Execution id="57c71c14-3219-4b20-ba13-44cfae1d35d4" />
      <TestMethod codeBase="/mnt/c/Users/Ragma/KnowShow_Specd/tests/integration/bin/Debug/net8.0/EpisodeIdentifier.Tests.Integration.dll" adapterTypeName="executor://xunit/VsTestRunner2/netcoreapp" className="EpisodeIdentifier.Tests.Integration.VttWorkflowTests" name="VideoFormatValidator_WithVttExtension_ReturnsTrue" />
    </UnitTest>
    <UnitTest name="EpisodeIdentifier.Tests.Integration.AssWorkflowTests.FormatHandlers_CreatedCorrectly_SupportExpectedFormats" storage="/mnt/c/users/ragma/knowshow_specd/tests/integration/bin/debug/net8.0/episodeidentifier.tests.integration.dll" id="67f75f42-11b1-0c06-4087-c970c5437b25">
      <Execution id="c9b8ce17-3ff5-431a-af5b-840ec778d72f" />
      <TestMethod codeBase="/mnt/c/Users/Ragma/KnowShow_Specd/tests/integration/bin/Debug/net8.0/EpisodeIdentifier.Tests.Integration.dll" adapterTypeName="executor://xunit/VsTestRunner2/netcoreapp" className="EpisodeIdentifier.Tests.Integration.AssWorkflowTests" name="FormatHandlers_CreatedCorrectly_SupportExpectedFormats" />
    </UnitTest>
    <UnitTest name="EpisodeIdentifier.Tests.Integration.IntegrationTestStubs.VttWorkflow_PlaceholderTest" storage="/mnt/c/users/ragma/knowshow_specd/tests/integration/bin/debug/net8.0/episodeidentifier.tests.integration.dll" id="9025f353-f4d8-b28f-cb81-3ed0a5ab0ccd">
      <Execution id="bbbb7729-e79e-40f7-9505-d1784853d7fb" />
      <TestMethod codeBase="/mnt/c/Users/Ragma/KnowShow_Specd/tests/integration/bin/Debug/net8.0/EpisodeIdentifier.Tests.Integration.dll" adapterTypeName="executor://xunit/VsTestRunner2/netcoreapp" className="EpisodeIdentifier.Tests.Integration.IntegrationTestStubs" name="VttWorkflow_PlaceholderTest" />
    </UnitTest>
    <UnitTest name="EpisodeIdentifier.Tests.Integration.DatabaseConcurrencyOptimizationTests.SqliteConcurrencyOptimizer_ShouldSkipInMemoryDatabases" storage="/mnt/c/users/ragma/knowshow_specd/tests/integration/bin/debug/net8.0/episodeidentifier.tests.integration.dll" id="8d7ca2c9-b3cf-30ae-4c19-2b7403dbc12d">
      <Execution id="2f8c5899-04ac-4c2d-bf34-4c7e3c54498b" />
      <TestMethod codeBase="/mnt/c/Users/Ragma/KnowShow_Specd/tests/integration/bin/Debug/net8.0/EpisodeIdentifier.Tests.Integration.dll" adapterTypeName="executor://xunit/VsTestRunner2/netcoreapp" className="EpisodeIdentifier.Tests.Integration.DatabaseConcurrencyOptimizationTests" name="SqliteConcurrencyOptimizer_ShouldSkipInMemoryDatabases" />
    </UnitTest>
    <UnitTest name="EpisodeIdentifier.Tests.Integration.VttWorkflowTests.WorkflowCoordinator_WithVttVideo_UsesVttWorkflow" storage="/mnt/c/users/ragma/knowshow_specd/tests/integration/bin/debug/net8.0/episodeidentifier.tests.integration.dll" id="1b78ac1a-f289-f407-33f5-049b391177ee">
      <Execution id="240865ce-da61-482a-b9c3-29fa26d728fa" />
      <TestMethod codeBase="/mnt/c/Users/Ragma/KnowShow_Specd/tests/integration/bin/Debug/net8.0/EpisodeIdentifier.Tests.Integration.dll" adapterTypeName="executor://xunit/VsTestRunner2/netcoreapp" className="EpisodeIdentifier.Tests.Integration.VttWorkflowTests" name="WorkflowCoordinator_WithVttVideo_UsesVttWorkflow" />
    </UnitTest>
    <UnitTest name="EpisodeIdentifier.Tests.Integration.HotReloadDuringProcessingIntegrationTests.ProcessingInProgress_ConfigurationHotReload_ShouldCompleteWithNewSettings" storage="/mnt/c/users/ragma/knowshow_specd/tests/integration/bin/debug/net8.0/episodeidentifier.tests.integration.dll" id="06739a7a-2e22-c362-1c33-7eb2174ed840">
      <Execution id="344eea8e-9055-41cd-948d-1234df193c8b" />
      <TestMethod codeBase="/mnt/c/Users/Ragma/KnowShow_Specd/tests/integration/bin/Debug/net8.0/EpisodeIdentifier.Tests.Integration.dll" adapterTypeName="executor://xunit/VsTestRunner2/netcoreapp" className="EpisodeIdentifier.Tests.Integration.HotReloadDuringProcessingIntegrationTests" name="ProcessingInProgress_ConfigurationHotReload_ShouldCompleteWithNewSettings" />
    </UnitTest>
    <UnitTest name="EpisodeIdentifier.Tests.Integration.ConfigHotReloadTests.HotReload_PerFileProcessingCycle_LoadsConfigOnce" storage="/mnt/c/users/ragma/knowshow_specd/tests/integration/bin/debug/net8.0/episodeidentifier.tests.integration.dll" id="e32b975c-92b1-57a5-74cb-b4323f788c62">
      <Execution id="cccbd636-cc71-4f93-95c3-986002474a3c" />
      <TestMethod codeBase="/mnt/c/Users/Ragma/KnowShow_Specd/tests/integration/bin/Debug/net8.0/EpisodeIdentifier.Tests.Integration.dll" adapterTypeName="executor://xunit/VsTestRunner2/netcoreapp" className="EpisodeIdentifier.Tests.Integration.ConfigHotReloadTests" name="HotReload_PerFileProcessingCycle_LoadsConfigOnce" />
    </UnitTest>
    <UnitTest name="EpisodeIdentifier.Tests.Integration.IntegrationTestStubs.AssWorkflow_PlaceholderTest" storage="/mnt/c/users/ragma/knowshow_specd/tests/integration/bin/debug/net8.0/episodeidentifier.tests.integration.dll" id="aa8582bc-71d8-c1f6-eeb0-cc8f15fff8a6">
      <Execution id="50780a6d-1f56-4068-8678-a56e7619744b" />
      <TestMethod codeBase="/mnt/c/Users/Ragma/KnowShow_Specd/tests/integration/bin/Debug/net8.0/EpisodeIdentifier.Tests.Integration.dll" adapterTypeName="executor://xunit/VsTestRunner2/netcoreapp" className="EpisodeIdentifier.Tests.Integration.IntegrationTestStubs" name="AssWorkflow_PlaceholderTest" />
    </UnitTest>
    <UnitTest name="EpisodeIdentifier.Tests.Integration.VttWorkflowTests.WorkflowCoordinator_WithEmptyVttFile_ReturnsNoResults" storage="/mnt/c/users/ragma/knowshow_specd/tests/integration/bin/debug/net8.0/episodeidentifier.tests.integration.dll" id="c69d8415-0025-d2ad-f073-d2da54314225">
      <Execution id="165cd06d-52c7-401e-b052-0a219a208ae4" />
      <TestMethod codeBase="/mnt/c/Users/Ragma/KnowShow_Specd/tests/integration/bin/Debug/net8.0/EpisodeIdentifier.Tests.Integration.dll" adapterTypeName="executor://xunit/VsTestRunner2/netcoreapp" className="EpisodeIdentifier.Tests.Integration.VttWorkflowTests" name="WorkflowCoordinator_WithEmptyVttFile_ReturnsNoResults" />
    </UnitTest>
    <UnitTest name="EpisodeIdentifier.Tests.Integration.SrtWorkflowTests.TextSubtitleExtractor_WithEmptyPath_ThrowsArgumentException" storage="/mnt/c/users/ragma/knowshow_specd/tests/integration/bin/debug/net8.0/episodeidentifier.tests.integration.dll" id="3ccd6e78-e516-b09e-3921-debfe7a1fd2d">
      <Execution id="72a599d4-28a7-4149-8013-a8352a7f7892" />
      <TestMethod codeBase="/mnt/c/Users/Ragma/KnowShow_Specd/tests/integration/bin/Debug/net8.0/EpisodeIdentifier.Tests.Integration.dll" adapterTypeName="executor://xunit/VsTestRunner2/netcoreapp" className="EpisodeIdentifier.Tests.Integration.SrtWorkflowTests" name="TextSubtitleExtractor_WithEmptyPath_ThrowsArgumentException" />
    </UnitTest>
    <UnitTest name="EpisodeIdentifier.Tests.Integration.ErrorHandlingConcurrentIntegrationTests.HighConcurrency_FileSystemErrors_ShouldMaintainStability" storage="/mnt/c/users/ragma/knowshow_specd/tests/integration/bin/debug/net8.0/episodeidentifier.tests.integration.dll" id="866df68a-9d27-f0de-6dd1-4cb7b3b01855">
      <Execution id="fcf74e9a-18ed-4a4a-8aa4-7e2a30c32a35" />
      <TestMethod codeBase="/mnt/c/Users/Ragma/KnowShow_Specd/tests/integration/bin/Debug/net8.0/EpisodeIdentifier.Tests.Integration.dll" adapterTypeName="executor://xunit/VsTestRunner2/netcoreapp" className="EpisodeIdentifier.Tests.Integration.ErrorHandlingConcurrentIntegrationTests" name="HighConcurrency_FileSystemErrors_ShouldMaintainStability" />
    </UnitTest>
    <UnitTest name="EpisodeIdentifier.Tests.Integration.ErrorHandlingConcurrentIntegrationTests.ErrorRecovery_PartialFailures_ShouldProcessRemainingFiles" storage="/mnt/c/users/ragma/knowshow_specd/tests/integration/bin/debug/net8.0/episodeidentifier.tests.integration.dll" id="c436f0e1-78f6-5afc-9eeb-6ddcb12cf014">
      <Execution id="9da03995-bf7e-4af5-82aa-ebf9d2cc9132" />
      <TestMethod codeBase="/mnt/c/Users/Ragma/KnowShow_Specd/tests/integration/bin/Debug/net8.0/EpisodeIdentifier.Tests.Integration.dll" adapterTypeName="executor://xunit/VsTestRunner2/netcoreapp" className="EpisodeIdentifier.Tests.Integration.ErrorHandlingConcurrentIntegrationTests" name="ErrorRecovery_PartialFailures_ShouldProcessRemainingFiles" />
    </UnitTest>
    <UnitTest name="EpisodeIdentifier.Tests.Integration.FilenameRecommendationTests.MediumConfidenceIdentification_NoFilenameSuggestion" storage="/mnt/c/users/ragma/knowshow_specd/tests/integration/bin/debug/net8.0/episodeidentifier.tests.integration.dll" id="5093e38d-beff-2518-7e99-d85f90fb8162">
      <Execution id="a2dac5a7-4a69-4be5-a730-6922f7163f7c" />
      <TestMethod codeBase="/mnt/c/Users/Ragma/KnowShow_Specd/tests/integration/bin/Debug/net8.0/EpisodeIdentifier.Tests.Integration.dll" adapterTypeName="executor://xunit/VsTestRunner2/netcoreapp" className="EpisodeIdentifier.Tests.Integration.FilenameRecommendationTests" name="MediumConfidenceIdentification_NoFilenameSuggestion" />
    </UnitTest>
    <UnitTest name="EpisodeIdentifier.Tests.Integration.ConfigurationIntegrationTests.ReloadIfChanged_WithConfigurationChanges_ShouldDetectChanges" storage="/mnt/c/users/ragma/knowshow_specd/tests/integration/bin/debug/net8.0/episodeidentifier.tests.integration.dll" id="3f27949b-3c98-3f60-875b-f5effc8e82f1">
      <Execution id="c1591e20-5564-46f4-8570-b7c61793c16f" />
      <TestMethod codeBase="/mnt/c/Users/Ragma/KnowShow_Specd/tests/integration/bin/Debug/net8.0/EpisodeIdentifier.Tests.Integration.dll" adapterTypeName="executor://xunit/VsTestRunner2/netcoreapp" className="EpisodeIdentifier.Tests.Integration.ConfigurationIntegrationTests" name="ReloadIfChanged_WithConfigurationChanges_ShouldDetectChanges" />
    </UnitTest>
    <UnitTest name="EpisodeIdentifier.Tests.Integration.EndToEndIdentificationTests.ProcessVideo_WithLanguagePreference_UsesCorrectLanguage" storage="/mnt/c/users/ragma/knowshow_specd/tests/integration/bin/debug/net8.0/episodeidentifier.tests.integration.dll" id="93335ceb-0442-e49f-8935-d56fb125e9f6">
      <Execution id="132d2dd7-99dd-4fbc-9ac1-2d17d385c476" />
      <TestMethod codeBase="/mnt/c/Users/Ragma/KnowShow_Specd/tests/integration/bin/Debug/net8.0/EpisodeIdentifier.Tests.Integration.dll" adapterTypeName="executor://xunit/VsTestRunner2/netcoreapp" className="EpisodeIdentifier.Tests.Integration.EndToEndIdentificationTests" name="ProcessVideo_WithLanguagePreference_UsesCorrectLanguage" />
    </UnitTest>
    <UnitTest name="EpisodeIdentifier.Tests.Integration.VttWorkflowTests.WorkflowCoordinator_WithInvalidVttFile_HandlesGracefully" storage="/mnt/c/users/ragma/knowshow_specd/tests/integration/bin/debug/net8.0/episodeidentifier.tests.integration.dll" id="684598ee-fc3e-36d9-88c4-24f559ebfefb">
      <Execution id="ee59f130-ec48-4fc4-bc96-72fc8406b843" />
      <TestMethod codeBase="/mnt/c/Users/Ragma/KnowShow_Specd/tests/integration/bin/Debug/net8.0/EpisodeIdentifier.Tests.Integration.dll" adapterTypeName="executor://xunit/VsTestRunner2/netcoreapp" className="EpisodeIdentifier.Tests.Integration.VttWorkflowTests" name="WorkflowCoordinator_WithInvalidVttFile_HandlesGracefully" />
    </UnitTest>
    <UnitTest name="EpisodeIdentifier.Tests.Integration.FileRenameIntegrationTests.RenameFlag_WithExistingTargetFile_ReturnsAppropriateError" storage="/mnt/c/users/ragma/knowshow_specd/tests/integration/bin/debug/net8.0/episodeidentifier.tests.integration.dll" id="c79c2fae-d608-4b88-105f-2c50f17ae68d">
      <Execution id="a6762428-5685-42e5-a90e-bab52fa2fa25" />
      <TestMethod codeBase="/mnt/c/Users/Ragma/KnowShow_Specd/tests/integration/bin/Debug/net8.0/EpisodeIdentifier.Tests.Integration.dll" adapterTypeName="executor://xunit/VsTestRunner2/netcoreapp" className="EpisodeIdentifier.Tests.Integration.FileRenameIntegrationTests" name="RenameFlag_WithExistingTargetFile_ReturnsAppropriateError" />
    </UnitTest>
    <UnitTest name="EpisodeIdentifier.Tests.Integration.IntegrationTestStubs.SubtitleWorkflow_PlaceholderTest" storage="/mnt/c/users/ragma/knowshow_specd/tests/integration/bin/debug/net8.0/episodeidentifier.tests.integration.dll" id="49979d3a-e1d2-5f03-e0bd-673398ea7f72">
      <Execution id="a29864d6-7d0f-4144-a385-74ea03c1610a" />
      <TestMethod codeBase="/mnt/c/Users/Ragma/KnowShow_Specd/tests/integration/bin/Debug/net8.0/EpisodeIdentifier.Tests.Integration.dll" adapterTypeName="executor://xunit/VsTestRunner2/netcoreapp" className="EpisodeIdentifier.Tests.Integration.IntegrationTestStubs" name="SubtitleWorkflow_PlaceholderTest" />
    </UnitTest>
    <UnitTest name="EpisodeIdentifier.Tests.Integration.FuzzyHashWorkflowTests.FuzzyHashWorkflow_WithInvalidFile_HandlesErrorsGracefully" storage="/mnt/c/users/ragma/knowshow_specd/tests/integration/bin/debug/net8.0/episodeidentifier.tests.integration.dll" id="617a98c0-e22c-4f98-da29-98e1d817a281">
      <Execution id="42360029-5bcc-40cc-a722-684e4a6c28d7" />
      <TestMethod codeBase="/mnt/c/Users/Ragma/KnowShow_Specd/tests/integration/bin/Debug/net8.0/EpisodeIdentifier.Tests.Integration.dll" adapterTypeName="executor://xunit/VsTestRunner2/netcoreapp" className="EpisodeIdentifier.Tests.Integration.FuzzyHashWorkflowTests" name="FuzzyHashWorkflow_WithInvalidFile_HandlesErrorsGracefully" />
    </UnitTest>
    <UnitTest name="EpisodeIdentifier.Tests.Integration.HotReloadDuringProcessingIntegrationTests.ProcessingInProgress_CorruptedConfigurationFile_ShouldHandleGracefully" storage="/mnt/c/users/ragma/knowshow_specd/tests/integration/bin/debug/net8.0/episodeidentifier.tests.integration.dll" id="9675b8ec-e9e4-d258-d325-201e86a4e2c6">
      <Execution id="6241e1a0-eda7-423c-84d8-f1d5aca0c3a6" />
      <TestMethod codeBase="/mnt/c/Users/Ragma/KnowShow_Specd/tests/integration/bin/Debug/net8.0/EpisodeIdentifier.Tests.Integration.dll" adapterTypeName="executor://xunit/VsTestRunner2/netcoreapp" className="EpisodeIdentifier.Tests.Integration.HotReloadDuringProcessingIntegrationTests" name="ProcessingInProgress_CorruptedConfigurationFile_ShouldHandleGracefully" />
    </UnitTest>
    <UnitTest name="EpisodeIdentifier.Tests.Integration.IntegrationTestStubs.PgsPriority_PlaceholderTest" storage="/mnt/c/users/ragma/knowshow_specd/tests/integration/bin/debug/net8.0/episodeidentifier.tests.integration.dll" id="3a3957a9-a0a7-6533-7b98-0250b27cce48">
      <Execution id="31799030-e5e6-4ac4-98a5-4dc58fd03246" />
      <TestMethod codeBase="/mnt/c/Users/Ragma/KnowShow_Specd/tests/integration/bin/Debug/net8.0/EpisodeIdentifier.Tests.Integration.dll" adapterTypeName="executor://xunit/VsTestRunner2/netcoreapp" className="EpisodeIdentifier.Tests.Integration.IntegrationTestStubs" name="PgsPriority_PlaceholderTest" />
    </UnitTest>
    <UnitTest name="EpisodeIdentifier.Tests.Integration.Services.FileDiscoveryServiceIntegrationTests.DiscoverFilesAsync_WithFilePermissionIssues_ShouldHandleGracefully" storage="/mnt/c/users/ragma/knowshow_specd/tests/integration/bin/debug/net8.0/episodeidentifier.tests.integration.dll" id="6c944626-d838-91d8-815d-576ccfb4931a">
      <Execution id="0ee6d899-f941-4f93-a0f0-15758b56a5e3" />
      <TestMethod codeBase="/mnt/c/Users/Ragma/KnowShow_Specd/tests/integration/bin/Debug/net8.0/EpisodeIdentifier.Tests.Integration.dll" adapterTypeName="executor://xunit/VsTestRunner2/netcoreapp" className="EpisodeIdentifier.Tests.Integration.Services.FileDiscoveryServiceIntegrationTests" name="DiscoverFilesAsync_WithFilePermissionIssues_ShouldHandleGracefully" />
    </UnitTest>
    <UnitTest name="EpisodeIdentifier.Tests.Integration.ConfigurationIntegrationTests.ValidateConfiguration_WithComplexBulkProcessingRules_ShouldValidateCorrectly" storage="/mnt/c/users/ragma/knowshow_specd/tests/integration/bin/debug/net8.0/episodeidentifier.tests.integration.dll" id="75840db2-6db3-fb9f-537e-d45568c3f887">
      <Execution id="48eae0ad-05dd-41fd-941b-dfc13dcc6b14" />
      <TestMethod codeBase="/mnt/c/Users/Ragma/KnowShow_Specd/tests/integration/bin/Debug/net8.0/EpisodeIdentifier.Tests.Integration.dll" adapterTypeName="executor://xunit/VsTestRunner2/netcoreapp" className="EpisodeIdentifier.Tests.Integration.ConfigurationIntegrationTests" name="ValidateConfiguration_WithComplexBulkProcessingRules_ShouldValidateCorrectly" />
    </UnitTest>
    <UnitTest name="EpisodeIdentifier.Tests.Integration.ConfigurationLoadingTests.LoadConfiguration_WithMissingConfigFile_UsesDefaults" storage="/mnt/c/users/ragma/knowshow_specd/tests/integration/bin/debug/net8.0/episodeidentifier.tests.integration.dll" id="d087c2ab-d4f4-1161-9d62-789738a44390">
      <Execution id="2c89b26d-4a57-416f-b879-046282ed9d1c" />
      <TestMethod codeBase="/mnt/c/Users/Ragma/KnowShow_Specd/tests/integration/bin/Debug/net8.0/EpisodeIdentifier.Tests.Integration.dll" adapterTypeName="executor://xunit/VsTestRunner2/netcoreapp" className="EpisodeIdentifier.Tests.Integration.ConfigurationLoadingTests" name="LoadConfiguration_WithMissingConfigFile_UsesDefaults" />
    </UnitTest>
    <UnitTest name="EpisodeIdentifier.Tests.Integration.EndToEndIdentificationTests.ProcessVideo_WithNonexistentFile_ReturnsError" storage="/mnt/c/users/ragma/knowshow_specd/tests/integration/bin/debug/net8.0/episodeidentifier.tests.integration.dll" id="65547512-d94b-765f-7445-74c3016ba1b7">
      <Execution id="2017f6dd-8545-4daf-ade8-791dbd111fce" />
      <TestMethod codeBase="/mnt/c/Users/Ragma/KnowShow_Specd/tests/integration/bin/Debug/net8.0/EpisodeIdentifier.Tests.Integration.dll" adapterTypeName="executor://xunit/VsTestRunner2/netcoreapp" className="EpisodeIdentifier.Tests.Integration.EndToEndIdentificationTests" name="ProcessVideo_WithNonexistentFile_ReturnsError" />
    </UnitTest>
    <UnitTest name="EpisodeIdentifier.Tests.Integration.Services.FileDiscoveryServiceIntegrationTests.EstimateFileCountAsync_WithRealDirectory_ShouldReturnAccurateCount" storage="/mnt/c/users/ragma/knowshow_specd/tests/integration/bin/debug/net8.0/episodeidentifier.tests.integration.dll" id="c33c7249-024d-c7fc-c737-af3965c396c1">
      <Execution id="2b94d8cd-a16e-4325-a1a4-295a3846abd6" />
      <TestMethod codeBase="/mnt/c/Users/Ragma/KnowShow_Specd/tests/integration/bin/Debug/net8.0/EpisodeIdentifier.Tests.Integration.dll" adapterTypeName="executor://xunit/VsTestRunner2/netcoreapp" className="EpisodeIdentifier.Tests.Integration.Services.FileDiscoveryServiceIntegrationTests" name="EstimateFileCountAsync_WithRealDirectory_ShouldReturnAccurateCount" />
    </UnitTest>
    <UnitTest name="EpisodeIdentifier.Tests.Integration.SrtWorkflowTests.SubtitleMatcher_WithTestContent_ReturnsResult" storage="/mnt/c/users/ragma/knowshow_specd/tests/integration/bin/debug/net8.0/episodeidentifier.tests.integration.dll" id="71a3a765-e7b0-8e13-ddca-621a73e27194">
      <Execution id="fa952988-94a8-47c6-bff1-d74ecdda1615" />
      <TestMethod codeBase="/mnt/c/Users/Ragma/KnowShow_Specd/tests/integration/bin/Debug/net8.0/EpisodeIdentifier.Tests.Integration.dll" adapterTypeName="executor://xunit/VsTestRunner2/netcoreapp" className="EpisodeIdentifier.Tests.Integration.SrtWorkflowTests" name="SubtitleMatcher_WithTestContent_ReturnsResult" />
    </UnitTest>
    <UnitTest name="EpisodeIdentifier.Tests.Integration.Services.FileDiscoveryServiceIntegrationTests.DiscoverFilesAsync_WithMixedFileTypes_ShouldRespectFilters" storage="/mnt/c/users/ragma/knowshow_specd/tests/integration/bin/debug/net8.0/episodeidentifier.tests.integration.dll" id="99b8cf71-5e80-d565-34ed-071d803a8627">
      <Execution id="cb8d0f49-b934-4b51-947f-fbd7cc289a26" />
      <TestMethod codeBase="/mnt/c/Users/Ragma/KnowShow_Specd/tests/integration/bin/Debug/net8.0/EpisodeIdentifier.Tests.Integration.dll" adapterTypeName="executor://xunit/VsTestRunner2/netcoreapp" className="EpisodeIdentifier.Tests.Integration.Services.FileDiscoveryServiceIntegrationTests" name="DiscoverFilesAsync_WithMixedFileTypes_ShouldRespectFilters" />
    </UnitTest>
    <UnitTest name="EpisodeIdentifier.Tests.Integration.FilenameRecommendationTests.HighConfidenceWithLongNames_GeneratesTruncatedFilename" storage="/mnt/c/users/ragma/knowshow_specd/tests/integration/bin/debug/net8.0/episodeidentifier.tests.integration.dll" id="014e5030-c389-ff68-4155-fe9715557a2a">
      <Execution id="610fe076-4231-4a67-9aa7-ff66c2bc3d81" />
      <TestMethod codeBase="/mnt/c/Users/Ragma/KnowShow_Specd/tests/integration/bin/Debug/net8.0/EpisodeIdentifier.Tests.Integration.dll" adapterTypeName="executor://xunit/VsTestRunner2/netcoreapp" className="EpisodeIdentifier.Tests.Integration.FilenameRecommendationTests" name="HighConfidenceWithLongNames_GeneratesTruncatedFilename" />
    </UnitTest>
    <UnitTest name="EpisodeIdentifier.Tests.Integration.ConfigurationIntegrationTests.LoadConfiguration_WithBulkProcessingSettings_ShouldLoadCorrectly" storage="/mnt/c/users/ragma/knowshow_specd/tests/integration/bin/debug/net8.0/episodeidentifier.tests.integration.dll" id="5964f431-4a33-1488-d658-8c6c1425e1b6">
      <Execution id="a08437b2-545d-4048-ae6e-2d93775d7af1" />
      <TestMethod codeBase="/mnt/c/Users/Ragma/KnowShow_Specd/tests/integration/bin/Debug/net8.0/EpisodeIdentifier.Tests.Integration.dll" adapterTypeName="executor://xunit/VsTestRunner2/netcoreapp" className="EpisodeIdentifier.Tests.Integration.ConfigurationIntegrationTests" name="LoadConfiguration_WithBulkProcessingSettings_ShouldLoadCorrectly" />
    </UnitTest>
    <UnitTest name="EpisodeIdentifier.Tests.Integration.SingleFileProcessingIntegrationTests.ProcessSingleFile_FilenamePatternMatching_ShouldRespectConfiguration(filename: &quot;Series.Name.S02E15.720p.mkv&quot;, shouldMatch: True)" storage="/mnt/c/users/ragma/knowshow_specd/tests/integration/bin/debug/net8.0/episodeidentifier.tests.integration.dll" id="5e1646b7-ef52-ebed-6081-77735a28485d">
      <Execution id="a7baf31d-0029-4bcd-8bfc-e18dec2de2e9" />
      <TestMethod codeBase="/mnt/c/Users/Ragma/KnowShow_Specd/tests/integration/bin/Debug/net8.0/EpisodeIdentifier.Tests.Integration.dll" adapterTypeName="executor://xunit/VsTestRunner2/netcoreapp" className="EpisodeIdentifier.Tests.Integration.SingleFileProcessingIntegrationTests" name="ProcessSingleFile_FilenamePatternMatching_ShouldRespectConfiguration" />
    </UnitTest>
  </TestDefinitions>
  <TestEntries>
    <TestEntry testId="38c91156-aef3-bf54-2d13-38986ecc31ed" executionId="5456b321-a6c0-413e-a6a9-681e8e096c3c" testListId="8c84fa94-04c1-424b-9868-57a2d4851a1d" />
    <TestEntry testId="90f7981f-a1fe-3efa-4e49-62d7a6bf2d77" executionId="bb9c36ad-2617-48a1-83ea-2997677ab833" testListId="8c84fa94-04c1-424b-9868-57a2d4851a1d" />
    <TestEntry testId="0e02b3b2-ae6b-c16f-f907-8e495efa462a" executionId="44afdaf4-d869-48df-9587-b09851517290" testListId="8c84fa94-04c1-424b-9868-57a2d4851a1d" />
    <TestEntry testId="d087c2ab-d4f4-1161-9d62-789738a44390" executionId="2c89b26d-4a57-416f-b879-046282ed9d1c" testListId="8c84fa94-04c1-424b-9868-57a2d4851a1d" />
    <TestEntry testId="de74a8a4-b9f4-4de4-4ca9-8a43b2adc47e" executionId="3af10265-9a3f-4579-8671-e5cc75fbda49" testListId="8c84fa94-04c1-424b-9868-57a2d4851a1d" />
    <TestEntry testId="34e077cb-72a0-121b-fa85-682b27b08b18" executionId="dcbda00e-23a1-44f0-959d-5a8033723d68" testListId="8c84fa94-04c1-424b-9868-57a2d4851a1d" />
    <TestEntry testId="99b8cf71-5e80-d565-34ed-071d803a8627" executionId="cb8d0f49-b934-4b51-947f-fbd7cc289a26" testListId="8c84fa94-04c1-424b-9868-57a2d4851a1d" />
    <TestEntry testId="c9f22686-4c36-f8bf-3fc2-27d27d3c1d21" executionId="882b22b6-2f64-434c-8c16-16f15d27d555" testListId="8c84fa94-04c1-424b-9868-57a2d4851a1d" />
    <TestEntry testId="7d86f403-82a6-ef63-7078-a37047ef1e1b" executionId="21f0e57f-12f9-4496-936f-28470afbe421" testListId="8c84fa94-04c1-424b-9868-57a2d4851a1d" />
    <TestEntry testId="71a3a765-e7b0-8e13-ddca-621a73e27194" executionId="fa952988-94a8-47c6-bff1-d74ecdda1615" testListId="8c84fa94-04c1-424b-9868-57a2d4851a1d" />
    <TestEntry testId="67f75f42-11b1-0c06-4087-c970c5437b25" executionId="c9b8ce17-3ff5-431a-af5b-840ec778d72f" testListId="8c84fa94-04c1-424b-9868-57a2d4851a1d" />
    <TestEntry testId="305e0bc9-0850-8225-2152-dc0a2c38f8de" executionId="7e8efdf1-d9f3-48f2-95ef-3dd2cadee817" testListId="8c84fa94-04c1-424b-9868-57a2d4851a1d" />
    <TestEntry testId="a5f17046-031a-ba95-030c-b89bce4f7332" executionId="e32fde4a-de44-4a7a-8fa0-6ad4ae22bbfa" testListId="8c84fa94-04c1-424b-9868-57a2d4851a1d" />
    <TestEntry testId="65547512-d94b-765f-7445-74c3016ba1b7" executionId="2017f6dd-8545-4daf-ade8-791dbd111fce" testListId="8c84fa94-04c1-424b-9868-57a2d4851a1d" />
    <TestEntry testId="fef781f3-7303-140f-953b-e80713ae540d" executionId="49ccd784-8162-4ace-b2c6-051c511382c0" testListId="8c84fa94-04c1-424b-9868-57a2d4851a1d" />
    <TestEntry testId="f7f35e5c-a4c7-b3e5-488d-14f90645257c" executionId="a0c77cad-7d42-4a8d-80b9-38199d9316af" testListId="8c84fa94-04c1-424b-9868-57a2d4851a1d" />
    <TestEntry testId="b30d4c38-5e2c-04f9-9a7b-07bdb5d83c47" executionId="07903dfc-14ed-4a9d-b29f-128266ef1152" testListId="8c84fa94-04c1-424b-9868-57a2d4851a1d" />
    <TestEntry testId="c69d8415-0025-d2ad-f073-d2da54314225" executionId="165cd06d-52c7-401e-b052-0a219a208ae4" testListId="8c84fa94-04c1-424b-9868-57a2d4851a1d" />
    <TestEntry testId="6ff0a1ff-1482-4fae-105b-287227a78ba1" executionId="b274d966-28c1-4808-9d3d-a69261546e76" testListId="8c84fa94-04c1-424b-9868-57a2d4851a1d" />
    <TestEntry testId="a26ecee0-609e-1a3b-d2e2-1398a5a2a7cc" executionId="c24aba25-69ff-4115-91b9-b4c7ffa403a9" testListId="8c84fa94-04c1-424b-9868-57a2d4851a1d" />
    <TestEntry testId="f9d8cf2d-853c-1e62-b917-185de58ebdd5" executionId="a8ec87d6-c98a-4968-919b-4e612f517f31" testListId="8c84fa94-04c1-424b-9868-57a2d4851a1d" />
    <TestEntry testId="1b78ac1a-f289-f407-33f5-049b391177ee" executionId="240865ce-da61-482a-b9c3-29fa26d728fa" testListId="8c84fa94-04c1-424b-9868-57a2d4851a1d" />
    <TestEntry testId="01218aa8-e0b4-1bbc-9e74-d42182b778ae" executionId="74a54b97-7626-4b6e-82ec-07fb883a75bd" testListId="8c84fa94-04c1-424b-9868-57a2d4851a1d" />
    <TestEntry testId="6498676c-4eaf-1672-c9c0-146fd4578d19" executionId="57c71c14-3219-4b20-ba13-44cfae1d35d4" testListId="8c84fa94-04c1-424b-9868-57a2d4851a1d" />
    <TestEntry testId="22c9fd0f-c686-cff4-0a44-678fa1322594" executionId="02e8ab5b-afd5-4ab4-aaa0-0de420fe6200" testListId="8c84fa94-04c1-424b-9868-57a2d4851a1d" />
    <TestEntry testId="12f0d548-841e-eec4-beb0-7a25e7cec52b" executionId="ba18edc8-cb1d-46a6-ad49-6713154b9488" testListId="8c84fa94-04c1-424b-9868-57a2d4851a1d" />
    <TestEntry testId="f11991ec-c143-8093-a23e-943875f68494" executionId="c319699d-7d6b-4437-b179-831b27d22b8c" testListId="8c84fa94-04c1-424b-9868-57a2d4851a1d" />
    <TestEntry testId="3f27949b-3c98-3f60-875b-f5effc8e82f1" executionId="c1591e20-5564-46f4-8570-b7c61793c16f" testListId="8c84fa94-04c1-424b-9868-57a2d4851a1d" />
    <TestEntry testId="ab0269ee-540f-dd17-3560-a585f5124c93" executionId="141eaac5-bda4-48aa-ab42-d49850a4697d" testListId="8c84fa94-04c1-424b-9868-57a2d4851a1d" />
    <TestEntry testId="de3f3b93-99da-ea87-e637-8430eab50da2" executionId="a8c81335-8566-4e1a-9f7b-ff3552a992dc" testListId="8c84fa94-04c1-424b-9868-57a2d4851a1d" />
    <TestEntry testId="c1e650b5-c1f3-7814-8e39-20748c35f348" executionId="f3e8cf09-54df-476f-88c7-8619a6d0519a" testListId="8c84fa94-04c1-424b-9868-57a2d4851a1d" />
    <TestEntry testId="b0756072-5910-d554-36c2-078a0450c1ad" executionId="f9da191b-b2e2-45f8-ad40-88cef5a152d3" testListId="8c84fa94-04c1-424b-9868-57a2d4851a1d" />
    <TestEntry testId="90ad9766-e0a3-3bee-e13d-42eb9c4c1c96" executionId="5b3154cf-66eb-4c31-86cc-7ccbfe0bf2ac" testListId="8c84fa94-04c1-424b-9868-57a2d4851a1d" />
    <TestEntry testId="c33c7249-024d-c7fc-c737-af3965c396c1" executionId="2b94d8cd-a16e-4325-a1a4-295a3846abd6" testListId="8c84fa94-04c1-424b-9868-57a2d4851a1d" />
    <TestEntry testId="c436f0e1-78f6-5afc-9eeb-6ddcb12cf014" executionId="9da03995-bf7e-4af5-82aa-ebf9d2cc9132" testListId="8c84fa94-04c1-424b-9868-57a2d4851a1d" />
    <TestEntry testId="5093e38d-beff-2518-7e99-d85f90fb8162" executionId="a2dac5a7-4a69-4be5-a730-6922f7163f7c" testListId="8c84fa94-04c1-424b-9868-57a2d4851a1d" />
    <TestEntry testId="f72357ec-0276-9b7d-04c3-5ed9714a42ee" executionId="bfc5171f-16c1-470e-878b-b890a327f146" testListId="8c84fa94-04c1-424b-9868-57a2d4851a1d" />
    <TestEntry testId="c79c2fae-d608-4b88-105f-2c50f17ae68d" executionId="a6762428-5685-42e5-a90e-bab52fa2fa25" testListId="8c84fa94-04c1-424b-9868-57a2d4851a1d" />
    <TestEntry testId="8cc7d316-1c08-815b-36b2-7a77c7527752" executionId="a6305bac-f5c2-46b9-b8ba-cb77c91679f2" testListId="8c84fa94-04c1-424b-9868-57a2d4851a1d" />
    <TestEntry testId="7f4b0c20-da93-c198-4028-ab9256627f91" executionId="03e73804-41e7-48e9-8d89-8429baa51727" testListId="8c84fa94-04c1-424b-9868-57a2d4851a1d" />
    <TestEntry testId="ba4fd3ef-b89d-3a24-55fe-a6c22030cc14" executionId="f337b611-c195-4859-a6e5-a43509fb46e0" testListId="8c84fa94-04c1-424b-9868-57a2d4851a1d" />
    <TestEntry testId="2943112b-b928-f2dc-4546-de34ffeb720a" executionId="0e357507-8fcb-4767-b66d-9d8954f9922a" testListId="8c84fa94-04c1-424b-9868-57a2d4851a1d" />
    <TestEntry testId="aa6308ce-bb35-2496-bb40-b222651e5a83" executionId="e7d19df4-d0d1-40b0-ac1f-2cbbaa507c6f" testListId="8c84fa94-04c1-424b-9868-57a2d4851a1d" />
    <TestEntry testId="a1dea9f6-4ef9-98b9-8be6-64b73e3027e7" executionId="d00dcb6c-38d1-4cc6-a3de-c8ac14feb893" testListId="8c84fa94-04c1-424b-9868-57a2d4851a1d" />
    <TestEntry testId="684598ee-fc3e-36d9-88c4-24f559ebfefb" executionId="ee59f130-ec48-4fc4-bc96-72fc8406b843" testListId="8c84fa94-04c1-424b-9868-57a2d4851a1d" />
    <TestEntry testId="617a98c0-e22c-4f98-da29-98e1d817a281" executionId="42360029-5bcc-40cc-a722-684e4a6c28d7" testListId="8c84fa94-04c1-424b-9868-57a2d4851a1d" />
    <TestEntry testId="10ed06f6-211b-30c6-bd00-1ed330c684d1" executionId="2b6503d8-dddb-47d3-b6bd-2ff07697f7e1" testListId="8c84fa94-04c1-424b-9868-57a2d4851a1d" />
    <TestEntry testId="0c069423-0cbc-4113-531e-3262a99761fa" executionId="ab30d020-5c63-4718-ad5b-5becf45266e4" testListId="8c84fa94-04c1-424b-9868-57a2d4851a1d" />
    <TestEntry testId="019ee5bf-e104-4b77-d8f9-1f5ceb49fe0c" executionId="f265432f-2732-4752-992b-e0fc0c3ccf60" testListId="8c84fa94-04c1-424b-9868-57a2d4851a1d" />
    <TestEntry testId="75840db2-6db3-fb9f-537e-d45568c3f887" executionId="48eae0ad-05dd-41fd-941b-dfc13dcc6b14" testListId="8c84fa94-04c1-424b-9868-57a2d4851a1d" />
    <TestEntry testId="a39e5d03-f272-df13-fb03-9c9b9db922dc" executionId="7d8384b3-a369-412e-837f-0678e71c6ff7" testListId="8c84fa94-04c1-424b-9868-57a2d4851a1d" />
    <TestEntry testId="aa596bb6-43fe-3a5a-151d-a3de149fc222" executionId="fc664617-6733-4318-9f94-ffec832c7cf1" testListId="8c84fa94-04c1-424b-9868-57a2d4851a1d" />
    <TestEntry testId="5964f431-4a33-1488-d658-8c6c1425e1b6" executionId="a08437b2-545d-4048-ae6e-2d93775d7af1" testListId="8c84fa94-04c1-424b-9868-57a2d4851a1d" />
    <TestEntry testId="0a7ed438-247f-dcea-cf46-4589ea44983c" executionId="90df3258-0b0e-4c5e-b422-5edf60ee1075" testListId="8c84fa94-04c1-424b-9868-57a2d4851a1d" />
    <TestEntry testId="8d7ca2c9-b3cf-30ae-4c19-2b7403dbc12d" executionId="2f8c5899-04ac-4c2d-bf34-4c7e3c54498b" testListId="8c84fa94-04c1-424b-9868-57a2d4851a1d" />
    <TestEntry testId="49979d3a-e1d2-5f03-e0bd-673398ea7f72" executionId="a29864d6-7d0f-4144-a385-74ea03c1610a" testListId="8c84fa94-04c1-424b-9868-57a2d4851a1d" />
    <TestEntry testId="014e5030-c389-ff68-4155-fe9715557a2a" executionId="610fe076-4231-4a67-9aa7-ff66c2bc3d81" testListId="8c84fa94-04c1-424b-9868-57a2d4851a1d" />
    <TestEntry testId="20ee62e4-e0eb-9ae0-d74b-aed776cdcbd2" executionId="654bbf8e-3408-40b6-8612-7994476815a5" testListId="8c84fa94-04c1-424b-9868-57a2d4851a1d" />
    <TestEntry testId="4ecc95e6-ba46-6c43-9e60-283c001ee09f" executionId="fb10f9c1-6fb9-45c2-a8ac-bd7d0af9fc28" testListId="8c84fa94-04c1-424b-9868-57a2d4851a1d" />
    <TestEntry testId="3a3957a9-a0a7-6533-7b98-0250b27cce48" executionId="31799030-e5e6-4ac4-98a5-4dc58fd03246" testListId="8c84fa94-04c1-424b-9868-57a2d4851a1d" />
    <TestEntry testId="5e1646b7-ef52-ebed-6081-77735a28485d" executionId="a7baf31d-0029-4bcd-8bfc-e18dec2de2e9" testListId="8c84fa94-04c1-424b-9868-57a2d4851a1d" />
    <TestEntry testId="f2e5722b-8870-f59e-35d9-f47c8c042a79" executionId="0088a3b4-3840-484a-b5ae-f5b54de256a9" testListId="8c84fa94-04c1-424b-9868-57a2d4851a1d" />
    <TestEntry testId="6209e311-c6ba-f949-974f-6c3888ef1430" executionId="31a48c27-eeb6-467c-9e71-c3a055f10135" testListId="8c84fa94-04c1-424b-9868-57a2d4851a1d" />
    <TestEntry testId="a50f3e05-713b-770f-6c97-cd3a3825956c" executionId="47c08a4f-9861-49a3-9c15-d3690b7478d0" testListId="8c84fa94-04c1-424b-9868-57a2d4851a1d" />
    <TestEntry testId="9675b8ec-e9e4-d258-d325-201e86a4e2c6" executionId="6241e1a0-eda7-423c-84d8-f1d5aca0c3a6" testListId="8c84fa94-04c1-424b-9868-57a2d4851a1d" />
    <TestEntry testId="6c944626-d838-91d8-815d-576ccfb4931a" executionId="0ee6d899-f941-4f93-a0f0-15758b56a5e3" testListId="8c84fa94-04c1-424b-9868-57a2d4851a1d" />
    <TestEntry testId="9025f353-f4d8-b28f-cb81-3ed0a5ab0ccd" executionId="bbbb7729-e79e-40f7-9505-d1784853d7fb" testListId="8c84fa94-04c1-424b-9868-57a2d4851a1d" />
    <TestEntry testId="00b2b8b4-7367-a76f-e99d-c22f8cef580d" executionId="c628a610-e1fe-4886-b652-3a91f04a0e37" testListId="8c84fa94-04c1-424b-9868-57a2d4851a1d" />
    <TestEntry testId="f50e7700-9f0d-313e-eef1-47708e04b72a" executionId="bb52bf00-9d28-4246-ae6b-19cb01e60cca" testListId="8c84fa94-04c1-424b-9868-57a2d4851a1d" />
    <TestEntry testId="60aca83b-1ae0-f35a-8e3c-b453f963a625" executionId="beb88233-2611-4a5d-9a36-3b9e3445fdc5" testListId="8c84fa94-04c1-424b-9868-57a2d4851a1d" />
    <TestEntry testId="aa8582bc-71d8-c1f6-eeb0-cc8f15fff8a6" executionId="50780a6d-1f56-4068-8678-a56e7619744b" testListId="8c84fa94-04c1-424b-9868-57a2d4851a1d" />
    <TestEntry testId="b91d58e9-2ec3-4514-21e5-0037752a8096" executionId="bb84d99a-3ee5-41b6-b07f-bc8fac2ef411" testListId="8c84fa94-04c1-424b-9868-57a2d4851a1d" />
    <TestEntry testId="f9c4d39d-53d8-9efc-9fd0-bf7323abe03b" executionId="b0e4fc10-5aa7-4b7f-bf43-666b4fc5bf5b" testListId="8c84fa94-04c1-424b-9868-57a2d4851a1d" />
    <TestEntry testId="63442ac7-39ba-7f15-56b5-967d85ab2ec8" executionId="f9b3ccce-c15b-44cc-a22f-298bf050367d" testListId="8c84fa94-04c1-424b-9868-57a2d4851a1d" />
    <TestEntry testId="0ed42e33-7fb1-1664-74ac-e77817d5b73e" executionId="3d759526-6abb-45f3-a241-80d82d9381b9" testListId="8c84fa94-04c1-424b-9868-57a2d4851a1d" />
    <TestEntry testId="e7948784-b806-5d26-5ff0-4bfd23508e8b" executionId="e01561a4-e49a-4948-a468-8f5d21ed573b" testListId="8c84fa94-04c1-424b-9868-57a2d4851a1d" />
    <TestEntry testId="866df68a-9d27-f0de-6dd1-4cb7b3b01855" executionId="fcf74e9a-18ed-4a4a-8aa4-7e2a30c32a35" testListId="8c84fa94-04c1-424b-9868-57a2d4851a1d" />
    <TestEntry testId="9f6aa657-12cd-6ad4-f670-893bb147f3fd" executionId="000c2c92-01e6-4bcd-b3e1-bb7bbb2d3e8c" testListId="8c84fa94-04c1-424b-9868-57a2d4851a1d" />
    <TestEntry testId="d3e77924-4016-4152-7f79-8dc9186ad463" executionId="aa9bcc02-23d1-4bc1-88e6-83dae4bde200" testListId="8c84fa94-04c1-424b-9868-57a2d4851a1d" />
    <TestEntry testId="49d5b1cd-7bfa-2c29-c9f4-53b3b0c5b16d" executionId="c63f55cd-d127-4c18-9cb5-807a6dd9d193" testListId="8c84fa94-04c1-424b-9868-57a2d4851a1d" />
    <TestEntry testId="72a08158-2638-0b5d-cd7e-2068b6a126a0" executionId="d90988d0-93dd-4fc6-9ce0-c3ffa85636ca" testListId="8c84fa94-04c1-424b-9868-57a2d4851a1d" />
    <TestEntry testId="b69e51a0-4aa7-20eb-f889-d6c3ecbb8481" executionId="616efddd-2053-4280-a9f9-83089609e309" testListId="8c84fa94-04c1-424b-9868-57a2d4851a1d" />
    <TestEntry testId="1c536f5d-0a0b-82b0-6d75-2c11e6a77c32" executionId="b819cb45-d0f7-49a6-a158-b4d8f07dd35a" testListId="8c84fa94-04c1-424b-9868-57a2d4851a1d" />
    <TestEntry testId="4d0d2e66-a27f-f61e-012b-266ace67c02d" executionId="3d5aa1d7-38ff-4435-8c89-16baa2710ba2" testListId="8c84fa94-04c1-424b-9868-57a2d4851a1d" />
    <TestEntry testId="26ca35b8-921c-80b2-f0b6-4e326829e7f0" executionId="d6fdaf1a-5d7d-457a-afe8-788f65686cf1" testListId="8c84fa94-04c1-424b-9868-57a2d4851a1d" />
    <TestEntry testId="ecc5553e-4ca1-7197-cefe-23263e69c6b2" executionId="7770ec0b-bf6b-4fe3-bb56-59b0f11534cb" testListId="8c84fa94-04c1-424b-9868-57a2d4851a1d" />
    <TestEntry testId="3c365a04-3c27-fa59-a256-fbf4f6a69654" executionId="400ce98a-afac-4819-9ea4-bb5bab7b936a" testListId="8c84fa94-04c1-424b-9868-57a2d4851a1d" />
    <TestEntry testId="8ce576cd-4da6-8600-e5f7-7c2c3c52dc13" executionId="926ed5e2-3db8-4fd3-bd43-a744f1217def" testListId="8c84fa94-04c1-424b-9868-57a2d4851a1d" />
    <TestEntry testId="d79a2eed-d99c-9a4b-b557-509ea35c5a70" executionId="c342d01a-22f4-45b2-b749-ee79210e09c5" testListId="8c84fa94-04c1-424b-9868-57a2d4851a1d" />
    <TestEntry testId="a348b9e8-73bc-4a94-2fa8-aceda0f5f2ff" executionId="06695922-5914-4edd-a7ef-65637caf2a6b" testListId="8c84fa94-04c1-424b-9868-57a2d4851a1d" />
    <TestEntry testId="2605b7a9-17f3-40f9-1c3d-ea366e2444e0" executionId="84db0fc7-4d18-4539-a5bc-8a6efb7ba7c5" testListId="8c84fa94-04c1-424b-9868-57a2d4851a1d" />
    <TestEntry testId="f2b4fa43-56de-57cb-b8a8-05a2d9cd0d21" executionId="ec3031dc-18d6-4124-9cc2-66023b1ca9a1" testListId="8c84fa94-04c1-424b-9868-57a2d4851a1d" />
    <TestEntry testId="3ccd6e78-e516-b09e-3921-debfe7a1fd2d" executionId="72a599d4-28a7-4149-8013-a8352a7f7892" testListId="8c84fa94-04c1-424b-9868-57a2d4851a1d" />
    <TestEntry testId="06739a7a-2e22-c362-1c33-7eb2174ed840" executionId="344eea8e-9055-41cd-948d-1234df193c8b" testListId="8c84fa94-04c1-424b-9868-57a2d4851a1d" />
    <TestEntry testId="025367b8-7b7b-638d-bc74-6d7181e833be" executionId="b9537e27-7842-4a70-b44b-06e6407d46d3" testListId="8c84fa94-04c1-424b-9868-57a2d4851a1d" />
    <TestEntry testId="76610f22-7881-2fbf-7de0-f7c3cfbc7c2a" executionId="1c2a8ea8-5d47-4054-b4f9-274b8642005a" testListId="8c84fa94-04c1-424b-9868-57a2d4851a1d" />
    <TestEntry testId="cf5003dd-35cc-0237-badf-166cbce58526" executionId="c50c6630-5834-4d95-8d71-71fffc2fe741" testListId="8c84fa94-04c1-424b-9868-57a2d4851a1d" />
    <TestEntry testId="d4be12eb-616e-e02f-7b18-b9be8d6381fc" executionId="c2bbe435-eaa2-4404-8337-0d4499808424" testListId="8c84fa94-04c1-424b-9868-57a2d4851a1d" />
    <TestEntry testId="e32b975c-92b1-57a5-74cb-b4323f788c62" executionId="cccbd636-cc71-4f93-95c3-986002474a3c" testListId="8c84fa94-04c1-424b-9868-57a2d4851a1d" />
    <TestEntry testId="722e496e-f90e-237d-4a88-01c107fc6c39" executionId="a00b4dad-1bcf-4e7e-bba5-f7ec17256936" testListId="8c84fa94-04c1-424b-9868-57a2d4851a1d" />
    <TestEntry testId="5a0728c9-eb2a-e2f2-6bfe-0e9bb82c1274" executionId="93a23b62-2d6a-4512-8312-84d153268fa7" testListId="8c84fa94-04c1-424b-9868-57a2d4851a1d" />
    <TestEntry testId="2a3f52fa-a7c3-f950-dad7-0c8f2a031ddd" executionId="f8cdc6bd-4886-44be-8aa7-e8e00b003500" testListId="8c84fa94-04c1-424b-9868-57a2d4851a1d" />
    <TestEntry testId="93335ceb-0442-e49f-8935-d56fb125e9f6" executionId="132d2dd7-99dd-4fbc-9ac1-2d17d385c476" testListId="8c84fa94-04c1-424b-9868-57a2d4851a1d" />
    <TestEntry testId="a88ab99e-1425-8bb1-6a64-ba678e5bbfbe" executionId="d1f72289-9df0-4a67-91e2-990097b8381a" testListId="8c84fa94-04c1-424b-9868-57a2d4851a1d" />
    <TestEntry testId="7766ed99-e9a2-6bc5-91ea-62f174762ee4" executionId="371c7e1e-d13c-4997-925e-0e3d23facde2" testListId="8c84fa94-04c1-424b-9868-57a2d4851a1d" />
    <TestEntry testId="37b14a49-fd16-cc8b-49cb-743405980b65" executionId="a8b0b879-ceae-43c5-954b-e878b679f88e" testListId="8c84fa94-04c1-424b-9868-57a2d4851a1d" />
    <TestEntry testId="bfa97f1d-12c5-9fc0-635b-57410ade2d36" executionId="4e92a6bd-24ef-40c5-8248-2fb0e3097991" testListId="8c84fa94-04c1-424b-9868-57a2d4851a1d" />
  </TestEntries>
  <TestLists>
    <TestList name="Results Not in a List" id="8c84fa94-04c1-424b-9868-57a2d4851a1d" />
    <TestList name="All Loaded Results" id="19431567-8539-422a-85d7-44ee4e166bda" />
  </TestLists>
  <ResultSummary outcome="Failed">
    <Counters total="107" executed="107" passed="106" failed="1" error="0" timeout="0" aborted="0" inconclusive="0" passedButRunAborted="0" notRunnable="0" notExecuted="0" disconnected="0" warning="0" completed="0" inProgress="0" pending="0" />
    <Output>
      <StdOut>[xUnit.net 00:00:00.00] xUnit.net VSTest Adapter v2.4.5+1caef2f33e (64-bit .NET 8.0.19)
[xUnit.net 00:00:00.79]   Discovering: EpisodeIdentifier.Tests.Integration
[xUnit.net 00:00:00.85]   Discovered:  EpisodeIdentifier.Tests.Integration
[xUnit.net 00:00:00.85]   Starting:    EpisodeIdentifier.Tests.Integration
[xUnit.net 00:00:02.26]       Expected concurrentStopwatch.ElapsedMilliseconds to be less than 6L because Concurrent operations should not be more than 3x slower than sequential, but found 28L (difference of 22).
[xUnit.net 00:00:02.26]       Stack Trace:
[xUnit.net 00:00:02.26]            at FluentAssertions.Execution.XUnit2TestFramework.Throw(String message)
[xUnit.net 00:00:02.27]            at FluentAssertions.Execution.TestFrameworkProvider.Throw(String message)
[xUnit.net 00:00:02.27]            at FluentAssertions.Execution.DefaultAssertionStrategy.HandleFailure(String message)
[xUnit.net 00:00:02.27]            at FluentAssertions.Execution.AssertionScope.FailWith(Func`1 failReasonFunc)
[xUnit.net 00:00:02.27]            at FluentAssertions.Execution.AssertionScope.FailWith(Func`1 failReasonFunc)
[xUnit.net 00:00:02.27]            at FluentAssertions.Execution.AssertionScope.FailWith(String message, Object[] args)
[xUnit.net 00:00:02.27]            at FluentAssertions.Numeric.NumericAssertions`2.BeLessThan(T expected, String because, Object[] becauseArgs)
[xUnit.net 00:00:02.27]         /mnt/c/Users/Ragma/KnowShow_Specd/tests/integration/DatabaseConnectionPoolingTests.cs(139,0): at EpisodeIdentifier.Tests.Integration.DatabaseConnectionPoolingTests.SequentialVsConcurrent_DatabaseOperations_PerformanceComparison()
[xUnit.net 00:00:02.27]         --- End of stack trace from previous location ---
[xUnit.net 00:00:05.08]   Finished:    EpisodeIdentifier.Tests.Integration
</StdOut>
    </Output>
    <RunInfos>
      <RunInfo computerName="Freebie" outcome="Error" timestamp="2025-09-17T21:48:38.0639901-07:00">
        <Text>[xUnit.net 00:00:02.26]     EpisodeIdentifier.Tests.Integration.DatabaseConnectionPoolingTests.SequentialVsConcurrent_DatabaseOperations_PerformanceComparison [FAIL]</Text>
      </RunInfo>
    </RunInfos>
  </ResultSummary>
</TestRun>